{"C:\\Users\\ozodb\\Desktop\\loyihalar\\universal.uz\\server\\src\\config\\index.js": {"path":"C:\\Users\\ozodb\\Desktop\\loyihalar\\universal.uz\\server\\src\\config\\index.js","statementMap":{"0":{"start":{"line":6,"column":0},"end":{"line":6,"column":27}},"1":{"start":{"line":8,"column":15},"end":{"line":66,"column":1}},"2":{"start":{"line":69,"column":23},"end":{"line":89,"column":1}},"3":{"start":{"line":70,"column":17},"end":{"line":70,"column":19}},"4":{"start":{"line":72,"column":2},"end":{"line":74,"column":3}},"5":{"start":{"line":73,"column":4},"end":{"line":73,"column":67}},"6":{"start":{"line":76,"column":2},"end":{"line":78,"column":3}},"7":{"start":{"line":77,"column":4},"end":{"line":77,"column":69}},"8":{"start":{"line":80,"column":2},"end":{"line":82,"column":3}},"9":{"start":{"line":81,"column":4},"end":{"line":81,"column":68}},"10":{"start":{"line":84,"column":2},"end":{"line":88,"column":3}},"11":{"start":{"line":85,"column":4},"end":{"line":85,"column":45}},"12":{"start":{"line":86,"column":4},"end":{"line":86,"column":59}},"13":{"start":{"line":86,"column":28},"end":{"line":86,"column":57}},"14":{"start":{"line":87,"column":4},"end":{"line":87,"column":20}},"15":{"start":{"line":92,"column":0},"end":{"line":94,"column":1}},"16":{"start":{"line":93,"column":2},"end":{"line":93,"column":19}},"17":{"start":{"line":96,"column":0},"end":{"line":96,"column":24}}},"fnMap":{"0":{"name":"(anonymous_0)","decl":{"start":{"line":69,"column":23},"end":{"line":69,"column":24}},"loc":{"start":{"line":69,"column":29},"end":{"line":89,"column":1}},"line":69},"1":{"name":"(anonymous_1)","decl":{"start":{"line":86,"column":19},"end":{"line":86,"column":20}},"loc":{"start":{"line":86,"column":28},"end":{"line":86,"column":57}},"line":86}},"branchMap":{"0":{"loc":{"start":{"line":11,"column":10},"end":{"line":11,"column":34}},"type":"binary-expr","locations":[{"start":{"line":11,"column":10},"end":{"line":11,"column":26}},{"start":{"line":11,"column":30},"end":{"line":11,"column":34}}],"line":11},"1":{"loc":{"start":{"line":12,"column":9},"end":{"line":12,"column":46}},"type":"binary-expr","locations":[{"start":{"line":12,"column":9},"end":{"line":12,"column":29}},{"start":{"line":12,"column":33},"end":{"line":12,"column":46}}],"line":12},"2":{"loc":{"start":{"line":13,"column":16},"end":{"line":13,"column":65}},"type":"binary-expr","locations":[{"start":{"line":13,"column":16},"end":{"line":13,"column":38}},{"start":{"line":13,"column":42},"end":{"line":13,"column":65}}],"line":13},"3":{"loc":{"start":{"line":18,"column":9},"end":{"line":18,"column":76}},"type":"binary-expr","locations":[{"start":{"line":18,"column":9},"end":{"line":18,"column":32}},{"start":{"line":18,"column":36},"end":{"line":18,"column":76}}],"line":18},"4":{"loc":{"start":{"line":72,"column":2},"end":{"line":74,"column":3}},"type":"if","locations":[{"start":{"line":72,"column":2},"end":{"line":74,"column":3}},{"start":{},"end":{}}],"line":72},"5":{"loc":{"start":{"line":76,"column":2},"end":{"line":78,"column":3}},"type":"if","locations":[{"start":{"line":76,"column":2},"end":{"line":78,"column":3}},{"start":{},"end":{}}],"line":76},"6":{"loc":{"start":{"line":80,"column":2},"end":{"line":82,"column":3}},"type":"if","locations":[{"start":{"line":80,"column":2},"end":{"line":82,"column":3}},{"start":{},"end":{}}],"line":80},"7":{"loc":{"start":{"line":84,"column":2},"end":{"line":88,"column":3}},"type":"if","locations":[{"start":{"line":84,"column":2},"end":{"line":88,"column":3}},{"start":{},"end":{}}],"line":84},"8":{"loc":{"start":{"line":92,"column":0},"end":{"line":94,"column":1}},"type":"if","locations":[{"start":{"line":92,"column":0},"end":{"line":94,"column":1}},{"start":{},"end":{}}],"line":92}},"s":{"0":1,"1":1,"2":1,"3":0,"4":0,"5":0,"6":0,"7":0,"8":0,"9":0,"10":0,"11":0,"12":0,"13":0,"14":0,"15":1,"16":0,"17":1},"f":{"0":0,"1":0},"b":{"0":[1,0],"1":[1,0],"2":[1,0],"3":[1,0],"4":[0,0],"5":[0,0],"6":[0,0],"7":[0,0],"8":[0,1]},"_coverageSchema":"1a1c01bbd47fc00a2c39e90264f33305004495a9","hash":"4206baa29659aae4891c738e5c50d44fa12227e5"}
,"C:\\Users\\ozodb\\Desktop\\loyihalar\\universal.uz\\server\\src\\controllers\\product.controller.js": {"path":"C:\\Users\\ozodb\\Desktop\\loyihalar\\universal.uz\\server\\src\\controllers\\product.controller.js","statementMap":{"0":{"start":{"line":6,"column":23},"end":{"line":6,"column":61}},"1":{"start":{"line":7,"column":25},"end":{"line":7,"column":57}},"2":{"start":{"line":15,"column":16},"end":{"line":23,"column":4}},"3":{"start":{"line":16,"column":21},"end":{"line":16,"column":64}},"4":{"start":{"line":18,"column":4},"end":{"line":22,"column":7}},"5":{"start":{"line":30,"column":19},"end":{"line":37,"column":4}},"6":{"start":{"line":31,"column":20},"end":{"line":31,"column":70}},"7":{"start":{"line":33,"column":4},"end":{"line":36,"column":7}},"8":{"start":{"line":44,"column":18},"end":{"line":52,"column":4}},"9":{"start":{"line":45,"column":20},"end":{"line":45,"column":77}},"10":{"start":{"line":47,"column":4},"end":{"line":51,"column":7}},"11":{"start":{"line":59,"column":18},"end":{"line":71,"column":4}},"12":{"start":{"line":60,"column":20},"end":{"line":64,"column":5}},"13":{"start":{"line":66,"column":4},"end":{"line":70,"column":7}},"14":{"start":{"line":78,"column":18},"end":{"line":85,"column":4}},"15":{"start":{"line":79,"column":19},"end":{"line":79,"column":81}},"16":{"start":{"line":81,"column":4},"end":{"line":84,"column":7}},"17":{"start":{"line":92,"column":16},"end":{"line":99,"column":4}},"18":{"start":{"line":93,"column":19},"end":{"line":93,"column":74}},"19":{"start":{"line":95,"column":4},"end":{"line":98,"column":7}},"20":{"start":{"line":106,"column":14},"end":{"line":113,"column":4}},"21":{"start":{"line":107,"column":19},"end":{"line":107,"column":72}},"22":{"start":{"line":109,"column":4},"end":{"line":112,"column":7}},"23":{"start":{"line":116,"column":0},"end":{"line":116,"column":41}}},"fnMap":{"0":{"name":"(anonymous_0)","decl":{"start":{"line":15,"column":29},"end":{"line":15,"column":30}},"loc":{"start":{"line":15,"column":49},"end":{"line":23,"column":3}},"line":15},"1":{"name":"(anonymous_1)","decl":{"start":{"line":30,"column":32},"end":{"line":30,"column":33}},"loc":{"start":{"line":30,"column":52},"end":{"line":37,"column":3}},"line":30},"2":{"name":"(anonymous_2)","decl":{"start":{"line":44,"column":31},"end":{"line":44,"column":32}},"loc":{"start":{"line":44,"column":51},"end":{"line":52,"column":3}},"line":44},"3":{"name":"(anonymous_3)","decl":{"start":{"line":59,"column":31},"end":{"line":59,"column":32}},"loc":{"start":{"line":59,"column":51},"end":{"line":71,"column":3}},"line":59},"4":{"name":"(anonymous_4)","decl":{"start":{"line":78,"column":31},"end":{"line":78,"column":32}},"loc":{"start":{"line":78,"column":51},"end":{"line":85,"column":3}},"line":78},"5":{"name":"(anonymous_5)","decl":{"start":{"line":92,"column":29},"end":{"line":92,"column":30}},"loc":{"start":{"line":92,"column":49},"end":{"line":99,"column":3}},"line":92},"6":{"name":"(anonymous_6)","decl":{"start":{"line":106,"column":27},"end":{"line":106,"column":28}},"loc":{"start":{"line":106,"column":47},"end":{"line":113,"column":3}},"line":106}},"branchMap":{},"s":{"0":0,"1":0,"2":0,"3":0,"4":0,"5":0,"6":0,"7":0,"8":0,"9":0,"10":0,"11":0,"12":0,"13":0,"14":0,"15":0,"16":0,"17":0,"18":0,"19":0,"20":0,"21":0,"22":0,"23":0},"f":{"0":0,"1":0,"2":0,"3":0,"4":0,"5":0,"6":0},"b":{}}
,"C:\\Users\\ozodb\\Desktop\\loyihalar\\universal.uz\\server\\src\\events\\inventoryEvents.js": {"path":"C:\\Users\\ozodb\\Desktop\\loyihalar\\universal.uz\\server\\src\\events\\inventoryEvents.js","statementMap":{"0":{"start":{"line":1,"column":21},"end":{"line":1,"column":38}},"1":{"start":{"line":5,"column":24},"end":{"line":5,"column":51}},"2":{"start":{"line":8,"column":15},"end":{"line":13,"column":1}},"3":{"start":{"line":15,"column":0},"end":{"line":15,"column":45}}},"fnMap":{},"branchMap":{},"s":{"0":0,"1":0,"2":0,"3":0},"f":{},"b":{}}
,"C:\\Users\\ozodb\\Desktop\\loyihalar\\universal.uz\\server\\src\\middleware\\auth.js": {"path":"C:\\Users\\ozodb\\Desktop\\loyihalar\\universal.uz\\server\\src\\middleware\\auth.js","statementMap":{"0":{"start":{"line":6,"column":12},"end":{"line":6,"column":35}},"1":{"start":{"line":7,"column":13},"end":{"line":7,"column":38}},"2":{"start":{"line":8,"column":15},"end":{"line":8,"column":35}},"3":{"start":{"line":9,"column":52},"end":{"line":9,"column":78}},"4":{"start":{"line":10,"column":15},"end":{"line":10,"column":41}},"5":{"start":{"line":15,"column":13},"end":{"line":51,"column":1}},"6":{"start":{"line":16,"column":2},"end":{"line":50,"column":3}},"7":{"start":{"line":18,"column":23},"end":{"line":18,"column":50}},"8":{"start":{"line":19,"column":4},"end":{"line":21,"column":5}},"9":{"start":{"line":20,"column":6},"end":{"line":20,"column":55}},"10":{"start":{"line":23,"column":18},"end":{"line":23,"column":51}},"11":{"start":{"line":26,"column":4},"end":{"line":29,"column":5}},"12":{"start":{"line":27,"column":6},"end":{"line":27,"column":51}},"13":{"start":{"line":28,"column":6},"end":{"line":28,"column":52}},"14":{"start":{"line":31,"column":20},"end":{"line":31,"column":56}},"15":{"start":{"line":34,"column":17},"end":{"line":34,"column":68}},"16":{"start":{"line":35,"column":4},"end":{"line":37,"column":5}},"17":{"start":{"line":36,"column":6},"end":{"line":36,"column":63}},"18":{"start":{"line":40,"column":4},"end":{"line":40,"column":20}},"19":{"start":{"line":41,"column":4},"end":{"line":41,"column":11}},"20":{"start":{"line":43,"column":4},"end":{"line":45,"column":5}},"21":{"start":{"line":44,"column":6},"end":{"line":44,"column":61}},"22":{"start":{"line":46,"column":4},"end":{"line":48,"column":5}},"23":{"start":{"line":47,"column":6},"end":{"line":47,"column":68}},"24":{"start":{"line":49,"column":4},"end":{"line":49,"column":16}},"25":{"start":{"line":56,"column":18},"end":{"line":74,"column":1}},"26":{"start":{"line":57,"column":2},"end":{"line":73,"column":4}},"27":{"start":{"line":58,"column":4},"end":{"line":60,"column":5}},"28":{"start":{"line":59,"column":6},"end":{"line":59,"column":45}},"29":{"start":{"line":62,"column":4},"end":{"line":70,"column":5}},"30":{"start":{"line":63,"column":6},"end":{"line":68,"column":9}},"31":{"start":{"line":69,"column":6},"end":{"line":69,"column":83}},"32":{"start":{"line":72,"column":4},"end":{"line":72,"column":11}},"33":{"start":{"line":79,"column":21},"end":{"line":98,"column":1}},"34":{"start":{"line":80,"column":2},"end":{"line":96,"column":3}},"35":{"start":{"line":81,"column":23},"end":{"line":81,"column":50}},"36":{"start":{"line":82,"column":4},"end":{"line":84,"column":5}},"37":{"start":{"line":83,"column":6},"end":{"line":83,"column":20}},"38":{"start":{"line":86,"column":18},"end":{"line":86,"column":51}},"39":{"start":{"line":87,"column":20},"end":{"line":87,"column":56}},"40":{"start":{"line":88,"column":17},"end":{"line":88,"column":68}},"41":{"start":{"line":90,"column":4},"end":{"line":92,"column":5}},"42":{"start":{"line":91,"column":6},"end":{"line":91,"column":22}},"43":{"start":{"line":95,"column":4},"end":{"line":95,"column":57}},"44":{"start":{"line":97,"column":2},"end":{"line":97,"column":9}},"45":{"start":{"line":100,"column":0},"end":{"line":100,"column":51}}},"fnMap":{"0":{"name":"(anonymous_0)","decl":{"start":{"line":15,"column":13},"end":{"line":15,"column":14}},"loc":{"start":{"line":15,"column":39},"end":{"line":51,"column":1}},"line":15},"1":{"name":"(anonymous_1)","decl":{"start":{"line":56,"column":18},"end":{"line":56,"column":19}},"loc":{"start":{"line":56,"column":32},"end":{"line":74,"column":1}},"line":56},"2":{"name":"(anonymous_2)","decl":{"start":{"line":57,"column":9},"end":{"line":57,"column":10}},"loc":{"start":{"line":57,"column":29},"end":{"line":73,"column":3}},"line":57},"3":{"name":"(anonymous_3)","decl":{"start":{"line":79,"column":21},"end":{"line":79,"column":22}},"loc":{"start":{"line":79,"column":47},"end":{"line":98,"column":1}},"line":79}},"branchMap":{"0":{"loc":{"start":{"line":19,"column":4},"end":{"line":21,"column":5}},"type":"if","locations":[{"start":{"line":19,"column":4},"end":{"line":21,"column":5}},{"start":{},"end":{}}],"line":19},"1":{"loc":{"start":{"line":19,"column":8},"end":{"line":19,"column":56}},"type":"binary-expr","locations":[{"start":{"line":19,"column":8},"end":{"line":19,"column":19}},{"start":{"line":19,"column":23},"end":{"line":19,"column":56}}],"line":19},"2":{"loc":{"start":{"line":26,"column":4},"end":{"line":29,"column":5}},"type":"if","locations":[{"start":{"line":26,"column":4},"end":{"line":29,"column":5}},{"start":{},"end":{}}],"line":26},"3":{"loc":{"start":{"line":35,"column":4},"end":{"line":37,"column":5}},"type":"if","locations":[{"start":{"line":35,"column":4},"end":{"line":37,"column":5}},{"start":{},"end":{}}],"line":35},"4":{"loc":{"start":{"line":43,"column":4},"end":{"line":45,"column":5}},"type":"if","locations":[{"start":{"line":43,"column":4},"end":{"line":45,"column":5}},{"start":{},"end":{}}],"line":43},"5":{"loc":{"start":{"line":46,"column":4},"end":{"line":48,"column":5}},"type":"if","locations":[{"start":{"line":46,"column":4},"end":{"line":48,"column":5}},{"start":{},"end":{}}],"line":46},"6":{"loc":{"start":{"line":58,"column":4},"end":{"line":60,"column":5}},"type":"if","locations":[{"start":{"line":58,"column":4},"end":{"line":60,"column":5}},{"start":{},"end":{}}],"line":58},"7":{"loc":{"start":{"line":62,"column":4},"end":{"line":70,"column":5}},"type":"if","locations":[{"start":{"line":62,"column":4},"end":{"line":70,"column":5}},{"start":{},"end":{}}],"line":62},"8":{"loc":{"start":{"line":82,"column":4},"end":{"line":84,"column":5}},"type":"if","locations":[{"start":{"line":82,"column":4},"end":{"line":84,"column":5}},{"start":{},"end":{}}],"line":82},"9":{"loc":{"start":{"line":82,"column":8},"end":{"line":82,"column":56}},"type":"binary-expr","locations":[{"start":{"line":82,"column":8},"end":{"line":82,"column":19}},{"start":{"line":82,"column":23},"end":{"line":82,"column":56}}],"line":82},"10":{"loc":{"start":{"line":90,"column":4},"end":{"line":92,"column":5}},"type":"if","locations":[{"start":{"line":90,"column":4},"end":{"line":92,"column":5}},{"start":{},"end":{}}],"line":90}},"s":{"0":0,"1":0,"2":0,"3":0,"4":0,"5":0,"6":0,"7":0,"8":0,"9":0,"10":0,"11":0,"12":0,"13":0,"14":0,"15":0,"16":0,"17":0,"18":0,"19":0,"20":0,"21":0,"22":0,"23":0,"24":0,"25":0,"26":0,"27":0,"28":0,"29":0,"30":0,"31":0,"32":0,"33":0,"34":0,"35":0,"36":0,"37":0,"38":0,"39":0,"40":0,"41":0,"42":0,"43":0,"44":0,"45":0},"f":{"0":0,"1":0,"2":0,"3":0},"b":{"0":[0,0],"1":[0,0],"2":[0,0],"3":[0,0],"4":[0,0],"5":[0,0],"6":[0,0],"7":[0,0],"8":[0,0],"9":[0,0],"10":[0,0]}}
,"C:\\Users\\ozodb\\Desktop\\loyihalar\\universal.uz\\server\\src\\middleware\\errorHandler.js": {"path":"C:\\Users\\ozodb\\Desktop\\loyihalar\\universal.uz\\server\\src\\middleware\\errorHandler.js","statementMap":{"0":{"start":{"line":6,"column":15},"end":{"line":6,"column":41}},"1":{"start":{"line":7,"column":21},"end":{"line":7,"column":47}},"2":{"start":{"line":9,"column":21},"end":{"line":82,"column":1}},"3":{"start":{"line":10,"column":14},"end":{"line":10,"column":24}},"4":{"start":{"line":11,"column":2},"end":{"line":11,"column":30}},"5":{"start":{"line":12,"column":2},"end":{"line":12,"column":26}},"6":{"start":{"line":15,"column":2},"end":{"line":22,"column":5}},"7":{"start":{"line":25,"column":2},"end":{"line":27,"column":3}},"8":{"start":{"line":26,"column":4},"end":{"line":26,"column":70}},"9":{"start":{"line":30,"column":2},"end":{"line":38,"column":3}},"10":{"start":{"line":31,"column":18},"end":{"line":31,"column":48}},"11":{"start":{"line":32,"column":18},"end":{"line":32,"column":37}},"12":{"start":{"line":33,"column":4},"end":{"line":37,"column":6}},"13":{"start":{"line":41,"column":2},"end":{"line":48,"column":3}},"14":{"start":{"line":42,"column":19},"end":{"line":45,"column":7}},"15":{"start":{"line":42,"column":55},"end":{"line":45,"column":5}},"16":{"start":{"line":46,"column":4},"end":{"line":46,"column":72}},"17":{"start":{"line":47,"column":4},"end":{"line":47,"column":26}},"18":{"start":{"line":51,"column":2},"end":{"line":53,"column":3}},"19":{"start":{"line":52,"column":4},"end":{"line":52,"column":65}},"20":{"start":{"line":55,"column":2},"end":{"line":57,"column":3}},"21":{"start":{"line":56,"column":4},"end":{"line":56,"column":72}},"22":{"start":{"line":60,"column":2},"end":{"line":66,"column":3}},"23":{"start":{"line":61,"column":4},"end":{"line":65,"column":5}},"24":{"start":{"line":62,"column":6},"end":{"line":62,"column":75}},"25":{"start":{"line":64,"column":6},"end":{"line":64,"column":76}},"26":{"start":{"line":69,"column":21},"end":{"line":69,"column":44}},"27":{"start":{"line":70,"column":20},"end":{"line":70,"column":62}},"28":{"start":{"line":73,"column":2},"end":{"line":81,"column":5}},"29":{"start":{"line":85,"column":0},"end":{"line":91,"column":3}},"30":{"start":{"line":86,"column":2},"end":{"line":86,"column":52}},"31":{"start":{"line":88,"column":2},"end":{"line":90,"column":3}},"32":{"start":{"line":89,"column":4},"end":{"line":89,"column":20}},"33":{"start":{"line":94,"column":0},"end":{"line":97,"column":3}},"34":{"start":{"line":95,"column":2},"end":{"line":95,"column":43}},"35":{"start":{"line":96,"column":2},"end":{"line":96,"column":18}},"36":{"start":{"line":99,"column":0},"end":{"line":99,"column":30}}},"fnMap":{"0":{"name":"(anonymous_0)","decl":{"start":{"line":9,"column":21},"end":{"line":9,"column":22}},"loc":{"start":{"line":9,"column":46},"end":{"line":82,"column":1}},"line":9},"1":{"name":"(anonymous_1)","decl":{"start":{"line":42,"column":49},"end":{"line":42,"column":50}},"loc":{"start":{"line":42,"column":55},"end":{"line":45,"column":5}},"line":42},"2":{"name":"(anonymous_2)","decl":{"start":{"line":85,"column":33},"end":{"line":85,"column":34}},"loc":{"start":{"line":85,"column":42},"end":{"line":91,"column":1}},"line":85},"3":{"name":"(anonymous_3)","decl":{"start":{"line":94,"column":32},"end":{"line":94,"column":33}},"loc":{"start":{"line":94,"column":41},"end":{"line":97,"column":1}},"line":94}},"branchMap":{"0":{"loc":{"start":{"line":25,"column":2},"end":{"line":27,"column":3}},"type":"if","locations":[{"start":{"line":25,"column":2},"end":{"line":27,"column":3}},{"start":{},"end":{}}],"line":25},"1":{"loc":{"start":{"line":30,"column":2},"end":{"line":38,"column":3}},"type":"if","locations":[{"start":{"line":30,"column":2},"end":{"line":38,"column":3}},{"start":{},"end":{}}],"line":30},"2":{"loc":{"start":{"line":41,"column":2},"end":{"line":48,"column":3}},"type":"if","locations":[{"start":{"line":41,"column":2},"end":{"line":48,"column":3}},{"start":{},"end":{}}],"line":41},"3":{"loc":{"start":{"line":51,"column":2},"end":{"line":53,"column":3}},"type":"if","locations":[{"start":{"line":51,"column":2},"end":{"line":53,"column":3}},{"start":{},"end":{}}],"line":51},"4":{"loc":{"start":{"line":55,"column":2},"end":{"line":57,"column":3}},"type":"if","locations":[{"start":{"line":55,"column":2},"end":{"line":57,"column":3}},{"start":{},"end":{}}],"line":55},"5":{"loc":{"start":{"line":60,"column":2},"end":{"line":66,"column":3}},"type":"if","locations":[{"start":{"line":60,"column":2},"end":{"line":66,"column":3}},{"start":{},"end":{}}],"line":60},"6":{"loc":{"start":{"line":61,"column":4},"end":{"line":65,"column":5}},"type":"if","locations":[{"start":{"line":61,"column":4},"end":{"line":65,"column":5}},{"start":{"line":63,"column":11},"end":{"line":65,"column":5}}],"line":61},"7":{"loc":{"start":{"line":69,"column":21},"end":{"line":69,"column":44}},"type":"binary-expr","locations":[{"start":{"line":69,"column":21},"end":{"line":69,"column":37}},{"start":{"line":69,"column":41},"end":{"line":69,"column":44}}],"line":69},"8":{"loc":{"start":{"line":70,"column":20},"end":{"line":70,"column":62}},"type":"binary-expr","locations":[{"start":{"line":70,"column":20},"end":{"line":70,"column":35}},{"start":{"line":70,"column":39},"end":{"line":70,"column":62}}],"line":70},"9":{"loc":{"start":{"line":76,"column":15},"end":{"line":76,"column":47}},"type":"binary-expr","locations":[{"start":{"line":76,"column":15},"end":{"line":76,"column":28}},{"start":{"line":76,"column":32},"end":{"line":76,"column":47}}],"line":76},"10":{"loc":{"start":{"line":78,"column":10},"end":{"line":78,"column":50}},"type":"binary-expr","locations":[{"start":{"line":78,"column":10},"end":{"line":78,"column":22}},{"start":{"line":78,"column":26},"end":{"line":78,"column":50}}],"line":78},"11":{"loc":{"start":{"line":79,"column":10},"end":{"line":79,"column":74}},"type":"binary-expr","locations":[{"start":{"line":79,"column":10},"end":{"line":79,"column":48}},{"start":{"line":79,"column":52},"end":{"line":79,"column":74}}],"line":79},"12":{"loc":{"start":{"line":88,"column":2},"end":{"line":90,"column":3}},"type":"if","locations":[{"start":{"line":88,"column":2},"end":{"line":90,"column":3}},{"start":{},"end":{}}],"line":88}},"s":{"0":0,"1":0,"2":0,"3":0,"4":0,"5":0,"6":0,"7":0,"8":0,"9":0,"10":0,"11":0,"12":0,"13":0,"14":0,"15":0,"16":0,"17":0,"18":0,"19":0,"20":0,"21":0,"22":0,"23":0,"24":0,"25":0,"26":0,"27":0,"28":0,"29":0,"30":0,"31":0,"32":0,"33":0,"34":0,"35":0,"36":0},"f":{"0":0,"1":0,"2":0,"3":0},"b":{"0":[0,0],"1":[0,0],"2":[0,0],"3":[0,0],"4":[0,0],"5":[0,0],"6":[0,0],"7":[0,0],"8":[0,0],"9":[0,0],"10":[0,0],"11":[0,0],"12":[0,0]}}
,"C:\\Users\\ozodb\\Desktop\\loyihalar\\universal.uz\\server\\src\\middleware\\security.js": {"path":"C:\\Users\\ozodb\\Desktop\\loyihalar\\universal.uz\\server\\src\\middleware\\security.js","statementMap":{"0":{"start":{"line":6,"column":18},"end":{"line":6,"column":47}},"1":{"start":{"line":7,"column":15},"end":{"line":7,"column":32}},"2":{"start":{"line":8,"column":15},"end":{"line":8,"column":35}},"3":{"start":{"line":13,"column":19},"end":{"line":25,"column":2}},"4":{"start":{"line":30,"column":20},"end":{"line":41,"column":2}},"5":{"start":{"line":46,"column":21},"end":{"line":56,"column":2}},"6":{"start":{"line":62,"column":22},"end":{"line":79,"column":1}},"7":{"start":{"line":64,"column":2},"end":{"line":66,"column":3}},"8":{"start":{"line":65,"column":4},"end":{"line":65,"column":40}},"9":{"start":{"line":69,"column":2},"end":{"line":71,"column":3}},"10":{"start":{"line":70,"column":4},"end":{"line":70,"column":42}},"11":{"start":{"line":74,"column":2},"end":{"line":76,"column":3}},"12":{"start":{"line":75,"column":4},"end":{"line":75,"column":44}},"13":{"start":{"line":78,"column":2},"end":{"line":78,"column":9}},"14":{"start":{"line":85,"column":2},"end":{"line":87,"column":3}},"15":{"start":{"line":86,"column":4},"end":{"line":86,"column":30}},"16":{"start":{"line":89,"column":2},"end":{"line":91,"column":3}},"17":{"start":{"line":90,"column":4},"end":{"line":90,"column":49}},"18":{"start":{"line":90,"column":27},"end":{"line":90,"column":47}},"19":{"start":{"line":93,"column":20},"end":{"line":93,"column":22}},"20":{"start":{"line":94,"column":2},"end":{"line":96,"column":3}},"21":{"start":{"line":95,"column":4},"end":{"line":95,"column":43}},"22":{"start":{"line":97,"column":2},"end":{"line":97,"column":19}},"23":{"start":{"line":104,"column":2},"end":{"line":106,"column":3}},"24":{"start":{"line":105,"column":4},"end":{"line":105,"column":17}},"25":{"start":{"line":109,"column":2},"end":{"line":112,"column":32}},"26":{"start":{"line":115,"column":0},"end":{"line":120,"column":2}}},"fnMap":{"0":{"name":"(anonymous_0)","decl":{"start":{"line":62,"column":22},"end":{"line":62,"column":23}},"loc":{"start":{"line":62,"column":42},"end":{"line":79,"column":1}},"line":62},"1":{"name":"sanitizeObject","decl":{"start":{"line":84,"column":9},"end":{"line":84,"column":23}},"loc":{"start":{"line":84,"column":29},"end":{"line":98,"column":1}},"line":84},"2":{"name":"(anonymous_2)","decl":{"start":{"line":90,"column":19},"end":{"line":90,"column":20}},"loc":{"start":{"line":90,"column":27},"end":{"line":90,"column":47}},"line":90},"3":{"name":"sanitizeValue","decl":{"start":{"line":103,"column":9},"end":{"line":103,"column":22}},"loc":{"start":{"line":103,"column":30},"end":{"line":113,"column":1}},"line":103}},"branchMap":{"0":{"loc":{"start":{"line":64,"column":2},"end":{"line":66,"column":3}},"type":"if","locations":[{"start":{"line":64,"column":2},"end":{"line":66,"column":3}},{"start":{},"end":{}}],"line":64},"1":{"loc":{"start":{"line":69,"column":2},"end":{"line":71,"column":3}},"type":"if","locations":[{"start":{"line":69,"column":2},"end":{"line":71,"column":3}},{"start":{},"end":{}}],"line":69},"2":{"loc":{"start":{"line":74,"column":2},"end":{"line":76,"column":3}},"type":"if","locations":[{"start":{"line":74,"column":2},"end":{"line":76,"column":3}},{"start":{},"end":{}}],"line":74},"3":{"loc":{"start":{"line":85,"column":2},"end":{"line":87,"column":3}},"type":"if","locations":[{"start":{"line":85,"column":2},"end":{"line":87,"column":3}},{"start":{},"end":{}}],"line":85},"4":{"loc":{"start":{"line":85,"column":6},"end":{"line":85,"column":45}},"type":"binary-expr","locations":[{"start":{"line":85,"column":6},"end":{"line":85,"column":29}},{"start":{"line":85,"column":33},"end":{"line":85,"column":45}}],"line":85},"5":{"loc":{"start":{"line":89,"column":2},"end":{"line":91,"column":3}},"type":"if","locations":[{"start":{"line":89,"column":2},"end":{"line":91,"column":3}},{"start":{},"end":{}}],"line":89},"6":{"loc":{"start":{"line":104,"column":2},"end":{"line":106,"column":3}},"type":"if","locations":[{"start":{"line":104,"column":2},"end":{"line":106,"column":3}},{"start":{},"end":{}}],"line":104}},"s":{"0":0,"1":0,"2":0,"3":0,"4":0,"5":0,"6":0,"7":0,"8":0,"9":0,"10":0,"11":0,"12":0,"13":0,"14":0,"15":0,"16":0,"17":0,"18":0,"19":0,"20":0,"21":0,"22":0,"23":0,"24":0,"25":0,"26":0},"f":{"0":0,"1":0,"2":0,"3":0},"b":{"0":[0,0],"1":[0,0],"2":[0,0],"3":[0,0],"4":[0,0],"5":[0,0],"6":[0,0]}}
,"C:\\Users\\ozodb\\Desktop\\loyihalar\\universal.uz\\server\\src\\middleware\\validator.js": {"path":"C:\\Users\\ozodb\\Desktop\\loyihalar\\universal.uz\\server\\src\\middleware\\validator.js","statementMap":{"0":{"start":{"line":6,"column":12},"end":{"line":6,"column":26}},"1":{"start":{"line":7,"column":28},"end":{"line":7,"column":54}},"2":{"start":{"line":12,"column":17},"end":{"line":44,"column":1}},"3":{"start":{"line":13,"column":2},"end":{"line":43,"column":4}},"4":{"start":{"line":14,"column":30},"end":{"line":18,"column":5}},"5":{"start":{"line":20,"column":29},"end":{"line":27,"column":5}},"6":{"start":{"line":29,"column":4},"end":{"line":35,"column":5}},"7":{"start":{"line":30,"column":21},"end":{"line":33,"column":9}},"8":{"start":{"line":30,"column":50},"end":{"line":33,"column":7}},"9":{"start":{"line":34,"column":6},"end":{"line":34,"column":69}},"10":{"start":{"line":38,"column":4},"end":{"line":38,"column":38}},"11":{"start":{"line":39,"column":4},"end":{"line":39,"column":41}},"12":{"start":{"line":40,"column":4},"end":{"line":40,"column":44}},"13":{"start":{"line":42,"column":4},"end":{"line":42,"column":11}},"14":{"start":{"line":49,"column":16},"end":{"line":72,"column":1}},"15":{"start":{"line":74,"column":0},"end":{"line":78,"column":2}}},"fnMap":{"0":{"name":"(anonymous_0)","decl":{"start":{"line":12,"column":17},"end":{"line":12,"column":18}},"loc":{"start":{"line":12,"column":29},"end":{"line":44,"column":1}},"line":12},"1":{"name":"(anonymous_1)","decl":{"start":{"line":13,"column":9},"end":{"line":13,"column":10}},"loc":{"start":{"line":13,"column":29},"end":{"line":43,"column":3}},"line":13},"2":{"name":"(anonymous_2)","decl":{"start":{"line":30,"column":39},"end":{"line":30,"column":40}},"loc":{"start":{"line":30,"column":50},"end":{"line":33,"column":7}},"line":30}},"branchMap":{"0":{"loc":{"start":{"line":29,"column":4},"end":{"line":35,"column":5}},"type":"if","locations":[{"start":{"line":29,"column":4},"end":{"line":35,"column":5}},{"start":{},"end":{}}],"line":29},"1":{"loc":{"start":{"line":38,"column":15},"end":{"line":38,"column":37}},"type":"binary-expr","locations":[{"start":{"line":38,"column":15},"end":{"line":38,"column":25}},{"start":{"line":38,"column":29},"end":{"line":38,"column":37}}],"line":38},"2":{"loc":{"start":{"line":39,"column":16},"end":{"line":39,"column":40}},"type":"binary-expr","locations":[{"start":{"line":39,"column":16},"end":{"line":39,"column":27}},{"start":{"line":39,"column":31},"end":{"line":39,"column":40}}],"line":39},"3":{"loc":{"start":{"line":40,"column":17},"end":{"line":40,"column":43}},"type":"binary-expr","locations":[{"start":{"line":40,"column":17},"end":{"line":40,"column":29}},{"start":{"line":40,"column":33},"end":{"line":40,"column":43}}],"line":40}},"s":{"0":0,"1":0,"2":0,"3":0,"4":0,"5":0,"6":0,"7":0,"8":0,"9":0,"10":0,"11":0,"12":0,"13":0,"14":0,"15":0},"f":{"0":0,"1":0,"2":0},"b":{"0":[0,0],"1":[0,0],"2":[0,0],"3":[0,0]}}
,"C:\\Users\\ozodb\\Desktop\\loyihalar\\universal.uz\\server\\src\\models\\Customer.js": {"path":"C:\\Users\\ozodb\\Desktop\\loyihalar\\universal.uz\\server\\src\\models\\Customer.js","statementMap":{"0":{"start":{"line":1,"column":17},"end":{"line":1,"column":36}},"1":{"start":{"line":3,"column":30},"end":{"line":10,"column":18}},"2":{"start":{"line":12,"column":23},"end":{"line":21,"column":24}},"3":{"start":{"line":23,"column":0},"end":{"line":23,"column":60}}},"fnMap":{},"branchMap":{},"s":{"0":0,"1":0,"2":0,"3":0},"f":{},"b":{}}
,"C:\\Users\\ozodb\\Desktop\\loyihalar\\universal.uz\\server\\src\\models\\Debt.js": {"path":"C:\\Users\\ozodb\\Desktop\\loyihalar\\universal.uz\\server\\src\\models\\Debt.js","statementMap":{"0":{"start":{"line":1,"column":17},"end":{"line":1,"column":36}},"1":{"start":{"line":3,"column":22},"end":{"line":8,"column":2}},"2":{"start":{"line":10,"column":19},"end":{"line":23,"column":24}},"3":{"start":{"line":26,"column":0},"end":{"line":26,"column":56}},"4":{"start":{"line":27,"column":0},"end":{"line":27,"column":54}},"5":{"start":{"line":28,"column":0},"end":{"line":28,"column":36}},"6":{"start":{"line":29,"column":0},"end":{"line":29,"column":36}},"7":{"start":{"line":30,"column":0},"end":{"line":30,"column":44}},"8":{"start":{"line":32,"column":0},"end":{"line":32,"column":52}}},"fnMap":{},"branchMap":{},"s":{"0":0,"1":0,"2":0,"3":0,"4":0,"5":0,"6":0,"7":0,"8":0},"f":{},"b":{}}
,"C:\\Users\\ozodb\\Desktop\\loyihalar\\universal.uz\\server\\src\\models\\Order.js": {"path":"C:\\Users\\ozodb\\Desktop\\loyihalar\\universal.uz\\server\\src\\models\\Order.js","statementMap":{"0":{"start":{"line":1,"column":17},"end":{"line":1,"column":36}},"1":{"start":{"line":3,"column":24},"end":{"line":8,"column":2}},"2":{"start":{"line":10,"column":20},"end":{"line":22,"column":24}},"3":{"start":{"line":24,"column":0},"end":{"line":24,"column":54}}},"fnMap":{},"branchMap":{},"s":{"0":0,"1":0,"2":0,"3":0},"f":{},"b":{}}
,"C:\\Users\\ozodb\\Desktop\\loyihalar\\universal.uz\\server\\src\\models\\PrinterSettings.js": {"path":"C:\\Users\\ozodb\\Desktop\\loyihalar\\universal.uz\\server\\src\\models\\PrinterSettings.js","statementMap":{"0":{"start":{"line":1,"column":17},"end":{"line":1,"column":36}},"1":{"start":{"line":3,"column":30},"end":{"line":37,"column":24}},"2":{"start":{"line":40,"column":0},"end":{"line":46,"column":2}},"3":{"start":{"line":41,"column":17},"end":{"line":41,"column":37}},"4":{"start":{"line":42,"column":2},"end":{"line":44,"column":3}},"5":{"start":{"line":43,"column":4},"end":{"line":43,"column":37}},"6":{"start":{"line":45,"column":2},"end":{"line":45,"column":18}},"7":{"start":{"line":48,"column":0},"end":{"line":57,"column":2}},"8":{"start":{"line":49,"column":17},"end":{"line":49,"column":37}},"9":{"start":{"line":50,"column":2},"end":{"line":55,"column":3}},"10":{"start":{"line":51,"column":4},"end":{"line":51,"column":39}},"11":{"start":{"line":53,"column":4},"end":{"line":53,"column":34}},"12":{"start":{"line":54,"column":4},"end":{"line":54,"column":26}},"13":{"start":{"line":56,"column":2},"end":{"line":56,"column":18}},"14":{"start":{"line":59,"column":0},"end":{"line":59,"column":74}}},"fnMap":{"0":{"name":"(anonymous_0)","decl":{"start":{"line":40,"column":44},"end":{"line":40,"column":45}},"loc":{"start":{"line":40,"column":61},"end":{"line":46,"column":1}},"line":40},"1":{"name":"(anonymous_1)","decl":{"start":{"line":48,"column":47},"end":{"line":48,"column":48}},"loc":{"start":{"line":48,"column":68},"end":{"line":57,"column":1}},"line":48}},"branchMap":{"0":{"loc":{"start":{"line":42,"column":2},"end":{"line":44,"column":3}},"type":"if","locations":[{"start":{"line":42,"column":2},"end":{"line":44,"column":3}},{"start":{},"end":{}}],"line":42},"1":{"loc":{"start":{"line":50,"column":2},"end":{"line":55,"column":3}},"type":"if","locations":[{"start":{"line":50,"column":2},"end":{"line":55,"column":3}},{"start":{"line":52,"column":9},"end":{"line":55,"column":3}}],"line":50}},"s":{"0":0,"1":0,"2":0,"3":0,"4":0,"5":0,"6":0,"7":0,"8":0,"9":0,"10":0,"11":0,"12":0,"13":0,"14":0},"f":{"0":0,"1":0},"b":{"0":[0,0],"1":[0,0]}}
,"C:\\Users\\ozodb\\Desktop\\loyihalar\\universal.uz\\server\\src\\models\\Product.js": {"path":"C:\\Users\\ozodb\\Desktop\\loyihalar\\universal.uz\\server\\src\\models\\Product.js","statementMap":{"0":{"start":{"line":1,"column":17},"end":{"line":1,"column":36}},"1":{"start":{"line":3,"column":22},"end":{"line":35,"column":24}},"2":{"start":{"line":38,"column":0},"end":{"line":41,"column":3}},"3":{"start":{"line":44,"column":0},"end":{"line":44,"column":47}},"4":{"start":{"line":47,"column":0},"end":{"line":47,"column":62}},"5":{"start":{"line":50,"column":0},"end":{"line":50,"column":39}},"6":{"start":{"line":53,"column":0},"end":{"line":53,"column":52}},"7":{"start":{"line":56,"column":0},"end":{"line":64,"column":3}},"8":{"start":{"line":57,"column":2},"end":{"line":59,"column":3}},"9":{"start":{"line":58,"column":4},"end":{"line":58,"column":33}},"10":{"start":{"line":60,"column":2},"end":{"line":62,"column":3}},"11":{"start":{"line":61,"column":4},"end":{"line":61,"column":33}},"12":{"start":{"line":63,"column":2},"end":{"line":63,"column":9}},"13":{"start":{"line":67,"column":0},"end":{"line":76,"column":3}},"14":{"start":{"line":68,"column":17},"end":{"line":68,"column":33}},"15":{"start":{"line":69,"column":2},"end":{"line":71,"column":3}},"16":{"start":{"line":70,"column":4},"end":{"line":70,"column":37}},"17":{"start":{"line":72,"column":2},"end":{"line":74,"column":3}},"18":{"start":{"line":73,"column":4},"end":{"line":73,"column":37}},"19":{"start":{"line":75,"column":2},"end":{"line":75,"column":9}},"20":{"start":{"line":78,"column":0},"end":{"line":78,"column":58}}},"fnMap":{"0":{"name":"(anonymous_0)","decl":{"start":{"line":56,"column":26},"end":{"line":56,"column":27}},"loc":{"start":{"line":56,"column":41},"end":{"line":64,"column":1}},"line":56},"1":{"name":"(anonymous_1)","decl":{"start":{"line":67,"column":38},"end":{"line":67,"column":39}},"loc":{"start":{"line":67,"column":53},"end":{"line":76,"column":1}},"line":67}},"branchMap":{"0":{"loc":{"start":{"line":57,"column":2},"end":{"line":59,"column":3}},"type":"if","locations":[{"start":{"line":57,"column":2},"end":{"line":59,"column":3}},{"start":{},"end":{}}],"line":57},"1":{"loc":{"start":{"line":60,"column":2},"end":{"line":62,"column":3}},"type":"if","locations":[{"start":{"line":60,"column":2},"end":{"line":62,"column":3}},{"start":{},"end":{}}],"line":60},"2":{"loc":{"start":{"line":69,"column":2},"end":{"line":71,"column":3}},"type":"if","locations":[{"start":{"line":69,"column":2},"end":{"line":71,"column":3}},{"start":{},"end":{}}],"line":69},"3":{"loc":{"start":{"line":72,"column":2},"end":{"line":74,"column":3}},"type":"if","locations":[{"start":{"line":72,"column":2},"end":{"line":74,"column":3}},{"start":{},"end":{}}],"line":72}},"s":{"0":1,"1":1,"2":1,"3":1,"4":1,"5":1,"6":1,"7":1,"8":0,"9":0,"10":0,"11":0,"12":0,"13":1,"14":0,"15":0,"16":0,"17":0,"18":0,"19":0,"20":1},"f":{"0":0,"1":0},"b":{"0":[0,0],"1":[0,0],"2":[0,0],"3":[0,0]},"_coverageSchema":"1a1c01bbd47fc00a2c39e90264f33305004495a9","hash":"bc088244c4aa66fa35a235425fa07899a102006c"}
,"C:\\Users\\ozodb\\Desktop\\loyihalar\\universal.uz\\server\\src\\models\\Receipt.js": {"path":"C:\\Users\\ozodb\\Desktop\\loyihalar\\universal.uz\\server\\src\\models\\Receipt.js","statementMap":{"0":{"start":{"line":1,"column":17},"end":{"line":1,"column":36}},"1":{"start":{"line":3,"column":23},"end":{"line":9,"column":2}},"2":{"start":{"line":11,"column":22},"end":{"line":27,"column":24}},"3":{"start":{"line":29,"column":0},"end":{"line":29,"column":58}}},"fnMap":{},"branchMap":{},"s":{"0":0,"1":0,"2":0,"3":0},"f":{},"b":{}}
,"C:\\Users\\ozodb\\Desktop\\loyihalar\\universal.uz\\server\\src\\models\\User.js": {"path":"C:\\Users\\ozodb\\Desktop\\loyihalar\\universal.uz\\server\\src\\models\\User.js","statementMap":{"0":{"start":{"line":1,"column":17},"end":{"line":1,"column":36}},"1":{"start":{"line":2,"column":15},"end":{"line":2,"column":34}},"2":{"start":{"line":4,"column":19},"end":{"line":12,"column":24}},"3":{"start":{"line":14,"column":0},"end":{"line":18,"column":3}},"4":{"start":{"line":15,"column":2},"end":{"line":15,"column":50}},"5":{"start":{"line":15,"column":36},"end":{"line":15,"column":50}},"6":{"start":{"line":16,"column":2},"end":{"line":16,"column":55}},"7":{"start":{"line":17,"column":2},"end":{"line":17,"column":9}},"8":{"start":{"line":20,"column":0},"end":{"line":22,"column":2}},"9":{"start":{"line":21,"column":2},"end":{"line":21,"column":49}},"10":{"start":{"line":24,"column":0},"end":{"line":24,"column":52}}},"fnMap":{"0":{"name":"(anonymous_0)","decl":{"start":{"line":14,"column":23},"end":{"line":14,"column":24}},"loc":{"start":{"line":14,"column":44},"end":{"line":18,"column":1}},"line":14},"1":{"name":"(anonymous_1)","decl":{"start":{"line":20,"column":37},"end":{"line":20,"column":38}},"loc":{"start":{"line":20,"column":56},"end":{"line":22,"column":1}},"line":20}},"branchMap":{"0":{"loc":{"start":{"line":15,"column":2},"end":{"line":15,"column":50}},"type":"if","locations":[{"start":{"line":15,"column":2},"end":{"line":15,"column":50}},{"start":{},"end":{}}],"line":15}},"s":{"0":0,"1":0,"2":0,"3":0,"4":0,"5":0,"6":0,"7":0,"8":0,"9":0,"10":0},"f":{"0":0,"1":0},"b":{"0":[0,0]}}
,"C:\\Users\\ozodb\\Desktop\\loyihalar\\universal.uz\\server\\src\\models\\Warehouse.js": {"path":"C:\\Users\\ozodb\\Desktop\\loyihalar\\universal.uz\\server\\src\\models\\Warehouse.js","statementMap":{"0":{"start":{"line":1,"column":17},"end":{"line":1,"column":36}},"1":{"start":{"line":3,"column":24},"end":{"line":13,"column":24}},"2":{"start":{"line":16,"column":0},"end":{"line":28,"column":3}},"3":{"start":{"line":17,"column":2},"end":{"line":26,"column":3}},"4":{"start":{"line":18,"column":4},"end":{"line":18,"column":23}},"5":{"start":{"line":19,"column":4},"end":{"line":19,"column":23}},"6":{"start":{"line":22,"column":4},"end":{"line":25,"column":6}},"7":{"start":{"line":27,"column":2},"end":{"line":27,"column":9}},"8":{"start":{"line":30,"column":0},"end":{"line":30,"column":62}}},"fnMap":{"0":{"name":"(anonymous_0)","decl":{"start":{"line":16,"column":28},"end":{"line":16,"column":29}},"loc":{"start":{"line":16,"column":49},"end":{"line":28,"column":1}},"line":16}},"branchMap":{"0":{"loc":{"start":{"line":17,"column":2},"end":{"line":26,"column":3}},"type":"if","locations":[{"start":{"line":17,"column":2},"end":{"line":26,"column":3}},{"start":{},"end":{}}],"line":17},"1":{"loc":{"start":{"line":17,"column":6},"end":{"line":17,"column":49}},"type":"binary-expr","locations":[{"start":{"line":17,"column":6},"end":{"line":17,"column":17}},{"start":{"line":17,"column":21},"end":{"line":17,"column":49}}],"line":17}},"s":{"0":1,"1":1,"2":1,"3":0,"4":0,"5":0,"6":0,"7":0,"8":1},"f":{"0":0},"b":{"0":[0,0],"1":[0,0]},"_coverageSchema":"1a1c01bbd47fc00a2c39e90264f33305004495a9","hash":"a034ebfa3e49d23b08bf049cd0c4c354d1787c7f"}
,"C:\\Users\\ozodb\\Desktop\\loyihalar\\universal.uz\\server\\src\\models\\WarehouseInventory.js": {"path":"C:\\Users\\ozodb\\Desktop\\loyihalar\\universal.uz\\server\\src\\models\\WarehouseInventory.js","statementMap":{"0":{"start":{"line":1,"column":17},"end":{"line":1,"column":36}},"1":{"start":{"line":4,"column":33},"end":{"line":29,"column":24}},"2":{"start":{"line":32,"column":0},"end":{"line":32,"column":79}},"3":{"start":{"line":35,"column":0},"end":{"line":35,"column":49}},"4":{"start":{"line":36,"column":0},"end":{"line":36,"column":47}},"5":{"start":{"line":37,"column":0},"end":{"line":37,"column":63}},"6":{"start":{"line":38,"column":0},"end":{"line":38,"column":66}},"7":{"start":{"line":41,"column":0},"end":{"line":44,"column":3}},"8":{"start":{"line":42,"column":2},"end":{"line":42,"column":32}},"9":{"start":{"line":43,"column":2},"end":{"line":43,"column":9}},"10":{"start":{"line":46,"column":0},"end":{"line":46,"column":80}}},"fnMap":{"0":{"name":"(anonymous_0)","decl":{"start":{"line":41,"column":37},"end":{"line":41,"column":38}},"loc":{"start":{"line":41,"column":52},"end":{"line":44,"column":1}},"line":41}},"branchMap":{},"s":{"0":1,"1":1,"2":1,"3":1,"4":1,"5":1,"6":1,"7":1,"8":0,"9":0,"10":1},"f":{"0":0},"b":{},"_coverageSchema":"1a1c01bbd47fc00a2c39e90264f33305004495a9","hash":"194e52001e03486fddeb5f8b3b3cb6194344bdab"}
,"C:\\Users\\ozodb\\Desktop\\loyihalar\\universal.uz\\server\\src\\models\\WarehouseTransfer.js": {"path":"C:\\Users\\ozodb\\Desktop\\loyihalar\\universal.uz\\server\\src\\models\\WarehouseTransfer.js","statementMap":{"0":{"start":{"line":1,"column":17},"end":{"line":1,"column":36}},"1":{"start":{"line":4,"column":32},"end":{"line":41,"column":24}},"2":{"start":{"line":44,"column":0},"end":{"line":44,"column":46}},"3":{"start":{"line":45,"column":0},"end":{"line":45,"column":52}},"4":{"start":{"line":46,"column":0},"end":{"line":46,"column":50}},"5":{"start":{"line":47,"column":0},"end":{"line":47,"column":52}},"6":{"start":{"line":48,"column":0},"end":{"line":48,"column":49}},"7":{"start":{"line":49,"column":0},"end":{"line":49,"column":43}},"8":{"start":{"line":52,"column":0},"end":{"line":71,"column":3}},"9":{"start":{"line":53,"column":2},"end":{"line":69,"column":3}},"10":{"start":{"line":54,"column":22},"end":{"line":54,"column":49}},"11":{"start":{"line":55,"column":27},"end":{"line":58,"column":6}},"12":{"start":{"line":60,"column":4},"end":{"line":68,"column":5}},"13":{"start":{"line":61,"column":6},"end":{"line":67,"column":7}},"14":{"start":{"line":62,"column":8},"end":{"line":62,"column":29}},"15":{"start":{"line":63,"column":13},"end":{"line":67,"column":7}},"16":{"start":{"line":64,"column":8},"end":{"line":64,"column":29}},"17":{"start":{"line":66,"column":8},"end":{"line":66,"column":31}},"18":{"start":{"line":70,"column":2},"end":{"line":70,"column":9}},"19":{"start":{"line":73,"column":0},"end":{"line":73,"column":78}}},"fnMap":{"0":{"name":"(anonymous_0)","decl":{"start":{"line":52,"column":36},"end":{"line":52,"column":37}},"loc":{"start":{"line":52,"column":57},"end":{"line":71,"column":1}},"line":52}},"branchMap":{"0":{"loc":{"start":{"line":53,"column":2},"end":{"line":69,"column":3}},"type":"if","locations":[{"start":{"line":53,"column":2},"end":{"line":69,"column":3}},{"start":{},"end":{}}],"line":53},"1":{"loc":{"start":{"line":60,"column":4},"end":{"line":68,"column":5}},"type":"if","locations":[{"start":{"line":60,"column":4},"end":{"line":68,"column":5}},{"start":{},"end":{}}],"line":60},"2":{"loc":{"start":{"line":60,"column":8},"end":{"line":60,"column":22}},"type":"binary-expr","locations":[{"start":{"line":60,"column":8},"end":{"line":60,"column":14}},{"start":{"line":60,"column":18},"end":{"line":60,"column":22}}],"line":60},"3":{"loc":{"start":{"line":61,"column":6},"end":{"line":67,"column":7}},"type":"if","locations":[{"start":{"line":61,"column":6},"end":{"line":67,"column":7}},{"start":{"line":63,"column":13},"end":{"line":67,"column":7}}],"line":61},"4":{"loc":{"start":{"line":61,"column":10},"end":{"line":61,"column":39}},"type":"binary-expr","locations":[{"start":{"line":61,"column":10},"end":{"line":61,"column":23}},{"start":{"line":61,"column":27},"end":{"line":61,"column":39}}],"line":61},"5":{"loc":{"start":{"line":63,"column":13},"end":{"line":67,"column":7}},"type":"if","locations":[{"start":{"line":63,"column":13},"end":{"line":67,"column":7}},{"start":{"line":65,"column":13},"end":{"line":67,"column":7}}],"line":63},"6":{"loc":{"start":{"line":63,"column":17},"end":{"line":63,"column":46}},"type":"binary-expr","locations":[{"start":{"line":63,"column":17},"end":{"line":63,"column":31}},{"start":{"line":63,"column":35},"end":{"line":63,"column":46}}],"line":63}},"s":{"0":0,"1":0,"2":0,"3":0,"4":0,"5":0,"6":0,"7":0,"8":0,"9":0,"10":0,"11":0,"12":0,"13":0,"14":0,"15":0,"16":0,"17":0,"18":0,"19":0},"f":{"0":0},"b":{"0":[0,0],"1":[0,0],"2":[0,0],"3":[0,0],"4":[0,0],"5":[0,0],"6":[0,0]}}
,"C:\\Users\\ozodb\\Desktop\\loyihalar\\universal.uz\\server\\src\\routes\\auth.js": {"path":"C:\\Users\\ozodb\\Desktop\\loyihalar\\universal.uz\\server\\src\\routes\\auth.js","statementMap":{"0":{"start":{"line":1,"column":16},"end":{"line":1,"column":34}},"1":{"start":{"line":2,"column":12},"end":{"line":2,"column":35}},"2":{"start":{"line":3,"column":13},"end":{"line":3,"column":38}},"3":{"start":{"line":4,"column":17},"end":{"line":4,"column":46}},"4":{"start":{"line":6,"column":15},"end":{"line":6,"column":31}},"5":{"start":{"line":8,"column":0},"end":{"line":43,"column":3}},"6":{"start":{"line":9,"column":2},"end":{"line":42,"column":3}},"7":{"start":{"line":10,"column":32},"end":{"line":10,"column":40}},"8":{"start":{"line":12,"column":4},"end":{"line":12,"column":82}},"9":{"start":{"line":15,"column":17},"end":{"line":17,"column":6}},"10":{"start":{"line":19,"column":4},"end":{"line":22,"column":5}},"11":{"start":{"line":20,"column":6},"end":{"line":20,"column":57}},"12":{"start":{"line":21,"column":6},"end":{"line":21,"column":87}},"13":{"start":{"line":24,"column":4},"end":{"line":24,"column":90}},"14":{"start":{"line":26,"column":20},"end":{"line":26,"column":56}},"15":{"start":{"line":28,"column":4},"end":{"line":31,"column":5}},"16":{"start":{"line":29,"column":6},"end":{"line":29,"column":62}},"17":{"start":{"line":30,"column":6},"end":{"line":30,"column":87}},"18":{"start":{"line":33,"column":4},"end":{"line":33,"column":50}},"19":{"start":{"line":36,"column":22},"end":{"line":36,"column":58}},"20":{"start":{"line":37,"column":18},"end":{"line":37,"column":95}},"21":{"start":{"line":38,"column":4},"end":{"line":38,"column":116}},"22":{"start":{"line":40,"column":4},"end":{"line":40,"column":43}},"23":{"start":{"line":41,"column":4},"end":{"line":41,"column":77}},"24":{"start":{"line":45,"column":0},"end":{"line":54,"column":3}},"25":{"start":{"line":46,"column":15},"end":{"line":46,"column":23}},"26":{"start":{"line":47,"column":2},"end":{"line":53,"column":5}},"27":{"start":{"line":56,"column":0},"end":{"line":93,"column":3}},"28":{"start":{"line":57,"column":2},"end":{"line":92,"column":3}},"29":{"start":{"line":58,"column":38},"end":{"line":58,"column":46}},"30":{"start":{"line":59,"column":17},"end":{"line":59,"column":50}},"31":{"start":{"line":61,"column":4},"end":{"line":61,"column":83}},"32":{"start":{"line":61,"column":15},"end":{"line":61,"column":83}},"33":{"start":{"line":63,"column":4},"end":{"line":70,"column":7}},"34":{"start":{"line":72,"column":4},"end":{"line":72,"column":21}},"35":{"start":{"line":73,"column":4},"end":{"line":73,"column":23}},"36":{"start":{"line":74,"column":4},"end":{"line":77,"column":5}},"37":{"start":{"line":75,"column":6},"end":{"line":75,"column":31}},"38":{"start":{"line":76,"column":6},"end":{"line":76,"column":60}},"39":{"start":{"line":78,"column":4},"end":{"line":78,"column":22}},"40":{"start":{"line":80,"column":4},"end":{"line":80,"column":55}},"41":{"start":{"line":82,"column":4},"end":{"line":88,"column":7}},"42":{"start":{"line":90,"column":4},"end":{"line":90,"column":52}},"43":{"start":{"line":91,"column":4},"end":{"line":91,"column":77}},"44":{"start":{"line":95,"column":0},"end":{"line":95,"column":24}}},"fnMap":{"0":{"name":"(anonymous_0)","decl":{"start":{"line":8,"column":22},"end":{"line":8,"column":23}},"loc":{"start":{"line":8,"column":42},"end":{"line":43,"column":1}},"line":8},"1":{"name":"(anonymous_1)","decl":{"start":{"line":45,"column":24},"end":{"line":45,"column":25}},"loc":{"start":{"line":45,"column":44},"end":{"line":54,"column":1}},"line":45},"2":{"name":"(anonymous_2)","decl":{"start":{"line":56,"column":29},"end":{"line":56,"column":30}},"loc":{"start":{"line":56,"column":49},"end":{"line":93,"column":1}},"line":56}},"branchMap":{"0":{"loc":{"start":{"line":19,"column":4},"end":{"line":22,"column":5}},"type":"if","locations":[{"start":{"line":19,"column":4},"end":{"line":22,"column":5}},{"start":{},"end":{}}],"line":19},"1":{"loc":{"start":{"line":28,"column":4},"end":{"line":31,"column":5}},"type":"if","locations":[{"start":{"line":28,"column":4},"end":{"line":31,"column":5}},{"start":{},"end":{}}],"line":28},"2":{"loc":{"start":{"line":36,"column":22},"end":{"line":36,"column":58}},"type":"cond-expr","locations":[{"start":{"line":36,"column":47},"end":{"line":36,"column":51}},{"start":{"line":36,"column":54},"end":{"line":36,"column":58}}],"line":36},"3":{"loc":{"start":{"line":37,"column":45},"end":{"line":37,"column":79}},"type":"binary-expr","locations":[{"start":{"line":37,"column":45},"end":{"line":37,"column":67}},{"start":{"line":37,"column":71},"end":{"line":37,"column":79}}],"line":37},"4":{"loc":{"start":{"line":38,"column":69},"end":{"line":38,"column":93}},"type":"binary-expr","locations":[{"start":{"line":38,"column":69},"end":{"line":38,"column":79}},{"start":{"line":38,"column":83},"end":{"line":38,"column":93}}],"line":38},"5":{"loc":{"start":{"line":50,"column":11},"end":{"line":50,"column":35}},"type":"binary-expr","locations":[{"start":{"line":50,"column":11},"end":{"line":50,"column":21}},{"start":{"line":50,"column":25},"end":{"line":50,"column":35}}],"line":50},"6":{"loc":{"start":{"line":61,"column":4},"end":{"line":61,"column":83}},"type":"if","locations":[{"start":{"line":61,"column":4},"end":{"line":61,"column":83}},{"start":{},"end":{}}],"line":61},"7":{"loc":{"start":{"line":74,"column":4},"end":{"line":77,"column":5}},"type":"if","locations":[{"start":{"line":74,"column":4},"end":{"line":77,"column":5}},{"start":{},"end":{}}],"line":74}},"s":{"0":0,"1":0,"2":0,"3":0,"4":0,"5":0,"6":0,"7":0,"8":0,"9":0,"10":0,"11":0,"12":0,"13":0,"14":0,"15":0,"16":0,"17":0,"18":0,"19":0,"20":0,"21":0,"22":0,"23":0,"24":0,"25":0,"26":0,"27":0,"28":0,"29":0,"30":0,"31":0,"32":0,"33":0,"34":0,"35":0,"36":0,"37":0,"38":0,"39":0,"40":0,"41":0,"42":0,"43":0,"44":0},"f":{"0":0,"1":0,"2":0},"b":{"0":[0,0],"1":[0,0],"2":[0,0],"3":[0,0],"4":[0,0],"5":[0,0],"6":[0,0],"7":[0,0]}}
,"C:\\Users\\ozodb\\Desktop\\loyihalar\\universal.uz\\server\\src\\routes\\customers.js": {"path":"C:\\Users\\ozodb\\Desktop\\loyihalar\\universal.uz\\server\\src\\routes\\customers.js","statementMap":{"0":{"start":{"line":1,"column":16},"end":{"line":1,"column":34}},"1":{"start":{"line":2,"column":17},"end":{"line":2,"column":46}},"2":{"start":{"line":3,"column":16},"end":{"line":3,"column":44}},"3":{"start":{"line":4,"column":28},"end":{"line":4,"column":57}},"4":{"start":{"line":6,"column":15},"end":{"line":6,"column":31}},"5":{"start":{"line":8,"column":0},"end":{"line":58,"column":3}},"6":{"start":{"line":9,"column":2},"end":{"line":57,"column":3}},"7":{"start":{"line":10,"column":23},"end":{"line":10,"column":32}},"8":{"start":{"line":11,"column":18},"end":{"line":11,"column":20}},"9":{"start":{"line":12,"column":4},"end":{"line":17,"column":5}},"10":{"start":{"line":13,"column":6},"end":{"line":16,"column":8}},"11":{"start":{"line":18,"column":22},"end":{"line":18,"column":48}},"12":{"start":{"line":21,"column":24},"end":{"line":21,"column":49}},"13":{"start":{"line":21,"column":43},"end":{"line":21,"column":48}},"14":{"start":{"line":22,"column":26},"end":{"line":37,"column":6}},"15":{"start":{"line":40,"column":21},"end":{"line":40,"column":23}},"16":{"start":{"line":41,"column":4},"end":{"line":46,"column":7}},"17":{"start":{"line":42,"column":6},"end":{"line":45,"column":8}},"18":{"start":{"line":48,"column":31},"end":{"line":52,"column":7}},"19":{"start":{"line":48,"column":51},"end":{"line":52,"column":5}},"20":{"start":{"line":54,"column":4},"end":{"line":54,"column":33}},"21":{"start":{"line":56,"column":4},"end":{"line":56,"column":77}},"22":{"start":{"line":60,"column":0},"end":{"line":130,"column":3}},"23":{"start":{"line":61,"column":2},"end":{"line":129,"column":3}},"24":{"start":{"line":62,"column":21},"end":{"line":62,"column":59}},"25":{"start":{"line":63,"column":4},"end":{"line":63,"column":79}},"26":{"start":{"line":63,"column":19},"end":{"line":63,"column":79}},"27":{"start":{"line":66,"column":21},"end":{"line":70,"column":40}},"28":{"start":{"line":73,"column":26},"end":{"line":88,"column":6}},"29":{"start":{"line":91,"column":25},"end":{"line":100,"column":9}},"30":{"start":{"line":92,"column":23},"end":{"line":92,"column":52}},"31":{"start":{"line":93,"column":21},"end":{"line":100,"column":7}},"32":{"start":{"line":103,"column":34},"end":{"line":116,"column":6}},"33":{"start":{"line":104,"column":6},"end":{"line":115,"column":8}},"34":{"start":{"line":118,"column":25},"end":{"line":118,"column":44}},"35":{"start":{"line":119,"column":4},"end":{"line":119,"column":72}},"36":{"start":{"line":120,"column":4},"end":{"line":120,"column":70}},"37":{"start":{"line":121,"column":4},"end":{"line":124,"column":58}},"38":{"start":{"line":124,"column":21},"end":{"line":124,"column":56}},"39":{"start":{"line":126,"column":4},"end":{"line":126,"column":27}},"40":{"start":{"line":128,"column":4},"end":{"line":128,"column":77}},"41":{"start":{"line":132,"column":0},"end":{"line":162,"column":3}},"42":{"start":{"line":133,"column":2},"end":{"line":161,"column":3}},"43":{"start":{"line":134,"column":28},"end":{"line":134,"column":36}},"44":{"start":{"line":137,"column":27},"end":{"line":139,"column":6}},"45":{"start":{"line":140,"column":4},"end":{"line":145,"column":5}},"46":{"start":{"line":141,"column":6},"end":{"line":144,"column":9}},"47":{"start":{"line":148,"column":28},"end":{"line":148,"column":75}},"48":{"start":{"line":149,"column":4},"end":{"line":154,"column":5}},"49":{"start":{"line":150,"column":6},"end":{"line":153,"column":9}},"50":{"start":{"line":156,"column":21},"end":{"line":156,"column":75}},"51":{"start":{"line":157,"column":4},"end":{"line":157,"column":26}},"52":{"start":{"line":158,"column":4},"end":{"line":158,"column":35}},"53":{"start":{"line":160,"column":4},"end":{"line":160,"column":77}},"54":{"start":{"line":164,"column":0},"end":{"line":203,"column":3}},"55":{"start":{"line":165,"column":2},"end":{"line":202,"column":3}},"56":{"start":{"line":166,"column":28},"end":{"line":166,"column":36}},"57":{"start":{"line":167,"column":23},"end":{"line":167,"column":36}},"58":{"start":{"line":170,"column":4},"end":{"line":181,"column":5}},"59":{"start":{"line":171,"column":29},"end":{"line":174,"column":8}},"60":{"start":{"line":175,"column":6},"end":{"line":180,"column":7}},"61":{"start":{"line":176,"column":8},"end":{"line":179,"column":11}},"62":{"start":{"line":184,"column":4},"end":{"line":195,"column":5}},"63":{"start":{"line":185,"column":30},"end":{"line":188,"column":8}},"64":{"start":{"line":189,"column":6},"end":{"line":194,"column":7}},"65":{"start":{"line":190,"column":8},"end":{"line":193,"column":11}},"66":{"start":{"line":197,"column":21},"end":{"line":197,"column":90}},"67":{"start":{"line":198,"column":4},"end":{"line":198,"column":79}},"68":{"start":{"line":198,"column":19},"end":{"line":198,"column":79}},"69":{"start":{"line":199,"column":4},"end":{"line":199,"column":23}},"70":{"start":{"line":201,"column":4},"end":{"line":201,"column":77}},"71":{"start":{"line":205,"column":0},"end":{"line":213,"column":3}},"72":{"start":{"line":206,"column":2},"end":{"line":212,"column":3}},"73":{"start":{"line":207,"column":21},"end":{"line":207,"column":68}},"74":{"start":{"line":208,"column":4},"end":{"line":208,"column":79}},"75":{"start":{"line":208,"column":19},"end":{"line":208,"column":79}},"76":{"start":{"line":209,"column":4},"end":{"line":209,"column":47}},"77":{"start":{"line":211,"column":4},"end":{"line":211,"column":77}},"78":{"start":{"line":215,"column":0},"end":{"line":215,"column":24}}},"fnMap":{"0":{"name":"(anonymous_0)","decl":{"start":{"line":8,"column":22},"end":{"line":8,"column":23}},"loc":{"start":{"line":8,"column":42},"end":{"line":58,"column":1}},"line":8},"1":{"name":"(anonymous_1)","decl":{"start":{"line":21,"column":38},"end":{"line":21,"column":39}},"loc":{"start":{"line":21,"column":43},"end":{"line":21,"column":48}},"line":21},"2":{"name":"(anonymous_2)","decl":{"start":{"line":41,"column":26},"end":{"line":41,"column":27}},"loc":{"start":{"line":41,"column":34},"end":{"line":46,"column":5}},"line":41},"3":{"name":"(anonymous_3)","decl":{"start":{"line":48,"column":45},"end":{"line":48,"column":46}},"loc":{"start":{"line":48,"column":51},"end":{"line":52,"column":5}},"line":48},"4":{"name":"(anonymous_4)","decl":{"start":{"line":60,"column":25},"end":{"line":60,"column":26}},"loc":{"start":{"line":60,"column":45},"end":{"line":130,"column":1}},"line":60},"5":{"name":"(anonymous_5)","decl":{"start":{"line":92,"column":14},"end":{"line":92,"column":15}},"loc":{"start":{"line":92,"column":23},"end":{"line":92,"column":52}},"line":92},"6":{"name":"(anonymous_6)","decl":{"start":{"line":93,"column":11},"end":{"line":93,"column":12}},"loc":{"start":{"line":93,"column":21},"end":{"line":100,"column":7}},"line":93},"7":{"name":"(anonymous_7)","decl":{"start":{"line":103,"column":47},"end":{"line":103,"column":48}},"loc":{"start":{"line":103,"column":52},"end":{"line":116,"column":5}},"line":103},"8":{"name":"(anonymous_8)","decl":{"start":{"line":124,"column":11},"end":{"line":124,"column":12}},"loc":{"start":{"line":124,"column":21},"end":{"line":124,"column":56}},"line":124},"9":{"name":"(anonymous_9)","decl":{"start":{"line":132,"column":54},"end":{"line":132,"column":55}},"loc":{"start":{"line":132,"column":74},"end":{"line":162,"column":1}},"line":132},"10":{"name":"(anonymous_10)","decl":{"start":{"line":164,"column":56},"end":{"line":164,"column":57}},"loc":{"start":{"line":164,"column":76},"end":{"line":203,"column":1}},"line":164},"11":{"name":"(anonymous_11)","decl":{"start":{"line":205,"column":48},"end":{"line":205,"column":49}},"loc":{"start":{"line":205,"column":68},"end":{"line":213,"column":1}},"line":205}},"branchMap":{"0":{"loc":{"start":{"line":12,"column":4},"end":{"line":17,"column":5}},"type":"if","locations":[{"start":{"line":12,"column":4},"end":{"line":17,"column":5}},{"start":{},"end":{}}],"line":12},"1":{"loc":{"start":{"line":50,"column":22},"end":{"line":50,"column":69}},"type":"binary-expr","locations":[{"start":{"line":50,"column":22},"end":{"line":50,"column":64}},{"start":{"line":50,"column":68},"end":{"line":50,"column":69}}],"line":50},"2":{"loc":{"start":{"line":51,"column":21},"end":{"line":51,"column":67}},"type":"binary-expr","locations":[{"start":{"line":51,"column":21},"end":{"line":51,"column":62}},{"start":{"line":51,"column":66},"end":{"line":51,"column":67}}],"line":51},"3":{"loc":{"start":{"line":63,"column":4},"end":{"line":63,"column":79}},"type":"if","locations":[{"start":{"line":63,"column":4},"end":{"line":63,"column":79}},{"start":{},"end":{}}],"line":63},"4":{"loc":{"start":{"line":108,"column":20},"end":{"line":108,"column":37}},"type":"binary-expr","locations":[{"start":{"line":108,"column":20},"end":{"line":108,"column":32}},{"start":{"line":108,"column":36},"end":{"line":108,"column":37}}],"line":108},"5":{"loc":{"start":{"line":109,"column":20},"end":{"line":109,"column":37}},"type":"binary-expr","locations":[{"start":{"line":109,"column":20},"end":{"line":109,"column":32}},{"start":{"line":109,"column":36},"end":{"line":109,"column":37}}],"line":109},"6":{"loc":{"start":{"line":110,"column":20},"end":{"line":110,"column":37}},"type":"binary-expr","locations":[{"start":{"line":110,"column":20},"end":{"line":110,"column":32}},{"start":{"line":110,"column":36},"end":{"line":110,"column":37}}],"line":110},"7":{"loc":{"start":{"line":119,"column":34},"end":{"line":119,"column":71}},"type":"binary-expr","locations":[{"start":{"line":119,"column":34},"end":{"line":119,"column":66}},{"start":{"line":119,"column":70},"end":{"line":119,"column":71}}],"line":119},"8":{"loc":{"start":{"line":120,"column":33},"end":{"line":120,"column":69}},"type":"binary-expr","locations":[{"start":{"line":120,"column":33},"end":{"line":120,"column":64}},{"start":{"line":120,"column":68},"end":{"line":120,"column":69}}],"line":120},"9":{"loc":{"start":{"line":140,"column":4},"end":{"line":145,"column":5}},"type":"if","locations":[{"start":{"line":140,"column":4},"end":{"line":145,"column":5}},{"start":{},"end":{}}],"line":140},"10":{"loc":{"start":{"line":149,"column":4},"end":{"line":154,"column":5}},"type":"if","locations":[{"start":{"line":149,"column":4},"end":{"line":154,"column":5}},{"start":{},"end":{}}],"line":149},"11":{"loc":{"start":{"line":170,"column":4},"end":{"line":181,"column":5}},"type":"if","locations":[{"start":{"line":170,"column":4},"end":{"line":181,"column":5}},{"start":{},"end":{}}],"line":170},"12":{"loc":{"start":{"line":175,"column":6},"end":{"line":180,"column":7}},"type":"if","locations":[{"start":{"line":175,"column":6},"end":{"line":180,"column":7}},{"start":{},"end":{}}],"line":175},"13":{"loc":{"start":{"line":184,"column":4},"end":{"line":195,"column":5}},"type":"if","locations":[{"start":{"line":184,"column":4},"end":{"line":195,"column":5}},{"start":{},"end":{}}],"line":184},"14":{"loc":{"start":{"line":189,"column":6},"end":{"line":194,"column":7}},"type":"if","locations":[{"start":{"line":189,"column":6},"end":{"line":194,"column":7}},{"start":{},"end":{}}],"line":189},"15":{"loc":{"start":{"line":198,"column":4},"end":{"line":198,"column":79}},"type":"if","locations":[{"start":{"line":198,"column":4},"end":{"line":198,"column":79}},{"start":{},"end":{}}],"line":198},"16":{"loc":{"start":{"line":208,"column":4},"end":{"line":208,"column":79}},"type":"if","locations":[{"start":{"line":208,"column":4},"end":{"line":208,"column":79}},{"start":{},"end":{}}],"line":208}},"s":{"0":0,"1":0,"2":0,"3":0,"4":0,"5":0,"6":0,"7":0,"8":0,"9":0,"10":0,"11":0,"12":0,"13":0,"14":0,"15":0,"16":0,"17":0,"18":0,"19":0,"20":0,"21":0,"22":0,"23":0,"24":0,"25":0,"26":0,"27":0,"28":0,"29":0,"30":0,"31":0,"32":0,"33":0,"34":0,"35":0,"36":0,"37":0,"38":0,"39":0,"40":0,"41":0,"42":0,"43":0,"44":0,"45":0,"46":0,"47":0,"48":0,"49":0,"50":0,"51":0,"52":0,"53":0,"54":0,"55":0,"56":0,"57":0,"58":0,"59":0,"60":0,"61":0,"62":0,"63":0,"64":0,"65":0,"66":0,"67":0,"68":0,"69":0,"70":0,"71":0,"72":0,"73":0,"74":0,"75":0,"76":0,"77":0,"78":0},"f":{"0":0,"1":0,"2":0,"3":0,"4":0,"5":0,"6":0,"7":0,"8":0,"9":0,"10":0,"11":0},"b":{"0":[0,0],"1":[0,0],"2":[0,0],"3":[0,0],"4":[0,0],"5":[0,0],"6":[0,0],"7":[0,0],"8":[0,0],"9":[0,0],"10":[0,0],"11":[0,0],"12":[0,0],"13":[0,0],"14":[0,0],"15":[0,0],"16":[0,0]}}
,"C:\\Users\\ozodb\\Desktop\\loyihalar\\universal.uz\\server\\src\\routes\\debts.js": {"path":"C:\\Users\\ozodb\\Desktop\\loyihalar\\universal.uz\\server\\src\\routes\\debts.js","statementMap":{"0":{"start":{"line":1,"column":16},"end":{"line":1,"column":34}},"1":{"start":{"line":2,"column":13},"end":{"line":2,"column":38}},"2":{"start":{"line":3,"column":17},"end":{"line":3,"column":46}},"3":{"start":{"line":4,"column":28},"end":{"line":4,"column":57}},"4":{"start":{"line":5,"column":19},"end":{"line":5,"column":45}},"5":{"start":{"line":7,"column":15},"end":{"line":7,"column":31}},"6":{"start":{"line":11,"column":20},"end":{"line":13,"column":1}},"7":{"start":{"line":12,"column":2},"end":{"line":12,"column":16}},"8":{"start":{"line":15,"column":0},"end":{"line":36,"column":3}},"9":{"start":{"line":16,"column":2},"end":{"line":35,"column":3}},"10":{"start":{"line":17,"column":29},"end":{"line":17,"column":38}},"11":{"start":{"line":18,"column":18},"end":{"line":18,"column":20}},"12":{"start":{"line":19,"column":4},"end":{"line":19,"column":38}},"13":{"start":{"line":19,"column":16},"end":{"line":19,"column":38}},"14":{"start":{"line":20,"column":4},"end":{"line":20,"column":32}},"15":{"start":{"line":20,"column":14},"end":{"line":20,"column":32}},"16":{"start":{"line":22,"column":18},"end":{"line":31,"column":30}},"17":{"start":{"line":32,"column":4},"end":{"line":32,"column":20}},"18":{"start":{"line":34,"column":4},"end":{"line":34,"column":77}},"19":{"start":{"line":38,"column":0},"end":{"line":73,"column":3}},"20":{"start":{"line":39,"column":2},"end":{"line":72,"column":3}},"21":{"start":{"line":40,"column":21},"end":{"line":40,"column":30}},"22":{"start":{"line":41,"column":18},"end":{"line":41,"column":28}},"23":{"start":{"line":42,"column":4},"end":{"line":42,"column":31}},"24":{"start":{"line":44,"column":23},"end":{"line":44,"column":43}},"25":{"start":{"line":47,"column":4},"end":{"line":55,"column":6}},"26":{"start":{"line":57,"column":18},"end":{"line":68,"column":5}},"27":{"start":{"line":69,"column":4},"end":{"line":69,"column":20}},"28":{"start":{"line":71,"column":4},"end":{"line":71,"column":77}},"29":{"start":{"line":76,"column":0},"end":{"line":208,"column":3}},"30":{"start":{"line":77,"column":2},"end":{"line":207,"column":3}},"31":{"start":{"line":78,"column":21},"end":{"line":78,"column":30}},"32":{"start":{"line":79,"column":23},"end":{"line":79,"column":43}},"33":{"start":{"line":82,"column":18},"end":{"line":82,"column":28}},"34":{"start":{"line":83,"column":4},"end":{"line":83,"column":31}},"35":{"start":{"line":86,"column":4},"end":{"line":94,"column":72}},"36":{"start":{"line":94,"column":19},"end":{"line":94,"column":70}},"37":{"start":{"line":98,"column":25},"end":{"line":172,"column":6}},"38":{"start":{"line":175,"column":19},"end":{"line":201,"column":8}},"39":{"start":{"line":176,"column":23},"end":{"line":176,"column":59}},"40":{"start":{"line":179,"column":29},"end":{"line":179,"column":82}},"41":{"start":{"line":179,"column":54},"end":{"line":179,"column":81}},"42":{"start":{"line":182,"column":27},"end":{"line":185,"column":9}},"43":{"start":{"line":183,"column":10},"end":{"line":184,"column":91}},"44":{"start":{"line":187,"column":8},"end":{"line":200,"column":10}},"45":{"start":{"line":193,"column":44},"end":{"line":193,"column":119}},"46":{"start":{"line":203,"column":4},"end":{"line":203,"column":21}},"47":{"start":{"line":205,"column":4},"end":{"line":205,"column":58}},"48":{"start":{"line":206,"column":4},"end":{"line":206,"column":77}},"49":{"start":{"line":210,"column":0},"end":{"line":255,"column":3}},"50":{"start":{"line":211,"column":2},"end":{"line":254,"column":3}},"51":{"start":{"line":212,"column":87},"end":{"line":212,"column":95}},"52":{"start":{"line":214,"column":4},"end":{"line":214,"column":79}},"53":{"start":{"line":216,"column":21},"end":{"line":223,"column":5}},"54":{"start":{"line":225,"column":4},"end":{"line":243,"column":5}},"55":{"start":{"line":227,"column":6},"end":{"line":237,"column":7}},"56":{"start":{"line":228,"column":8},"end":{"line":228,"column":64}},"57":{"start":{"line":229,"column":8},"end":{"line":229,"column":37}},"58":{"start":{"line":231,"column":8},"end":{"line":231,"column":80}},"59":{"start":{"line":232,"column":13},"end":{"line":237,"column":7}},"60":{"start":{"line":233,"column":8},"end":{"line":233,"column":72}},"61":{"start":{"line":234,"column":8},"end":{"line":234,"column":45}},"62":{"start":{"line":236,"column":8},"end":{"line":236,"column":72}},"63":{"start":{"line":240,"column":6},"end":{"line":240,"column":65}},"64":{"start":{"line":241,"column":6},"end":{"line":241,"column":35}},"65":{"start":{"line":242,"column":6},"end":{"line":242,"column":77}},"66":{"start":{"line":245,"column":17},"end":{"line":245,"column":35}},"67":{"start":{"line":246,"column":4},"end":{"line":246,"column":22}},"68":{"start":{"line":248,"column":4},"end":{"line":248,"column":45}},"69":{"start":{"line":250,"column":4},"end":{"line":250,"column":31}},"70":{"start":{"line":252,"column":4},"end":{"line":252,"column":51}},"71":{"start":{"line":253,"column":4},"end":{"line":253,"column":77}},"72":{"start":{"line":257,"column":0},"end":{"line":359,"column":3}},"73":{"start":{"line":258,"column":2},"end":{"line":358,"column":3}},"74":{"start":{"line":259,"column":31},"end":{"line":259,"column":39}},"75":{"start":{"line":260,"column":17},"end":{"line":260,"column":72}},"76":{"start":{"line":261,"column":4},"end":{"line":261,"column":74}},"77":{"start":{"line":261,"column":15},"end":{"line":261,"column":74}},"78":{"start":{"line":263,"column":26},"end":{"line":263,"column":41}},"79":{"start":{"line":264,"column":31},"end":{"line":264,"column":60}},"80":{"start":{"line":266,"column":4},"end":{"line":266,"column":43}},"81":{"start":{"line":267,"column":4},"end":{"line":267,"column":30}},"82":{"start":{"line":269,"column":31},"end":{"line":269,"column":60}},"83":{"start":{"line":271,"column":4},"end":{"line":273,"column":5}},"84":{"start":{"line":272,"column":6},"end":{"line":272,"column":27}},"85":{"start":{"line":275,"column":4},"end":{"line":275,"column":22}},"86":{"start":{"line":278,"column":4},"end":{"line":353,"column":5}},"87":{"start":{"line":279,"column":6},"end":{"line":279,"column":83}},"88":{"start":{"line":282,"column":26},"end":{"line":282,"column":64}},"89":{"start":{"line":283,"column":6},"end":{"line":295,"column":7}},"90":{"start":{"line":285,"column":8},"end":{"line":292,"column":11}},"91":{"start":{"line":294,"column":8},"end":{"line":294,"column":33}},"92":{"start":{"line":298,"column":6},"end":{"line":352,"column":7}},"93":{"start":{"line":299,"column":20},"end":{"line":299,"column":28}},"94":{"start":{"line":300,"column":8},"end":{"line":348,"column":9}},"95":{"start":{"line":301,"column":31},"end":{"line":301,"column":92}},"96":{"start":{"line":301,"column":40},"end":{"line":301,"column":92}},"97":{"start":{"line":303,"column":24},"end":{"line":303,"column":56}},"98":{"start":{"line":304,"column":10},"end":{"line":304,"column":59}},"99":{"start":{"line":305,"column":10},"end":{"line":305,"column":48}},"100":{"start":{"line":306,"column":10},"end":{"line":306,"column":52}},"101":{"start":{"line":307,"column":10},"end":{"line":307,"column":76}},"102":{"start":{"line":308,"column":10},"end":{"line":308,"column":76}},"103":{"start":{"line":309,"column":10},"end":{"line":309,"column":76}},"104":{"start":{"line":310,"column":10},"end":{"line":310,"column":48}},"105":{"start":{"line":311,"column":10},"end":{"line":311,"column":45}},"106":{"start":{"line":312,"column":10},"end":{"line":312,"column":75}},"107":{"start":{"line":313,"column":10},"end":{"line":313,"column":78}},"108":{"start":{"line":314,"column":10},"end":{"line":314,"column":80}},"109":{"start":{"line":316,"column":10},"end":{"line":323,"column":11}},"110":{"start":{"line":317,"column":12},"end":{"line":317,"column":48}},"111":{"start":{"line":318,"column":12},"end":{"line":318,"column":56}},"112":{"start":{"line":320,"column":35},"end":{"line":320,"column":84}},"113":{"start":{"line":321,"column":32},"end":{"line":321,"column":126}},"114":{"start":{"line":322,"column":12},"end":{"line":322,"column":83}},"115":{"start":{"line":325,"column":10},"end":{"line":325,"column":48}},"116":{"start":{"line":326,"column":10},"end":{"line":326,"column":38}},"117":{"start":{"line":327,"column":10},"end":{"line":327,"column":52}},"118":{"start":{"line":330,"column":21},"end":{"line":330,"column":34}},"119":{"start":{"line":331,"column":23},"end":{"line":331,"column":38}},"120":{"start":{"line":332,"column":35},"end":{"line":332,"column":89}},"121":{"start":{"line":334,"column":10},"end":{"line":347,"column":11}},"122":{"start":{"line":335,"column":33},"end":{"line":335,"column":86}},"123":{"start":{"line":336,"column":34},"end":{"line":338,"column":13}},"124":{"start":{"line":337,"column":34},"end":{"line":337,"column":82}},"125":{"start":{"line":340,"column":12},"end":{"line":346,"column":13}},"126":{"start":{"line":341,"column":31},"end":{"line":341,"column":44}},"127":{"start":{"line":342,"column":14},"end":{"line":342,"column":81}},"128":{"start":{"line":343,"column":14},"end":{"line":343,"column":91}},"129":{"start":{"line":345,"column":14},"end":{"line":345,"column":86}},"130":{"start":{"line":350,"column":8},"end":{"line":350,"column":85}},"131":{"start":{"line":355,"column":4},"end":{"line":355,"column":19}},"132":{"start":{"line":357,"column":4},"end":{"line":357,"column":77}},"133":{"start":{"line":362,"column":0},"end":{"line":385,"column":3}},"134":{"start":{"line":363,"column":2},"end":{"line":384,"column":3}},"135":{"start":{"line":364,"column":26},"end":{"line":364,"column":34}},"136":{"start":{"line":365,"column":17},"end":{"line":365,"column":51}},"137":{"start":{"line":366,"column":4},"end":{"line":366,"column":74}},"138":{"start":{"line":366,"column":15},"end":{"line":366,"column":74}},"139":{"start":{"line":369,"column":4},"end":{"line":374,"column":5}},"140":{"start":{"line":370,"column":6},"end":{"line":373,"column":8}},"141":{"start":{"line":377,"column":4},"end":{"line":379,"column":5}},"142":{"start":{"line":378,"column":6},"end":{"line":378,"column":61}},"143":{"start":{"line":381,"column":4},"end":{"line":381,"column":112}},"144":{"start":{"line":383,"column":4},"end":{"line":383,"column":77}},"145":{"start":{"line":388,"column":0},"end":{"line":484,"column":3}},"146":{"start":{"line":389,"column":2},"end":{"line":483,"column":3}},"147":{"start":{"line":390,"column":64},"end":{"line":390,"column":72}},"148":{"start":{"line":392,"column":4},"end":{"line":394,"column":5}},"149":{"start":{"line":393,"column":6},"end":{"line":393,"column":93}},"150":{"start":{"line":396,"column":17},"end":{"line":396,"column":32}},"151":{"start":{"line":397,"column":17},"end":{"line":397,"column":32}},"152":{"start":{"line":399,"column":18},"end":{"line":403,"column":29}},"153":{"start":{"line":405,"column":4},"end":{"line":407,"column":5}},"154":{"start":{"line":406,"column":6},"end":{"line":406,"column":76}},"155":{"start":{"line":409,"column":24},"end":{"line":409,"column":28}},"156":{"start":{"line":410,"column":24},"end":{"line":410,"column":28}},"157":{"start":{"line":411,"column":22},"end":{"line":411,"column":24}},"158":{"start":{"line":413,"column":4},"end":{"line":462,"column":5}},"159":{"start":{"line":414,"column":6},"end":{"line":414,"column":58}},"160":{"start":{"line":414,"column":52},"end":{"line":414,"column":58}},"161":{"start":{"line":416,"column":28},"end":{"line":416,"column":57}},"162":{"start":{"line":418,"column":6},"end":{"line":435,"column":7}},"163":{"start":{"line":419,"column":28},"end":{"line":419,"column":66}},"164":{"start":{"line":421,"column":8},"end":{"line":425,"column":11}},"165":{"start":{"line":426,"column":8},"end":{"line":426,"column":39}},"166":{"start":{"line":427,"column":8},"end":{"line":427,"column":37}},"167":{"start":{"line":429,"column":8},"end":{"line":434,"column":11}},"168":{"start":{"line":437,"column":29},"end":{"line":437,"column":58}},"169":{"start":{"line":438,"column":6},"end":{"line":455,"column":7}},"170":{"start":{"line":439,"column":28},"end":{"line":439,"column":67}},"171":{"start":{"line":441,"column":8},"end":{"line":445,"column":11}},"172":{"start":{"line":446,"column":8},"end":{"line":446,"column":39}},"173":{"start":{"line":447,"column":8},"end":{"line":447,"column":37}},"174":{"start":{"line":449,"column":8},"end":{"line":454,"column":11}},"175":{"start":{"line":457,"column":6},"end":{"line":459,"column":7}},"176":{"start":{"line":458,"column":8},"end":{"line":458,"column":29}},"177":{"start":{"line":461,"column":6},"end":{"line":461,"column":24}},"178":{"start":{"line":464,"column":4},"end":{"line":466,"column":7}},"179":{"start":{"line":468,"column":4},"end":{"line":470,"column":5}},"180":{"start":{"line":469,"column":6},"end":{"line":469,"column":106}},"181":{"start":{"line":472,"column":4},"end":{"line":479,"column":7}},"182":{"start":{"line":481,"column":4},"end":{"line":481,"column":53}},"183":{"start":{"line":482,"column":4},"end":{"line":482,"column":77}},"184":{"start":{"line":486,"column":0},"end":{"line":518,"column":3}},"185":{"start":{"line":487,"column":2},"end":{"line":517,"column":3}},"186":{"start":{"line":488,"column":87},"end":{"line":488,"column":95}},"187":{"start":{"line":489,"column":17},"end":{"line":489,"column":51}},"188":{"start":{"line":490,"column":4},"end":{"line":490,"column":74}},"189":{"start":{"line":490,"column":15},"end":{"line":490,"column":74}},"190":{"start":{"line":493,"column":4},"end":{"line":500,"column":5}},"191":{"start":{"line":494,"column":27},"end":{"line":494,"column":56}},"192":{"start":{"line":495,"column":27},"end":{"line":495,"column":51}},"193":{"start":{"line":496,"column":19},"end":{"line":496,"column":46}},"194":{"start":{"line":497,"column":6},"end":{"line":499,"column":7}},"195":{"start":{"line":498,"column":8},"end":{"line":498,"column":82}},"196":{"start":{"line":502,"column":4},"end":{"line":502,"column":25}},"197":{"start":{"line":503,"column":4},"end":{"line":503,"column":35}},"198":{"start":{"line":504,"column":4},"end":{"line":504,"column":35}},"199":{"start":{"line":505,"column":4},"end":{"line":505,"column":33}},"200":{"start":{"line":507,"column":4},"end":{"line":511,"column":5}},"201":{"start":{"line":508,"column":6},"end":{"line":508,"column":39}},"202":{"start":{"line":510,"column":6},"end":{"line":510,"column":31}},"203":{"start":{"line":513,"column":4},"end":{"line":513,"column":22}},"204":{"start":{"line":514,"column":4},"end":{"line":514,"column":19}},"205":{"start":{"line":516,"column":4},"end":{"line":516,"column":77}},"206":{"start":{"line":520,"column":0},"end":{"line":547,"column":3}},"207":{"start":{"line":521,"column":2},"end":{"line":546,"column":3}},"208":{"start":{"line":522,"column":17},"end":{"line":522,"column":51}},"209":{"start":{"line":523,"column":4},"end":{"line":523,"column":74}},"210":{"start":{"line":523,"column":15},"end":{"line":523,"column":74}},"211":{"start":{"line":526,"column":4},"end":{"line":533,"column":5}},"212":{"start":{"line":527,"column":28},"end":{"line":527,"column":57}},"213":{"start":{"line":528,"column":6},"end":{"line":532,"column":7}},"214":{"start":{"line":529,"column":8},"end":{"line":531,"column":11}},"215":{"start":{"line":536,"column":4},"end":{"line":536,"column":48}},"216":{"start":{"line":539,"column":4},"end":{"line":541,"column":5}},"217":{"start":{"line":540,"column":6},"end":{"line":540,"column":61}},"218":{"start":{"line":543,"column":4},"end":{"line":543,"column":46}},"219":{"start":{"line":545,"column":4},"end":{"line":545,"column":77}},"220":{"start":{"line":549,"column":0},"end":{"line":549,"column":24}},"221":{"start":{"line":550,"column":0},"end":{"line":550,"column":41}}},"fnMap":{"0":{"name":"(anonymous_0)","decl":{"start":{"line":11,"column":20},"end":{"line":11,"column":21}},"loc":{"start":{"line":11,"column":34},"end":{"line":13,"column":1}},"line":11},"1":{"name":"(anonymous_1)","decl":{"start":{"line":15,"column":22},"end":{"line":15,"column":23}},"loc":{"start":{"line":15,"column":42},"end":{"line":36,"column":1}},"line":15},"2":{"name":"(anonymous_2)","decl":{"start":{"line":38,"column":27},"end":{"line":38,"column":28}},"loc":{"start":{"line":38,"column":47},"end":{"line":73,"column":1}},"line":38},"3":{"name":"(anonymous_3)","decl":{"start":{"line":76,"column":29},"end":{"line":76,"column":30}},"loc":{"start":{"line":76,"column":49},"end":{"line":208,"column":1}},"line":76},"4":{"name":"(anonymous_4)","decl":{"start":{"line":94,"column":12},"end":{"line":94,"column":13}},"loc":{"sta
[...]
}},"16":{"start":{"line":25,"column":45},"end":{"line":25,"column":92}},"17":{"start":{"line":26,"column":2},"end":{"line":26,"column":94}},"18":{"start":{"line":26,"column":45},"end":{"line":26,"column":92}},"19":{"start":{"line":27,"column":2},"end":{"line":27,"column":94}},"20":{"start":{"line":27,"column":45},"end":{"line":27,"column":92}},"21":{"start":{"line":30,"column":2},"end":{"line":30,"column":71}},"22":{"start":{"line":30,"column":44},"end":{"line":30,"column":69}},"23":{"start":{"line":31,"column":2},"end":{"line":31,"column":71}},"24":{"start":{"line":31,"column":44},"end":{"line":31,"column":69}},"25":{"start":{"line":32,"column":2},"end":{"line":32,"column":71}},"26":{"start":{"line":32,"column":44},"end":{"line":32,"column":69}},"27":{"start":{"line":33,"column":2},"end":{"line":33,"column":71}},"28":{"start":{"line":33,"column":44},"end":{"line":33,"column":69}},"29":{"start":{"line":34,"column":2},"end":{"line":34,"column":71}},"30":{"start":{"line":34,"column":44},"end":{"line":34,"column":69}},"31":{"start":{"line":35,"column":2},"end":{"line":35,"column":71}},"32":{"start":{"line":35,"column":44},"end":{"line":35,"column":69}},"33":{"start":{"line":36,"column":2},"end":{"line":36,"column":71}},"34":{"start":{"line":36,"column":44},"end":{"line":36,"column":69}},"35":{"start":{"line":37,"column":2},"end":{"line":37,"column":71}},"36":{"start":{"line":37,"column":44},"end":{"line":37,"column":69}},"37":{"start":{"line":38,"column":2},"end":{"line":38,"column":71}},"38":{"start":{"line":38,"column":44},"end":{"line":38,"column":69}},"39":{"start":{"line":39,"column":2},"end":{"line":39,"column":71}},"40":{"start":{"line":39,"column":44},"end":{"line":39,"column":69}},"41":{"start":{"line":40,"column":2},"end":{"line":40,"column":71}},"42":{"start":{"line":40,"column":44},"end":{"line":40,"column":69}},"43":{"start":{"line":41,"column":2},"end":{"line":41,"column":71}},"44":{"start":{"line":41,"column":44},"end":{"line":41,"column":69}},"45":{"start":{"line":42,"column":2},"end":{"line":42,"column":71}},"46":{"start":{"line":42,"column":44},"end":{"line":42,"column":69}},"47":{"start":{"line":43,"column":2},"end":{"line":43,"column":71}},"48":{"start":{"line":43,"column":44},"end":{"line":43,"column":69}},"49":{"start":{"line":44,"column":2},"end":{"line":44,"column":71}},"50":{"start":{"line":44,"column":44},"end":{"line":44,"column":69}},"51":{"start":{"line":45,"column":2},"end":{"line":45,"column":71}},"52":{"start":{"line":45,"column":44},"end":{"line":45,"column":69}},"53":{"start":{"line":46,"column":2},"end":{"line":46,"column":71}},"54":{"start":{"line":46,"column":44},"end":{"line":46,"column":69}},"55":{"start":{"line":47,"column":2},"end":{"line":47,"column":71}},"56":{"start":{"line":47,"column":44},"end":{"line":47,"column":69}},"57":{"start":{"line":48,"column":2},"end":{"line":48,"column":71}},"58":{"start":{"line":48,"column":44},"end":{"line":48,"column":69}},"59":{"start":{"line":49,"column":2},"end":{"line":49,"column":71}},"60":{"start":{"line":49,"column":44},"end":{"line":49,"column":69}},"61":{"start":{"line":50,"column":2},"end":{"line":50,"column":71}},"62":{"start":{"line":50,"column":44},"end":{"line":50,"column":69}},"63":{"start":{"line":51,"column":2},"end":{"line":51,"column":71}},"64":{"start":{"line":51,"column":44},"end":{"line":51,"column":69}},"65":{"start":{"line":52,"column":2},"end":{"line":52,"column":71}},"66":{"start":{"line":52,"column":44},"end":{"line":52,"column":69}},"67":{"start":{"line":53,"column":2},"end":{"line":53,"column":71}},"68":{"start":{"line":53,"column":44},"end":{"line":53,"column":69}},"69":{"start":{"line":56,"column":2},"end":{"line":56,"column":40}},"70":{"start":{"line":58,"column":2},"end":{"line":58,"column":16}},"71":{"start":{"line":100,"column":0},"end":{"line":100,"column":32}}},"fnMap":{"0":{"name":"uzLatToCyr","decl":{"start":{"line":11,"column":9},"end":{"line":11,"column":19}},"loc":{"start":{"line":11,"column":26},"end":{"line":59,"column":1}},"line":11},"1":{"name":"(anonymous_1)","decl":{"start":{"line":17,"column":38},"end":{"line":17,"column":39}},"loc":{"start":{"line":17,"column":49},"end":{"line":17,"column":96}},"line":17},"2":{"name":"(anonymous_2)","decl":{"start":{"line":18,"column":38},"end":{"line":18,"column":39}},"loc":{"start":{"line":18,"column":49},"end":{"line":18,"column":96}},"line":18},"3":{"name":"(anonymous_3)","decl":{"start":{"line":21,"column":34},"end":{"line":21,"column":35}},"loc":{"start":{"line":21,"column":45},"end":{"line":21,"column":92}},"line":21},"4":{"name":"(anonymous_4)","decl":{"start":{"line":22,"column":34},"end":{"line":22,"column":35}},"loc":{"start":{"line":22,"column":45},"end":{"line":22,"column":92}},"line":22},"5":{"name":"(anonymous_5)","decl":{"start":{"line":23,"column":34},"end":{"line":23,"column":35}},"loc":{"start":{"line":23,"column":45},"end":{"line":23,"column":94}},"line":23},"6":{"name":"(anonymous_6)","decl":{"start":{"line":24,"column":34},"end":{"line":24,"column":35}},"loc":{"start":{"line":24,"column":45},"end":{"line":24,"column":92}},"line":24},"7":{"name":"(anonymous_7)","decl":{"start":{"line":25,"column":34},"end":{"line":25,"column":35}},"loc":{"start":{"line":25,"column":45},"end":{"line":25,"column":92}},"line":25},"8":{"name":"(anonymous_8)","decl":{"start":{"line":26,"column":34},"end":{"line":26,"column":35}},"loc":{"start":{"line":26,"column":45},"end":{"line":26,"column":92}},"line":26},"9":{"name":"(anonymous_9)","decl":{"start":{"line":27,"column":34},"end":{"line":27,"column":35}},"loc":{"start":{"line":27,"column":45},"end":{"line":27,"column":92}},"line":27},"10":{"name":"(anonymous_10)","decl":{"start":{"line":30,"column":33},"end":{"line":30,"column":34}},"loc":{"start":{"line":30,"column":44},"end":{"line":30,"column":69}},"line":30},"11":{"name":"(anonymous_11)","decl":{"start":{"line":31,"column":33},"end":{"line":31,"column":34}},"loc":{"start":{"line":31,"column":44},"end":{"line":31,"column":69}},"line":31},"12":{"name":"(anonymous_12)","decl":{"start":{"line":32,"column":33},"end":{"line":32,"column":34}},"loc":{"start":{"line":32,"column":44},"end":{"line":32,"column":69}},"line":32},"13":{"name":"(anonymous_13)","decl":{"start":{"line":33,"column":33},"end":{"line":33,"column":34}},"loc":{"start":{"line":33,"column":44},"end":{"line":33,"column":69}},"line":33},"14":{"name":"(anonymous_14)","decl":{"start":{"line":34,"column":33},"end":{"line":34,"column":34}},"loc":{"start":{"line":34,"column":44},"end":{"line":34,"column":69}},"line":34},"15":{"name":"(anonymous_15)","decl":{"start":{"line":35,"column":33},"end":{"line":35,"column":34}},"loc":{"start":{"line":35,"column":44},"end":{"line":35,"column":69}},"line":35},"16":{"name":"(anonymous_16)","decl":{"start":{"line":36,"column":33},"end":{"line":36,"column":34}},"loc":{"start":{"line":36,"column":44},"end":{"line":36,"column":69}},"line":36},"17":{"name":"(anonymous_17)","decl":{"start":{"line":37,"column":33},"end":{"line":37,"column":34}},"loc":{"start":{"line":37,"column":44},"end":{"line":37,"column":69}},"line":37},"18":{"name":"(anonymous_18)","decl":{"start":{"line":38,"column":33},"end":{"line":38,"column":34}},"loc":{"start":{"line":38,"column":44},"end":{"line":38,"column":69}},"line":38},"19":{"name":"(anonymous_19)","decl":{"start":{"line":39,"column":33},"end":{"line":39,"column":34}},"loc":{"start":{"line":39,"column":44},"end":{"line":39,"column":69}},"line":39},"20":{"name":"(anonymous_20)","decl":{"start":{"line":40,"column":33},"end":{"line":40,"column":34}},"loc":{"start":{"line":40,"column":44},"end":{"line":40,"column":69}},"line":40},"21":{"name":"(anonymous_21)","decl":{"start":{"line":41,"column":33},"end":{"line":41,"column":34}},"loc":{"start":{"line":41,"column":44},"end":{"line":41,"column":69}},"line":41},"22":{"name":"(anonymous_22)","decl":{"start":{"line":42,"column":33},"end":{"line":42,"column":34}},"loc":{"start":{"line":42,"column":44},"end":{"line":42,"column":69}},"line":42},"23":{"name":"(anonymous_23)","decl":{"start":{"line":43,"column":33},"end":{"line":43,"column":34}},"loc":{"start":{"line":43,"column":44},"end":{"line":43,"column":69}},"line":43},"24":{"name":"(anonymous_24)","decl":{"start":{"line":44,"column":33},"end":{"line":44,"column":34}},"loc":{"start":{"line":44,"column":44},"end":{"line":44,"column":69}},"line":44},"25":{"name":"(anonymous_25)","decl":{"start":{"line":45,"column":33},"end":{"line":45,"column":34}},"loc":{"start":{"line":45,"column":44},"end":{"line":45,"column":69}},"line":45},"26":{"name":"(anonymous_26)","decl":{"start":{"line":46,"column":33},"end":{"line":46,"column":34}},"loc":{"start":{"line":46,"column":44},"end":{"line":46,"column":69}},"line":46},"27":{"name":"(anonymous_27)","decl":{"start":{"line":47,"column":33},"end":{"line":47,"column":34}},"loc":{"start":{"line":47,"column":44},"end":{"line":47,"column":69}},"line":47},"28":{"name":"(anonymous_28)","decl":{"start":{"line":48,"column":33},"end":{"line":48,"column":34}},"loc":{"start":{"line":48,"column":44},"end":{"line":48,"column":69}},"line":48},"29":{"name":"(anonymous_29)","decl":{"start":{"line":49,"column":33},"end":{"line":49,"column":34}},"loc":{"start":{"line":49,"column":44},"end":{"line":49,"column":69}},"line":49},"30":{"name":"(anonymous_30)","decl":{"start":{"line":50,"column":33},"end":{"line":50,"column":34}},"loc":{"start":{"line":50,"column":44},"end":{"line":50,"column":69}},"line":50},"31":{"name":"(anonymous_31)","decl":{"start":{"line":51,"column":33},"end":{"line":51,"column":34}},"loc":{"start":{"line":51,"column":44},"end":{"line":51,"column":69}},"line":51},"32":{"name":"(anonymous_32)","decl":{"start":{"line":52,"column":33},"end":{"line":52,"column":34}},"loc":{"start":{"line":52,"column":44},"end":{"line":52,"column":69}},"line":52},"33":{"name":"(anonymous_33)","decl":{"start":{"line":53,"column":33},"end":{"line":53,"column":34}},"loc":{"start":{"line":53,"column":44},"end":{"line":53,"column":69}},"line":53}},"branchMap":{"0":{"loc":{"start":{"line":12,"column":2},"end":{"line":12,"column":25}},"type":"if","locations":[{"start":{"line":12,"column":2},"end":{"line":12,"column":25}},{"start":{},"end":{}}],"line":12},"1":{"loc":{"start":{"line":17,"column":49},"end":{"line":17,"column":96}},"type":"cond-expr","locations":[{"start":{"line":17,"column":87},"end":{"line":17,"column":90}},{"start":{"line":17,"column":93},"end":{"line":17,"column":96}}],"line":17},"2":{"loc":{"start":{"line":18,"column":49},"end":{"line":18,"column":96}},"type":"cond-expr","locations":[{"start":{"line":18,"column":87},"end":{"line":18,"column":90}},{"start":{"line":18,"column":93},"end":{"line":18,"column":96}}],"line":18},"3":{"loc":{"start":{"line":21,"column":45},"end":{"line":21,"column":92}},"type":"cond-expr","locations":[{"start":{"line":21,"column":83},"end":{"line":21,"column":86}},{"start":{"line":21,"column":89},"end":{"line":21,"column":92}}],"line":21},"4":{"loc":{"start":{"line":22,"column":45},"end":{"line":22,"column":92}},"type":"cond-expr","locations":[{"start":{"line":22,"column":83},"end":{"line":22,"column":86}},{"start":{"line":22,"column":89},"end":{"line":22,"column":92}}],"line":22},"5":{"loc":{"start":{"line":23,"column":45},"end":{"line":23,"column":94}},"type":"cond-expr","locations":[{"start":{"line":23,"column":83},"end":{"line":23,"column":87}},{"start":{"line":23,"column":90},"end":{"line":23,"column":94}}],"line":23},"6":{"loc":{"start":{"line":24,"column":45},"end":{"line":24,"column":92}},"type":"cond-expr","locations":[{"start":{"line":24,"column":83},"end":{"line":24,"column":86}},{"start":{"line":24,"column":89},"end":{"line":24,"column":92}}],"line":24},"7":{"loc":{"start":{"line":25,"column":45},"end":{"line":25,"column":92}},"type":"cond-expr","locations":[{"start":{"line":25,"column":83},"end":{"line":25,"column":86}},{"start":{"line":25,"column":89},"end":{"line":25,"column":92}}],"line":25},"8":{"loc":{"start":{"line":26,"column":45},"end":{"line":26,"column":92}},"type":"cond-expr","locations":[{"start":{"line":26,"column":83},"end":{"line":26,"column":86}},{"start":{"line":26,"column":89},"end":{"line":26,"column":92}}],"line":26},"9":{"loc":{"start":{"line":27,"column":45},"end":{"line":27,"column":92}},"type":"cond-expr","locations":[{"start":{"line":27,"column":83},"end":{"line":27,"column":86}},{"start":{"line":27,"column":89},"end":{"line":27,"column":92}}],"line":27},"10":{"loc":{"start":{"line":30,"column":44},"end":{"line":30,"column":69}},"type":"cond-expr","locations":[{"start":{"line":30,"column":60},"end":{"line":30,"column":63}},{"start":{"line":30,"column":66},"end":{"line":30,"column":69}}],"line":30},"11":{"loc":{"start":{"line":31,"column":44},"end":{"line":31,"column":69}},"type":"cond-expr","locations":[{"start":{"line":31,"column":60},"end":{"line":31,"column":63}},{"start":{"line":31,"column":66},"end":{"line":31,"column":69}}],"line":31},"12":{"loc":{"start":{"line":32,"column":44},"end":{"line":32,"column":69}},"type":"cond-expr","locations":[{"start":{"line":32,"column":60},"end":{"line":32,"column":63}},{"start":{"line":32,"column":66},"end":{"line":32,"column":69}}],"line":32},"13":{"loc":{"start":{"line":33,"column":44},"end":{"line":33,"column":69}},"type":"cond-expr","locations":[{"start":{"line":33,"column":60},"end":{"line":33,"column":63}},{"start":{"line":33,"column":66},"end":{"line":33,"column":69}}],"line":33},"14":{"loc":{"start":{"line":34,"column":44},"end":{"line":34,"column":69}},"type":"cond-expr","locations":[{"start":{"line":34,"column":60},"end":{"line":34,"column":63}},{"start":{"line":34,"column":66},"end":{"line":34,"column":69}}],"line":34},"15":{"loc":{"start":{"line":35,"column":44},"end":{"line":35,"column":69}},"type":"cond-expr","locations":[{"start":{"line":35,"column":60},"end":{"line":35,"column":63}},{"start":{"line":35,"column":66},"end":{"line":35,"column":69}}],"line":35},"16":{"loc":{"start":{"line":36,"column":44},"end":{"line":36,"column":69}},"type":"cond-expr","locations":[{"start":{"line":36,"column":60},"end":{"line":36,"column":63}},{"start":{"line":36,"column":66},"end":{"line":36,"column":69}}],"line":36},"17":{"loc":{"start":{"line":37,"column":44},"end":{"line":37,"column":69}},"type":"cond-expr","locations":[{"start":{"line":37,"column":60},"end":{"line":37,"column":63}},{"start":{"line":37,"column":66},"end":{"line":37,"column":69}}],"line":37},"18":{"loc":{"start":{"line":38,"column":44},"end":{"line":38,"column":69}},"type":"cond-expr","locations":[{"start":{"line":38,"column":60},"end":{"line":38,"column":63}},{"start":{"line":38,"column":66},"end":{"line":38,"column":69}}],"line":38},"19":{"loc":{"start":{"line":39,"column":44},"end":{"line":39,"column":69}},"type":"cond-expr","locations":[{"start":{"line":39,"column":60},"end":{"line":39,"column":63}},{"start":{"line":39,"column":66},"end":{"line":39,"column":69}}],"line":39},"20":{"loc":{"start":{"line":40,"column":44},"end":{"line":40,"column":69}},"type":"cond-expr","locations":[{"start":{"line":40,"column":60},"end":{"line":40,"column":63}},{"start":{"line":40,"column":66},"end":{"line":40,"column":69}}],"line":40},"21":{"loc":{"start":{"line":41,"column":44},"end":{"line":41,"column":69}},"type":"cond-expr","locations":[{"start":{"line":41,"column":60},"end":{"line":41,"column":63}},{"start":{"line":41,"column":66},"end":{"line":41,"column":69}}],"line":41},"22":{"loc":{"start":{"line":42,"column":44},"end":{"line":42,"column":69}},"type":"cond-expr","locations":[{"start":{"line":42,"column":60},"end":{"line":42,"column":63}},{"start":{"line":42,"column":66},"end":{"line":42,"column":69}}],"line":42},"23":{"loc":{"start":{"line":43,"column":44},"end":{"line":43,"column":69}},"type":"cond-expr","locations":[{"start":{"line":43,"column":60},"end":{"line":43,"column":63}},{"start":{"line":43,"column":66},"end":{"line":43,"column":69}}],"line":43},"24":{"loc":{"start":{"line":44,"column":44},"end":{"line":44,"column":69}},"type":"cond-expr","locations":[{"start":{"line":44,"column":60},"end":{"line":44,"column":63}},{"start":{"line":44,"column":66},"end":{"line":44,"column":69}}],"line":44},"25":{"loc":{"start":{"line":45,"column":44},"end":{"line":45,"column":69}},"type":"cond-expr","locations":[{"start":{"line":45,"column":60},"end":{"line":45,"column":63}},{"start":{"line":45,"column":66},"end":{"line":45,"column":69}}],"line":45},"26":{"loc":{"start":{"line":46,"column":44},"end":{"line":46,"column":69}},"type":"cond-expr","locations":[{"start":{"line":46,"column":60},"end":{"line":46,"column":63}},{"start":{"line":46,"column":66},"end":{"line":46,"column":69}}],"line":46},"27":{"loc":{"start":{"line":47,"column":44},"end":{"line":47,"column":69}},"type":"cond-expr","locations":[{"start":{"line":47,"column":60},"end":{"line":47,"column":63}},{"start":{"line":47,"column":66},"end":{"line":47,"column":69}}],"line":47},"28":{"loc":{"start":{"line":48,"column":44},"end":{"line":48,"column":69}},"type":"cond-expr","locations":[{"start":{"line":48,"column":60},"end":{"line":48,"column":63}},{"start":{"line":48,"column":66},"end":{"line":48,"column":69}}],"line":48},"29":{"loc":{"start":{"line":49,"column":44},"end":{"line":49,"column":69}},"type":"cond-expr","locations":[{"start":{"line":49,"column":60},"end":{"line":49,"column":63}},{"start":{"line":49,"column":66},"end":{"line":49,"column":69}}],"line":49},"30":{"loc":{"start":{"line":50,"column":44},"end":{"line":50,"column":69}},"type":"cond-expr","locations":[{"start":{"line":50,"column":60},"end":{"line":50,"column":63}},{"start":{"line":50,"column":66},"end":{"line":50,"column":69}}],"line":50},"31":{"loc":{"start":{"line":51,"column":44},"end":{"line":51,"column":69}},"type":"cond-expr","locations":[{"start":{"line":51,"column":60},"end":{"line":51,"column":63}},{"start":{"line":51,"column":66},"end":{"line":51,"column":69}}],"line":51},"32":{"loc":{"start":{"line":52,"column":44},"end":{"line":52,"column":69}},"type":"cond-expr","locations":[{"start":{"line":52,"column":60},"end":{"line":52,"column":63}},{"start":{"line":52,"column":66},"end":{"line":52,"column":69}}],"line":52},"33":{"loc":{"start":{"line":53,"column":44},"end":{"line":53,"column":69}},"type":"cond-expr","locations":[{"start":{"line":53,"column":60},"end":{"line":53,"column":63}},{"start":{"line":53,"column":66},"end":{"line":53,"column":69}}],"line":53}},"s":{"0":0,"1":0,"2":0,"3":0,"4":0,"5":0,"6":0,"7":0,"8":0,"9":0,"10":0,"11":0,"12":0,"13":0,"14":0,"15":0,"16":0,"17":0,"18":0,"19":0,"20":0,"21":0,"22":0,"23":0,"24":0,"25":0,"26":0,"27":0,"28":0,"29":0,"30":0,"31":0,"32":0,"33":0,"34":0,"35":0,"36":0,"37":0,"38":0,"39":0,"40":0,"41":0,"42":0,"43":0,"44":0,"45":0,"46":0,"47":0,"48":0,"49":0,"50":0,"51":0,"52":0,"53":0,"54":0,"55":0,"56":0,"57":0,"58":0,"59":0,"60":0,"61":0,"62":0,"63":0,"64":0,"65":0,"66":0,"67":0,"68":0,"69":0,"70":0,"71":0},"f":{"0":0,"1":0,"2":0,"3":0,"4":0,"5":0,"6":0,"7":0,"8":0,"9":0,"10":0,"11":0,"12":0,"13":0,"14":0,"15":0,"16":0,"17":0,"18":0,"19":0,"20":0,"21":0,"22":0,"23":0,"24":0,"25":0,"26":0,"27":0,"28":0,"29":0,"30":0,"31":0,"32":0,"33":0},"b":{"0":[0,0],"1":[0,0],"2":[0,0],"3":[0,0],"4":[0,0],"5":[0,0],"6":[0,0],"7":[0,0],"8":[0,0],"9":[0,0],"10":[0,0],"11":[0,0],"12":[0,0],"13":[0,0],"14":[0,0],"15":[0,0],"16":[0,0],"17":[0,0],"18":[0,0],"19":[0,0],"20":[0,0],"21":[0,0],"22":[0,0],"23":[0,0],"24":[0,0],"25":[0,0],"26":[0,0],"27":[0,0],"28":[0,0],"29":[0,0],"30":[0,0],"31":[0,0],"32":[0,0],"33":[0,0]}}
,"C:\\Users\\ozodb\\Desktop\\loyihalar\\universal.uz\\server\\src\\validators\\product.validator.js": {"path":"C:\\Users\\ozodb\\Desktop\\loyihalar\\universal.uz\\server\\src\\validators\\product.validator.js","statementMap":{"0":{"start":{"line":5,"column":25},"end":{"line":5,"column":59}},"1":{"start":{"line":7,"column":26},"end":{"line":127,"column":1}},"2":{"start":{"line":129,"column":0},"end":{"line":129,"column":35}}},"fnMap":{},"branchMap":{},"s":{"0":0,"1":0,"2":0},"f":{},"b":{}}
}
