TN:
SF:src\config\index.js
FN:69,(anonymous_0)
FN:86,(anonymous_1)
FNF:2
FNH:0
FNDA:0,(anonymous_0)
FNDA:0,(anonymous_1)
DA:6,1
DA:8,1
DA:69,1
DA:70,0
DA:72,0
DA:73,0
DA:76,0
DA:77,0
DA:80,0
DA:81,0
DA:84,0
DA:85,0
DA:86,0
DA:87,0
DA:92,1
DA:93,0
DA:96,1
LF:17
LH:5
BRDA:11,0,0,1
BRDA:11,0,1,0
BRDA:12,1,0,1
BRDA:12,1,1,0
BRDA:13,2,0,1
BRDA:13,2,1,0
BRDA:18,3,0,1
BRDA:18,3,1,0
BRDA:72,4,0,0
BRDA:72,4,1,0
BRDA:76,5,0,0
BRDA:76,5,1,0
BRDA:80,6,0,0
BRDA:80,6,1,0
BRDA:84,7,0,0
BRDA:84,7,1,0
BRDA:92,8,0,0
BRDA:92,8,1,1
BRF:18
BRH:5
end_of_record
TN:
SF:src\controllers\product.controller.js
FN:15,(anonymous_0)
FN:30,(anonymous_1)
FN:44,(anonymous_2)
FN:59,(anonymous_3)
FN:78,(anonymous_4)
FN:92,(anonymous_5)
FN:106,(anonymous_6)
FNF:7
FNH:0
FNDA:0,(anonymous_0)
FNDA:0,(anonymous_1)
FNDA:0,(anonymous_2)
FNDA:0,(anonymous_3)
FNDA:0,(anonymous_4)
FNDA:0,(anonymous_5)
FNDA:0,(anonymous_6)
DA:6,0
DA:7,0
DA:15,0
DA:16,0
DA:18,0
DA:30,0
DA:31,0
DA:33,0
DA:44,0
DA:45,0
DA:47,0
DA:59,0
DA:60,0
DA:66,0
DA:78,0
DA:79,0
DA:81,0
DA:92,0
DA:93,0
DA:95,0
DA:106,0
DA:107,0
DA:109,0
DA:116,0
LF:24
LH:0
BRF:0
BRH:0
end_of_record
TN:
SF:src\events\inventoryEvents.js
FNF:0
FNH:0
DA:1,0
DA:5,0
DA:8,0
DA:15,0
LF:4
LH:0
BRF:0
BRH:0
end_of_record
TN:
SF:src\middleware\auth.js
FN:15,(anonymous_0)
FN:56,(anonymous_1)
FN:57,(anonymous_2)
FN:79,(anonymous_3)
FNF:4
FNH:0
FNDA:0,(anonymous_0)
FNDA:0,(anonymous_1)
FNDA:0,(anonymous_2)
FNDA:0,(anonymous_3)
DA:6,0
DA:7,0
DA:8,0
DA:9,0
DA:10,0
DA:15,0
DA:16,0
DA:18,0
DA:19,0
DA:20,0
DA:23,0
DA:26,0
DA:27,0
DA:28,0
DA:31,0
DA:34,0
DA:35,0
DA:36,0
DA:40,0
DA:41,0
DA:43,0
DA:44,0
DA:46,0
DA:47,0
DA:49,0
DA:56,0
DA:57,0
DA:58,0
DA:59,0
DA:62,0
DA:63,0
DA:69,0
DA:72,0
DA:79,0
DA:80,0
DA:81,0
DA:82,0
DA:83,0
DA:86,0
DA:87,0
DA:88,0
DA:90,0
DA:91,0
DA:95,0
DA:97,0
DA:100,0
LF:46
LH:0
BRDA:19,0,0,0
BRDA:19,0,1,0
BRDA:19,1,0,0
BRDA:19,1,1,0
BRDA:26,2,0,0
BRDA:26,2,1,0
BRDA:35,3,0,0
BRDA:35,3,1,0
BRDA:43,4,0,0
BRDA:43,4,1,0
BRDA:46,5,0,0
BRDA:46,5,1,0
BRDA:58,6,0,0
BRDA:58,6,1,0
BRDA:62,7,0,0
BRDA:62,7,1,0
BRDA:82,8,0,0
BRDA:82,8,1,0
BRDA:82,9,0,0
BRDA:82,9,1,0
BRDA:90,10,0,0
BRDA:90,10,1,0
BRF:22
BRH:0
end_of_record
TN:
SF:src\middleware\errorHandler.js
FN:9,(anonymous_0)
FN:42,(anonymous_1)
FN:85,(anonymous_2)
FN:94,(anonymous_3)
FNF:4
FNH:0
FNDA:0,(anonymous_0)
FNDA:0,(anonymous_1)
FNDA:0,(anonymous_2)
FNDA:0,(anonymous_3)
DA:6,0
DA:7,0
DA:9,0
DA:10,0
DA:11,0
DA:12,0
DA:15,0
DA:25,0
DA:26,0
DA:30,0
DA:31,0
DA:32,0
DA:33,0
DA:41,0
DA:42,0
DA:46,0
DA:47,0
DA:51,0
DA:52,0
DA:55,0
DA:56,0
DA:60,0
DA:61,0
DA:62,0
DA:64,0
DA:69,0
DA:70,0
DA:73,0
DA:85,0
DA:86,0
DA:88,0
DA:89,0
DA:94,0
DA:95,0
DA:96,0
DA:99,0
LF:36
LH:0
BRDA:25,0,0,0
BRDA:25,0,1,0
BRDA:30,1,0,0
BRDA:30,1,1,0
BRDA:41,2,0,0
BRDA:41,2,1,0
BRDA:51,3,0,0
BRDA:51,3,1,0
BRDA:55,4,0,0
BRDA:55,4,1,0
BRDA:60,5,0,0
BRDA:60,5,1,0
BRDA:61,6,0,0
BRDA:61,6,1,0
BRDA:69,7,0,0
BRDA:69,7,1,0
BRDA:70,8,0,0
BRDA:70,8,1,0
BRDA:76,9,0,0
BRDA:76,9,1,0
BRDA:78,10,0,0
BRDA:78,10,1,0
BRDA:79,11,0,0
BRDA:79,11,1,0
BRDA:88,12,0,0
BRDA:88,12,1,0
BRF:26
BRH:0
end_of_record
TN:
SF:src\middleware\security.js
FN:62,(anonymous_0)
FN:84,sanitizeObject
FN:90,(anonymous_2)
FN:103,sanitizeValue
FNF:4
FNH:0
FNDA:0,(anonymous_0)
FNDA:0,sanitizeObject
FNDA:0,(anonymous_2)
FNDA:0,sanitizeValue
DA:6,0
DA:7,0
DA:8,0
DA:13,0
DA:30,0
DA:46,0
DA:62,0
DA:64,0
DA:65,0
DA:69,0
DA:70,0
DA:74,0
DA:75,0
DA:78,0
DA:85,0
DA:86,0
DA:89,0
DA:90,0
DA:93,0
DA:94,0
DA:95,0
DA:97,0
DA:104,0
DA:105,0
DA:109,0
DA:115,0
LF:26
LH:0
BRDA:64,0,0,0
BRDA:64,0,1,0
BRDA:69,1,0,0
BRDA:69,1,1,0
BRDA:74,2,0,0
BRDA:74,2,1,0
BRDA:85,3,0,0
BRDA:85,3,1,0
BRDA:85,4,0,0
BRDA:85,4,1,0
BRDA:89,5,0,0
BRDA:89,5,1,0
BRDA:104,6,0,0
BRDA:104,6,1,0
BRF:14
BRH:0
end_of_record
TN:
SF:src\middleware\validator.js
FN:12,(anonymous_0)
FN:13,(anonymous_1)
FN:30,(anonymous_2)
FNF:3
FNH:0
FNDA:0,(anonymous_0)
FNDA:0,(anonymous_1)
FNDA:0,(anonymous_2)
DA:6,0
DA:7,0
DA:12,0
DA:13,0
DA:14,0
DA:20,0
DA:29,0
DA:30,0
DA:34,0
DA:38,0
DA:39,0
DA:40,0
DA:42,0
DA:49,0
DA:74,0
LF:15
LH:0
BRDA:29,0,0,0
BRDA:29,0,1,0
BRDA:38,1,0,0
BRDA:38,1,1,0
BRDA:39,2,0,0
BRDA:39,2,1,0
BRDA:40,3,0,0
BRDA:40,3,1,0
BRF:8
BRH:0
end_of_record
TN:
SF:src\models\Customer.js
FNF:0
FNH:0
DA:1,0
DA:3,0
DA:12,0
DA:23,0
LF:4
LH:0
BRF:0
BRH:0
end_of_record
TN:
SF:src\models\Debt.js
FNF:0
FNH:0
DA:1,0
DA:3,0
DA:10,0
DA:26,0
DA:27,0
DA:28,0
DA:29,0
DA:30,0
DA:32,0
LF:9
LH:0
BRF:0
BRH:0
end_of_record
TN:
SF:src\models\Order.js
FNF:0
FNH:0
DA:1,0
DA:3,0
DA:10,0
DA:24,0
LF:4
LH:0
BRF:0
BRH:0
end_of_record
TN:
SF:src\models\PrinterSettings.js
FN:40,(anonymous_0)
FN:48,(anonymous_1)
FNF:2
FNH:0
FNDA:0,(anonymous_0)
FNDA:0,(anonymous_1)
DA:1,0
DA:3,0
DA:40,0
DA:41,0
DA:42,0
DA:43,0
DA:45,0
DA:48,0
DA:49,0
DA:50,0
DA:51,0
DA:53,0
DA:54,0
DA:56,0
DA:59,0
LF:15
LH:0
BRDA:42,0,0,0
BRDA:42,0,1,0
BRDA:50,1,0,0
BRDA:50,1,1,0
BRF:4
BRH:0
end_of_record
TN:
SF:src\models\Product.js
FN:56,(anonymous_0)
FN:67,(anonymous_1)
FNF:2
FNH:0
FNDA:0,(anonymous_0)
FNDA:0,(anonymous_1)
DA:1,1
DA:3,1
DA:38,1
DA:44,1
DA:47,1
DA:50,1
DA:53,1
DA:56,1
DA:57,0
DA:58,0
DA:60,0
DA:61,0
DA:63,0
DA:67,1
DA:68,0
DA:69,0
DA:70,0
DA:72,0
DA:73,0
DA:75,0
DA:78,1
LF:21
LH:10
BRDA:57,0,0,0
BRDA:57,0,1,0
BRDA:60,1,0,0
BRDA:60,1,1,0
BRDA:69,2,0,0
BRDA:69,2,1,0
BRDA:72,3,0,0
BRDA:72,3,1,0
BRF:8
BRH:0
end_of_record
TN:
SF:src\models\Receipt.js
FNF:0
FNH:0
DA:1,0
DA:3,0
DA:11,0
DA:29,0
LF:4
LH:0
BRF:0
BRH:0
end_of_record
TN:
SF:src\models\User.js
FN:14,(anonymous_0)
FN:20,(anonymous_1)
FNF:2
FNH:0
FNDA:0,(anonymous_0)
FNDA:0,(anonymous_1)
DA:1,0
DA:2,0
DA:4,0
DA:14,0
DA:15,0
DA:16,0
DA:17,0
DA:20,0
DA:21,0
DA:24,0
LF:10
LH:0
BRDA:15,0,0,0
BRDA:15,0,1,0
BRF:2
BRH:0
end_of_record
TN:
SF:src\models\Warehouse.js
FN:16,(anonymous_0)
FNF:1
FNH:0
FNDA:0,(anonymous_0)
DA:1,1
DA:3,1
DA:16,1
DA:17,0
DA:18,0
DA:19,0
DA:22,0
DA:27,0
DA:30,1
LF:9
LH:4
BRDA:17,0,0,0
BRDA:17,0,1,0
BRDA:17,1,0,0
BRDA:17,1,1,0
BRF:4
BRH:0
end_of_record
TN:
SF:src\models\WarehouseInventory.js
FN:41,(anonymous_0)
FNF:1
FNH:0
FNDA:0,(anonymous_0)
DA:1,1
DA:4,1
DA:32,1
DA:35,1
DA:36,1
DA:37,1
DA:38,1
DA:41,1
DA:42,0
DA:43,0
DA:46,1
LF:11
LH:9
BRF:0
BRH:0
end_of_record
TN:
SF:src\models\WarehouseTransfer.js
FN:52,(anonymous_0)
FNF:1
FNH:0
FNDA:0,(anonymous_0)
DA:1,0
DA:4,0
DA:44,0
DA:45,0
DA:46,0
DA:47,0
DA:48,0
DA:49,0
DA:52,0
DA:53,0
DA:54,0
DA:55,0
DA:60,0
DA:61,0
DA:62,0
DA:63,0
DA:64,0
DA:66,0
DA:70,0
DA:73,0
LF:20
LH:0
BRDA:53,0,0,0
BRDA:53,0,1,0
BRDA:60,1,0,0
BRDA:60,1,1,0
BRDA:60,2,0,0
BRDA:60,2,1,0
BRDA:61,3,0,0
BRDA:61,3,1,0
BRDA:61,4,0,0
BRDA:61,4,1,0
BRDA:63,5,0,0
BRDA:63,5,1,0
BRDA:63,6,0,0
BRDA:63,6,1,0
BRF:14
BRH:0
end_of_record
TN:
SF:src\routes\auth.js
FN:8,(anonymous_0)
FN:45,(anonymous_1)
FN:56,(anonymous_2)
FNF:3
FNH:0
FNDA:0,(anonymous_0)
FNDA:0,(anonymous_1)
FNDA:0,(anonymous_2)
DA:1,0
DA:2,0
DA:3,0
DA:4,0
DA:6,0
DA:8,0
DA:9,0
DA:10,0
DA:12,0
DA:15,0
DA:19,0
DA:20,0
DA:21,0
DA:24,0
DA:26,0
DA:28,0
DA:29,0
DA:30,0
DA:33,0
DA:36,0
DA:37,0
DA:38,0
DA:40,0
DA:41,0
DA:45,0
DA:46,0
DA:47,0
DA:56,0
DA:57,0
DA:58,0
DA:59,0
DA:61,0
DA:63,0
DA:72,0
DA:73,0
DA:74,0
DA:75,0
DA:76,0
DA:78,0
DA:80,0
DA:82,0
DA:90,0
DA:91,0
DA:95,0
LF:44
LH:0
BRDA:19,0,0,0
BRDA:19,0,1,0
BRDA:28,1,0,0
BRDA:28,1,1,0
BRDA:36,2,0,0
BRDA:36,2,1,0
BRDA:37,3,0,0
BRDA:37,3,1,0
BRDA:38,4,0,0
BRDA:38,4,1,0
BRDA:50,5,0,0
BRDA:50,5,1,0
BRDA:61,6,0,0
BRDA:61,6,1,0
BRDA:74,7,0,0
BRDA:74,7,1,0
BRF:16
BRH:0
end_of_record
TN:
SF:src\routes\customers.js
FN:8,(anonymous_0)
FN:21,(anonymous_1)
FN:41,(anonymous_2)
FN:48,(anonymous_3)
FN:60,(anonymous_4)
FN:92,(anonymous_5)
FN:93,(anonymous_6)
FN:103,(anonymous_7)
FN:124,(anonymous_8)
FN:132,(anonymous_9)
FN:164,(anonymous_10)
FN:205,(anonymous_11)
FNF:12
FNH:0
FNDA:0,(anonymous_0)
FNDA:0,(anonymous_1)
FNDA:0,(anonymous_2)
FNDA:0,(anonymous_3)
FNDA:0,(anonymous_4)
FNDA:0,(anonymous_5)
FNDA:0,(anonymous_6)
FNDA:0,(anonymous_7)
FNDA:0,(anonymous_8)
FNDA:0,(anonymous_9)
FNDA:0,(anonymous_10)
FNDA:0,(anonymous_11)
DA:1,0
DA:2,0
DA:3,0
DA:4,0
DA:6,0
DA:8,0
DA:9,0
DA:10,0
DA:11,0
DA:12,0
DA:13,0
DA:18,0
DA:21,0
DA:22,0
DA:40,0
DA:41,0
DA:42,0
DA:48,0
DA:54,0
DA:56,0
DA:60,0
DA:61,0
DA:62,0
DA:63,0
DA:66,0
DA:73,0
DA:91,0
DA:92,0
DA:93,0
DA:103,0
DA:104,0
DA:118,0
DA:119,0
DA:120,0
DA:121,0
DA:124,0
DA:126,0
DA:128,0
DA:132,0
DA:133,0
DA:134,0
DA:137,0
DA:140,0
DA:141,0
DA:148,0
DA:149,0
DA:150,0
DA:156,0
DA:157,0
DA:158,0
DA:160,0
DA:164,0
DA:165,0
DA:166,0
DA:167,0
DA:170,0
DA:171,0
DA:175,0
DA:176,0
DA:184,0
DA:185,0
DA:189,0
DA:190,0
DA:197,0
DA:198,0
DA:199,0
DA:201,0
DA:205,0
DA:206,0
DA:207,0
DA:208,0
DA:209,0
DA:211,0
DA:215,0
LF:74
LH:0
BRDA:12,0,0,0
BRDA:12,0,1,0
BRDA:50,1,0,0
BRDA:50,1,1,0
BRDA:51,2,0,0
BRDA:51,2,1,0
BRDA:63,3,0,0
BRDA:63,3,1,0
BRDA:108,4,0,0
BRDA:108,4,1,0
BRDA:109,5,0,0
BRDA:109,5,1,0
BRDA:110,6,0,0
BRDA:110,6,1,0
BRDA:119,7,0,0
BRDA:119,7,1,0
BRDA:120,8,0,0
BRDA:120,8,1,0
BRDA:140,9,0,0
BRDA:140,9,1,0
BRDA:149,10,0,0
BRDA:149,10,1,0
BRDA:170,11,0,0
BRDA:170,11,1,0
BRDA:175,12,0,0
BRDA:175,12,1,0
BRDA:184,13,0,0
BRDA:184,13,1,0
BRDA:189,14,0,0
BRDA:189,14,1,0
BRDA:198,15,0,0
BRDA:198,15,1,0
BRDA:208,16,0,0
BRDA:208,16,1,0
BRF:34
BRH:0
end_of_record
TN:
SF:src\routes\debts.js
FN:11,(anonymous_0)
FN:15,(anonymous_1)
FN:38,(anonymous_2)
FN:76,(anonymous_3)
FN:94,(anonymous_4)
FN:176,(anonymous_5)
FN:177,(anonymous_6)
FN:179,(anonymous_7)
FN:182,(anonymous_8)
FN:193,(anonymous_9)
FN:210,(anonymous_10)
FN:257,(anonymous_11)
FN:301,(anonymous_12)
FN:337,(anonymous_13)
FN:362,(anonymous_14)
FN:388,(anonymous_15)
FN:486,(anonymous_16)
FN:520,(anonymous_17)
FNF:18
FNH:0
FNDA:0,(anonymous_0)
FNDA:0,(anonymous_1)
FNDA:0,(anonymous_2)
FNDA:0,(anonymous_3)
FNDA:0,(anonymous_4)
FNDA:0,(anonymous_5)
FNDA:0,(anonymous_6)
FNDA:0,(anonymous_7)
FNDA:0,(anonymous_8)
FNDA:0,(anonymous_9)
FNDA:0,(anonymous_10)
FNDA:0,(anonymous_11)
FNDA:0,(anonymous_12)
FNDA:0,(anonymous_13)
FNDA:0,(anonymous_14)
FNDA:0,(anonymous_15)
FNDA:0,(anonymous_16)
FNDA:0,(anonymous_17)
DA:1,0
DA:2,0
DA:3,0
DA:4,0
DA:5,0
DA:7,0
DA:11,0
DA:12,0
DA:15,0
DA:16,0
DA:17,0
DA:18,0
DA:19,0
DA:20,0
DA:22,0
DA:32,0
DA:34,0
DA:38,0
DA:39,0
DA:40,0
DA:41,0
DA:42,0
DA:44,0
DA:47,0
DA:57,0
DA:69,0
DA:71,0
DA:76,0
DA:77,0
DA:78,0
DA:79,0
DA:82,0
DA:83,0
DA:86,0
DA:94,0
DA:98,0
DA:175,0
DA:176,0
DA:179,0
DA:182,0
DA:183,0
DA:187,0
DA:193,0
DA:203,0
DA:205,0
DA:206,0
DA:210,0
DA:211,0
DA:212,0
DA:214,0
DA:216,0
DA:225,0
DA:227,0
DA:228,0
DA:229,0
DA:231,0
DA:232,0
DA:233,0
DA:234,0
DA:236,0
DA:240,0
DA:241,0
DA:242,0
DA:245,0
DA:246,0
DA:248,0
DA:250,0
DA:252,0
DA:253,0
DA:257,0
DA:258,0
DA:259,0
DA:260,0
DA:261,0
DA:263,0
DA:264,0
DA:266,0
DA:267,0
DA:269,0
DA:271,0
DA:272,0
DA:275,0
DA:278,0
DA:279,0
DA:282,0
DA:283,0
DA:285,0
DA:294,0
DA:298,0
DA:299,0
DA:300,0
DA:301,0
DA:303,0
DA:304,0
DA:305,0
DA:306,0
DA:307,0
DA:308,0
DA:309,0
DA:310,0
DA:311,0
DA:312,0
DA:313,0
DA:314,0
DA:316,0
DA:317,0
DA:318,0
DA:320,0
DA:321,0
DA:322,0
DA:325,0
DA:326,0
DA:327,0
DA:330,0
DA:331,0
DA:332,0
DA:334,0
DA:335,0
DA:336,0
DA:337,0
DA:340,0
DA:341,0
DA:342,0
DA:343,0
DA:345,0
DA:350,0
DA:355,0
DA:357,0
DA:362,0
DA:363,0
DA:364,0
DA:365,0
DA:366,0
DA:369,0
DA:370,0
DA:377,0
DA:378,0
DA:381,0
DA:383,0
DA:388,0
DA:389,0
DA:390,0
DA:392,0
DA:393,0
DA:396,0
DA:397,0
DA:399,0
DA:405,0
DA:406,0
DA:409,0
DA:410,0
DA:411,0
DA:413,0
DA:414,0
DA:416,0
DA:418,0
DA:419,0
DA:421,0
DA:426,0
DA:427,0
DA:429,0
DA:437,0
DA:438,0
DA:439,0
DA:441,0
DA:446,0
DA:447,0
DA:449,0
DA:457,0
DA:458,0
DA:461,0
DA:464,0
DA:468,0
DA:469,0
DA:472,0
DA:481,0
DA:482,0
DA:486,0
DA:487,0
DA:488,0
DA:489,0
DA:490,0
DA:493,0
DA:494,0
DA:495,0
DA:496,0
DA:497,0
DA:498,0
DA:502,0
DA:503,0
DA:504,0
DA:505,0
DA:507,0
DA:508,0
DA:510,0
DA:513,0
DA:514,0
DA:516,0
DA:520,0
DA:521,0
DA:522,0
DA:523,0
DA:526,0
DA:527,0
DA:528,0
DA:529,0
DA:536,0
DA:539,0
DA:540,0
DA:543,0
DA:545,0
DA:549,0
DA:550,0
LF:213
LH:0
BRDA:19,0,0,0
BRDA:19,0,1,0
BRDA:20,1,0,0
BRDA:20,1,1,0
BRDA:44,2,0,0
BRDA:44,2,1,0
BRDA:64,3,0,0
BRDA:64,3,1,0
BRDA:79,4,0,0
BRDA:79,4,1,0
BRDA:176,5,0,0
BRDA:176,5,1,0
BRDA:183,6,0,0
BRDA:183,6,1,0
BRDA:183,6,2,0
BRDA:183,6,3,0
BRDA:193,7,0,0
BRDA:193,7,1,0
BRDA:193,8,0,0
BRDA:193,8,1,0
BRDA:197,9,0,0
BRDA:197,9,1,0
BRDA:198,10,0,0
BRDA:198,10,1,0
BRDA:199,11,0,0
BRDA:199,11,1,0
BRDA:217,12,0,0
BRDA:217,12,1,0
BRDA:219,13,0,0
BRDA:219,13,1,0
BRDA:225,14,0,0
BRDA:225,14,1,0
BRDA:227,15,0,0
BRDA:227,15,1,0
BRDA:232,16,0,0
BRDA:232,16,1,0
BRDA:261,17,0,0
BRDA:261,17,1,0
BRDA:271,18,0,0
BRDA:271,18,1,0
BRDA:278,19,0,0
BRDA:278,19,1,0
BRDA:278,20,0,0
BRDA:278,20,1,0
BRDA:283,21,0,0
BRDA:283,21,1,0
BRDA:288,22,0,0
BRDA:288,22,1,0
BRDA:300,23,0,0
BRDA:300,23,1,0
BRDA:300,24,0,0
BRDA:300,24,1,0
BRDA:309,25,0,0
BRDA:309,25,1,0
BRDA:316,26,0,0
BRDA:316,26,1,0
BRDA:334,27,0,0
BRDA:334,27,1,0
BRDA:340,28,0,0
BRDA:340,28,1,0
BRDA:366,29,0,0
BRDA:366,29,1,0
BRDA:369,30,0,0
BRDA:369,30,1,0
BRDA:372,31,0,0
BRDA:372,31,1,0
BRDA:377,32,0,0
BRDA:377,32,1,0
BRDA:381,33,0,0
BRDA:381,33,1,0
BRDA:392,34,0,0
BRDA:392,34,1,0
BRDA:392,35,0,0
BRDA:392,35,1,0
BRDA:392,35,2,0
BRDA:396,36,0,0
BRDA:396,36,1,0
BRDA:397,37,0,0
BRDA:397,37,1,0
BRDA:405,38,0,0
BRDA:405,38,1,0
BRDA:414,39,0,0
BRDA:414,39,1,0
BRDA:414,40,0,0
BRDA:414,40,1,0
BRDA:418,41,0,0
BRDA:418,41,1,0
BRDA:438,42,0,0
BRDA:438,42,1,0
BRDA:438,43,0,0
BRDA:438,43,1,0
BRDA:457,44,0,0
BRDA:457,44,1,0
BRDA:468,45,0,0
BRDA:468,45,1,0
BRDA:490,46,0,0
BRDA:490,46,1,0
BRDA:493,47,0,0
BRDA:493,47,1,0
BRDA:493,48,0,0
BRDA:493,48,1,0
BRDA:497,49,0,0
BRDA:497,49,1,0
BRDA:503,50,0,0
BRDA:503,50,1,0
BRDA:507,51,0,0
BRDA:507,51,1,0
BRDA:523,52,0,0
BRDA:523,52,1,0
BRDA:526,53,0,0
BRDA:526,53,1,0
BRDA:526,54,0,0
BRDA:526,54,1,0
BRDA:528,55,0,0
BRDA:528,55,1,0
BRDA:539,56,0,0
BRDA:539,56,1,0
BRF:117
BRH:0
end_of_record
TN:
SF:src\routes\inventory.js
FN:17,getCacheKey
FN:21,getFromCache
FN:35,setCache
FN:42,clearCache
FN:55,clearCacheForWarehouse
FN:77,(anonymous_5)
FN:132,(anonymous_6)
FN:138,(anonymous_7)
FN:154,(anonymous_8)
FN:162,(anonymous_9)
FN:175,(anonymous_10)
FN:223,(anonymous_11)
FN:239,(anonymous_12)
FN:406,(anonymous_13)
FN:449,(anonymous_14)
FN:487,(anonymous_15)
FN:508,(anonymous_16)
FN:557,(anonymous_17)
FN:665,(anonymous_18)
FNF:19
FNH:0
FNDA:0,getCacheKey
FNDA:0,getFromCache
FNDA:0,setCache
FNDA:0,clearCache
FNDA:0,clearCacheForWarehouse
FNDA:0,(anonymous_5)
FNDA:0,(anonymous_6)
FNDA:0,(anonymous_7)
FNDA:0,(anonymous_8)
FNDA:0,(anonymous_9)
FNDA:0,(anonymous_10)
FNDA:0,(anonymous_11)
FNDA:0,(anonymous_12)
FNDA:0,(anonymous_13)
FNDA:0,(anonymous_14)
FNDA:0,(anonymous_15)
FNDA:0,(anonymous_16)
FNDA:0,(anonymous_17)
FNDA:0,(anonymous_18)
DA:1,0
DA:2,0
DA:3,0
DA:4,0
DA:5,0
DA:6,0
DA:7,0
DA:8,0
DA:14,0
DA:15,0
DA:18,0
DA:22,0
DA:23,0
DA:25,0
DA:26,0
DA:27,0
DA:28,0
DA:31,0
DA:32,0
DA:36,0
DA:43,0
DA:44,0
DA:45,0
DA:48,0
DA:49,0
DA:50,0
DA:56,0
DA:57,0
DA:58,0
DA:59,0
DA:60,0
DA:63,0
DA:66,0
DA:67,0
DA:68,0
DA:73,0
DA:74,0
DA:77,0
DA:78,0
DA:79,0
DA:80,0
DA:83,0
DA:84,0
DA:86,0
DA:87,0
DA:88,0
DA:91,0
DA:92,0
DA:95,0
DA:98,0
DA:99,0
DA:108,0
DA:109,0
DA:127,0
DA:128,0
DA:131,0
DA:132,0
DA:133,0
DA:137,0
DA:139,0
DA:140,0
DA:141,0
DA:152,0
DA:153,0
DA:154,0
DA:155,0
DA:156,0
DA:157,0
DA:162,0
DA:163,0
DA:164,0
DA:165,0
DA:169,0
DA:170,0
DA:171,0
DA:172,0
DA:175,0
DA:195,0
DA:196,0
DA:197,0
DA:200,0
DA:201,0
DA:203,0
DA:205,0
DA:208,0
DA:209,0
DA:210,0
DA:211,0
DA:212,0
DA:215,0
DA:223,0
DA:224,0
DA:225,0
DA:227,0
DA:231,0
DA:233,0
DA:234,0
DA:239,0
DA:240,0
DA:241,0
DA:246,0
DA:247,0
DA:250,0
DA:251,0
DA:254,0
DA:255,0
DA:261,0
DA:267,0
DA:268,0
DA:271,0
DA:272,0
DA:275,0
DA:276,0
DA:282,0
DA:283,0
DA:284,0
DA:285,0
DA:286,0
DA:289,0
DA:290,0
DA:291,0
DA:292,0
DA:293,0
DA:298,0
DA:303,0
DA:304,0
DA:305,0
DA:311,0
DA:313,0
DA:314,0
DA:315,0
DA:328,0
DA:329,0
DA:330,0
DA:332,0
DA:334,0
DA:335,0
DA:337,0
DA:338,0
DA:342,0
DA:347,0
DA:349,0
DA:350,0
DA:351,0
DA:352,0
DA:353,0
DA:354,0
DA:356,0
DA:362,0
DA:368,0
DA:379,0
DA:380,0
DA:383,0
DA:386,0
DA:388,0
DA:400,0
DA:401,0
DA:406,0
DA:407,0
DA:408,0
DA:410,0
DA:412,0
DA:413,0
DA:416,0
DA:417,0
DA:423,0
DA:424,0
DA:427,0
DA:428,0
DA:429,0
DA:430,0
DA:433,0
DA:441,0
DA:443,0
DA:444,0
DA:449,0
DA:450,0
DA:451,0
DA:453,0
DA:455,0
DA:456,0
DA:462,0
DA:463,0
DA:464,0
DA:465,0
DA:468,0
DA:479,0
DA:487,0
DA:488,0
DA:489,0
DA:491,0
DA:492,0
DA:493,0
DA:494,0
DA:495,0
DA:496,0
DA:500,0
DA:502,0
DA:503,0
DA:508,0
DA:509,0
DA:510,0
DA:512,0
DA:513,0
DA:517,0
DA:522,0
DA:523,0
DA:526,0
DA:527,0
DA:531,0
DA:536,0
DA:537,0
DA:538,0
DA:540,0
DA:547,0
DA:549,0
DA:551,0
DA:552,0
DA:557,0
DA:558,0
DA:559,0
DA:564,0
DA:569,0
DA:570,0
DA:573,0
DA:574,0
DA:575,0
DA:576,0
DA:581,0
DA:582,0
DA:583,0
DA:585,0
DA:586,0
DA:587,0
DA:597,0
DA:602,0
DA:603,0
DA:604,0
DA:605,0
DA:606,0
DA:609,0
DA:614,0
DA:618,0
DA:623,0
DA:624,0
DA:625,0
DA:628,0
DA:629,0
DA:630,0
DA:632,0
DA:633,0
DA:636,0
DA:642,0
DA:643,0
DA:645,0
DA:647,0
DA:659,0
DA:660,0
DA:665,0
DA:666,0
DA:668,0
DA:675,0
DA:676,0
DA:684,0
DA:685,0
DA:686,0
DA:687,0
DA:692,0
DA:694,0
DA:695,0
DA:696,0
DA:697,0
DA:700,0
DA:701,0
DA:703,0
DA:708,0
DA:710,0
DA:711,0
DA:712,0
DA:713,0
DA:715,0
DA:719,0
DA:725,0
DA:729,0
DA:730,0
DA:731,0
DA:732,0
DA:736,0
DA:740,0
DA:754,0
DA:755,0
DA:759,0
LF:292
LH:0
BRDA:18,0,0,0
BRDA:18,0,1,0
BRDA:18,1,0,0
BRDA:18,1,1,0
BRDA:23,2,0,0
BRDA:23,2,1,0
BRDA:26,3,0,0
BRDA:26,3,1,0
BRDA:48,4,0,0
BRDA:48,4,1,0
BRDA:58,5,0,0
BRDA:58,5,1,0
BRDA:66,6,0,0
BRDA:66,6,1,0
BRDA:80,7,0,0
BRDA:80,8,0,0
BRDA:86,9,0,0
BRDA:86,9,1,0
BRDA:98,10,0,0
BRDA:98,10,1,0
BRDA:140,11,0,0
BRDA:140,11,1,0
BRDA:152,12,0,0
BRDA:152,12,1,0
BRDA:155,13,0,0
BRDA:155,13,1,0
BRDA:156,14,0,0
BRDA:156,14,1,0
BRDA:157,15,0,0
BRDA:157,15,1,0
BRDA:163,16,0,0
BRDA:163,16,1,0
BRDA:164,17,0,0
BRDA:164,17,1,0
BRDA:190,18,0,0
BRDA:190,18,1,0
BRDA:191,19,0,0
BRDA:191,19,1,0
BRDA:210,20,0,0
BRDA:210,20,1,0
BRDA:246,21,0,0
BRDA:246,21,1,0
BRDA:246,22,0,0
BRDA:246,22,1,0
BRDA:246,22,2,0
BRDA:246,22,3,0
BRDA:250,23,0,0
BRDA:250,23,1,0
BRDA:254,24,0,0
BRDA:254,24,1,0
BRDA:267,25,0,0
BRDA:267,25,1,0
BRDA:271,26,0,0
BRDA:271,26,1,0
BRDA:275,27,0,0
BRDA:275,27,1,0
BRDA:283,28,0,0
BRDA:283,28,1,0
BRDA:283,29,0,0
BRDA:283,29,1,0
BRDA:285,30,0,0
BRDA:285,30,1,0
BRDA:285,31,0,0
BRDA:285,31,1,0
BRDA:291,32,0,0
BRDA:291,32,1,0
BRDA:292,33,0,0
BRDA:292,33,1,0
BRDA:303,34,0,0
BRDA:303,34,1,0
BRDA:313,35,0,0
BRDA:313,35,1,0
BRDA:332,36,0,0
BRDA:332,36,1,0
BRDA:347,37,0,0
BRDA:347,37,1,0
BRDA:349,38,0,0
BRDA:349,38,1,0
BRDA:360,39,0,0
BRDA:360,39,1,0
BRDA:375,40,0,0
BRDA:375,40,1,0
BRDA:390,41,0,0
BRDA:390,41,1,0
BRDA:390,42,0,0
BRDA:390,42,1,0
BRDA:408,43,0,0
BRDA:412,44,0,0
BRDA:412,44,1,0
BRDA:416,45,0,0
BRDA:416,45,1,0
BRDA:423,46,0,0
BRDA:423,46,1,0
BRDA:423,47,0,0
BRDA:423,47,1,0
BRDA:427,48,0,0
BRDA:427,48,1,0
BRDA:427,49,0,0
BRDA:427,49,1,0
BRDA:429,50,0,0
BRDA:429,50,1,0
BRDA:430,51,0,0
BRDA:430,51,1,0
BRDA:455,52,0,0
BRDA:455,52,1,0
BRDA:462,53,0,0
BRDA:462,53,1,0
BRDA:462,54,0,0
BRDA:462,54,1,0
BRDA:464,55,0,0
BRDA:464,55,1,0
BRDA:465,56,0,0
BRDA:465,56,1,0
BRDA:491,57,0,0
BRDA:491,57,1,0
BRDA:493,58,0,0
BRDA:493,58,1,0
BRDA:495,59,0,0
BRDA:495,59,1,0
BRDA:512,60,0,0
BRDA:512,60,1,0
BRDA:512,61,0,0
BRDA:512,61,1,0
BRDA:512,61,2,0
BRDA:522,62,0,0
BRDA:522,62,1,0
BRDA:526,63,0,0
BRDA:526,63,1,0
BRDA:536,64,0,0
BRDA:536,64,1,0
BRDA:569,65,0,0
BRDA:569,65,1,0
BRDA:585,66,0,0
BRDA:585,66,1,0
BRDA:602,67,0,0
BRDA:602,67,1,0
BRDA:623,68,0,0
BRDA:623,68,1,0
BRDA:628,69,0,0
BRDA:628,69,1,0
BRDA:675,70,0,0
BRDA:675,70,1,0
BRDA:684,71,0,0
BRDA:684,71,1,0
BRDA:708,72,0,0
BRDA:708,72,1,0
BRDA:710,73,0,0
BRDA:710,73,1,0
BRDA:722,74,0,0
BRDA:722,74,1,0
BRDA:723,75,0,0
BRDA:723,75,1,0
BRDA:729,76,0,0
BRDA:729,76,1,0
BRDA:729,77,0,0
BRDA:729,77,1,0
BRDA:750,78,0,0
BRDA:750,78,1,0
BRF:158
BRH:0
end_of_record
TN:
SF:src\routes\orders.js
FN:7,(anonymous_0)
FN:20,(anonymous_1)
FN:30,(anonymous_2)
FN:40,(anonymous_3)
FN:51,(anonymous_4)
FNF:5
FNH:0
FNDA:0,(anonymous_0)
FNDA:0,(anonymous_1)
FNDA:0,(anonymous_2)
FNDA:0,(anonymous_3)
FNDA:0,(anonymous_4)
DA:1,0
DA:2,0
DA:3,0
DA:5,0
DA:7,0
DA:8,0
DA:9,0
DA:10,0
DA:11,0
DA:13,0
DA:14,0
DA:16,0
DA:20,0
DA:21,0
DA:22,0
DA:23,0
DA:24,0
DA:26,0
DA:30,0
DA:31,0
DA:32,0
DA:33,0
DA:34,0
DA:36,0
DA:40,0
DA:41,0
DA:42,0
DA:43,0
DA:44,0
DA:45,0
DA:47,0
DA:51,0
DA:52,0
DA:53,0
DA:54,0
DA:55,0
DA:57,0
DA:61,0
LF:38
LH:0
BRDA:11,0,0,0
BRDA:11,0,1,0
BRDA:11,1,0,0
BRDA:11,1,1,0
BRDA:23,2,0,0
BRDA:23,2,1,0
BRDA:44,3,0,0
BRDA:44,3,1,0
BRDA:54,4,0,0
BRDA:54,4,1,0
BRF:10
BRH:0
end_of_record
TN:
SF:src\routes\print.js
FN:24,(anonymous_0)
FN:38,formatNum
FN:45,rightAlign
FN:54,leftAlign
FN:63,centerText
FN:73,makeLine
FN:86,wrapText
FN:107,buildReceipt
FN:111,(anonymous_8)
FN:112,(anonymous_9)
FN:206,checkPrinter
FN:207,(anonymous_11)
FN:209,(anonymous_12)
FN:222,sendRaw
FN:223,(anonymous_14)
FN:246,(anonymous_15)
FN:254,(anonymous_16)
FN:270,sendUSB
FN:271,(anonymous_18)
FN:278,(anonymous_19)
FN:284,(anonymous_20)
FN:306,(anonymous_21)
FN:307,(anonymous_22)
FN:310,(anonymous_23)
FN:316,(anonymous_24)
FN:316,(anonymous_25)
FN:325,(anonymous_26)
FN:339,(anonymous_27)
FN:384,(anonymous_28)
FN:398,(anonymous_29)
FNF:30
FNH:0
FNDA:0,(anonymous_0)
FNDA:0,formatNum
FNDA:0,rightAlign
FNDA:0,leftAlign
FNDA:0,centerText
FNDA:0,makeLine
FNDA:0,wrapText
FNDA:0,buildReceipt
FNDA:0,(anonymous_8)
FNDA:0,(anonymous_9)
FNDA:0,checkPrinter
FNDA:0,(anonymous_11)
FNDA:0,(anonymous_12)
FNDA:0,sendRaw
FNDA:0,(anonymous_14)
FNDA:0,(anonymous_15)
FNDA:0,(anonymous_16)
FNDA:0,sendUSB
FNDA:0,(anonymous_18)
FNDA:0,(anonymous_19)
FNDA:0,(anonymous_20)
FNDA:0,(anonymous_21)
FNDA:0,(anonymous_22)
FNDA:0,(anonymous_23)
FNDA:0,(anonymous_24)
FNDA:0,(anonymous_25)
FNDA:0,(anonymous_26)
FNDA:0,(anonymous_27)
FNDA:0,(anonymous_28)
FNDA:0,(anonymous_29)
DA:1,0
DA:2,0
DA:3,0
DA:4,0
DA:5,0
DA:6,0
DA:8,0
DA:13,0
DA:14,0
DA:16,0
DA:24,0
DA:28,0
DA:29,0
DA:39,0
DA:46,0
DA:47,0
DA:48,0
DA:55,0
DA:56,0
DA:57,0
DA:64,0
DA:65,0
DA:66,0
DA:67,0
DA:74,0
DA:75,0
DA:76,0
DA:77,0
DA:78,0
DA:80,0
DA:87,0
DA:88,0
DA:89,0
DA:91,0
DA:92,0
DA:93,0
DA:95,0
DA:96,0
DA:99,0
DA:100,0
DA:108,0
DA:109,0
DA:111,0
DA:112,0
DA:115,0
DA:118,0
DA:119,0
DA:120,0
DA:121,0
DA:122,0
DA:123,0
DA:124,0
DA:125,0
DA:128,0
DA:129,0
DA:130,0
DA:131,0
DA:132,0
DA:133,0
DA:135,0
DA:136,0
DA:139,0
DA:140,0
DA:141,0
DA:142,0
DA:143,0
DA:144,0
DA:145,0
DA:146,0
DA:147,0
DA:148,0
DA:151,0
DA:153,0
DA:155,0
DA:156,0
DA:157,0
DA:158,0
DA:159,0
DA:163,0
DA:164,0
DA:165,0
DA:168,0
DA:169,0
DA:170,0
DA:174,0
DA:175,0
DA:176,0
DA:177,0
DA:179,0
DA:180,0
DA:181,0
DA:182,0
DA:183,0
DA:186,0
DA:187,0
DA:188,0
DA:189,0
DA:190,0
DA:193,0
DA:194,0
DA:196,0
DA:207,0
DA:208,0
DA:209,0
DA:210,0
DA:211,0
DA:213,0
DA:223,0
DA:224,0
DA:226,0
DA:227,0
DA:229,0
DA:230,0
DA:234,0
DA:237,0
DA:240,0
DA:243,0
DA:246,0
DA:247,0
DA:248,0
DA:249,0
DA:250,0
DA:254,0
DA:255,0
DA:257,0
DA:258,0
DA:260,0
DA:271,0
DA:272,0
DA:273,0
DA:274,0
DA:276,0
DA:278,0
DA:279,0
DA:280,0
DA:281,0
DA:284,0
DA:285,0
DA:286,0
DA:287,0
DA:289,0
DA:294,0
DA:306,0
DA:307,0
DA:308,0
DA:310,0
DA:311,0
DA:312,0
DA:313,0
DA:316,0
DA:317,0
DA:325,0
DA:326,0
DA:329,0
DA:330,0
DA:337,0
DA:339,0
DA:345,0
DA:348,0
DA:349,0
DA:350,0
DA:351,0
DA:353,0
DA:357,0
DA:358,0
DA:359,0
DA:360,0
DA:367,0
DA:368,0
DA:369,0
DA:372,0
DA:373,0
DA:384,0
DA:385,0
DA:386,0
DA:388,0
DA:398,0
DA:399,0
DA:411,0
DA:413,0
DA:414,0
DA:416,0
DA:417,0
DA:418,0
DA:420,0
DA:421,0
DA:422,0
DA:424,0
DA:429,0
LF:189
LH:0
BRDA:47,0,0,0
BRDA:47,0,1,0
BRDA:56,1,0,0
BRDA:56,1,1,0
BRDA:65,2,0,0
BRDA:65,2,1,0
BRDA:77,3,0,0
BRDA:77,3,1,0
BRDA:92,4,0,0
BRDA:92,4,1,0
BRDA:93,5,0,0
BRDA:93,5,1,0
BRDA:95,6,0,0
BRDA:95,6,1,0
BRDA:96,7,0,0
BRDA:96,7,1,0
BRDA:99,8,0,0
BRDA:99,8,1,0
BRDA:141,9,0,0
BRDA:141,9,1,0
BRDA:210,10,0,0
BRDA:210,10,1,0
BRDA:210,11,0,0
BRDA:210,11,1,0
BRDA:247,12,0,0
BRDA:247,12,1,0
BRDA:257,13,0,0
BRDA:257,13,1,0
BRDA:279,14,0,0
BRDA:279,14,1,0
BRDA:286,15,0,0
BRDA:286,15,1,0
BRDA:311,16,0,0
BRDA:311,16,1,0
BRDA:329,17,0,0
BRDA:329,17,1,0
BRDA:329,18,0,0
BRDA:329,18,1,0
BRDA:339,19,0,0
BRDA:339,19,1,0
BRDA:340,20,0,0
BRDA:340,20,1,0
BRDA:341,21,0,0
BRDA:341,21,1,0
BRDA:342,22,0,0
BRDA:342,22,1,0
BRDA:345,23,0,0
BRDA:345,23,1,0
BRDA:345,23,2,0
BRDA:359,24,0,0
BRDA:359,24,1,0
BRDA:375,25,0,0
BRDA:375,25,1,0
BRDA:385,26,0,0
BRDA:385,26,1,0
BRDA:391,27,0,0
BRDA:391,27,1,0
BRDA:414,28,0,0
BRDA:414,28,1,0
BRF:59
BRH:0
end_of_record
TN:
SF:src\routes\printers.js
FN:23,(anonymous_0)
FN:48,(anonymous_1)
FN:49,(anonymous_2)
FN:58,checkPrinterStatus
FN:59,(anonymous_4)
FN:77,(anonymous_5)
FN:139,checkPrinterQueue
FN:140,(anonymous_7)
FN:151,(anonymous_8)
FN:163,(anonymous_9)
FN:170,(anonymous_10)
FN:186,generateReceiptText
FN:229,(anonymous_12)
FN:270,sendRawToPrinter
FN:332,printViaWindowsCommand
FN:333,(anonymous_15)
FN:339,(anonymous_16)
FN:351,(anonymous_17)
FN:363,(anonymous_18)
FN:379,printViaLinuxCommand
FN:380,(anonymous_20)
FN:384,(anonymous_21)
FN:396,(anonymous_22)
FN:408,cleanupTempFile
FN:409,(anonymous_24)
FN:417,verifyPrintResult
FN:418,(anonymous_26)
FN:420,(anonymous_27)
FN:457,(anonymous_28)
FN:468,(anonymous_29)
FN:477,(anonymous_30)
FN:487,(anonymous_31)
FN:491,(anonymous_32)
FN:515,(anonymous_33)
FN:532,(anonymous_34)
FN:542,(anonymous_35)
FN:552,(anonymous_36)
FN:557,(anonymous_37)
FN:708,(anonymous_38)
FN:770,(anonymous_39)
FN:827,printHtmlDirect
FN:868,printPdfFile
FN:869,(anonymous_42)
FN:880,(anonymous_43)
FN:895,(anonymous_44)
FN:903,(anonymous_45)
FN:926,generateLabelHtml
FN:985,escapeHtml
FN:987,(anonymous_48)
FN:990,formatNumber
FN:994,centerText
FNF:51
FNH:0
FNDA:0,(anonymous_0)
FNDA:0,(anonymous_1)
FNDA:0,(anonymous_2)
FNDA:0,checkPrinterStatus
FNDA:0,(anonymous_4)
FNDA:0,(anonymous_5)
FNDA:0,checkPrinterQueue
FNDA:0,(anonymous_7)
FNDA:0,(anonymous_8)
FNDA:0,(anonymous_9)
FNDA:0,(anonymous_10)
FNDA:0,generateReceiptText
FNDA:0,(anonymous_12)
FNDA:0,sendRawToPrinter
FNDA:0,printViaWindowsCommand
FNDA:0,(anonymous_15)
FNDA:0,(anonymous_16)
FNDA:0,(anonymous_17)
FNDA:0,(anonymous_18)
FNDA:0,printViaLinuxCommand
FNDA:0,(anonymous_20)
FNDA:0,(anonymous_21)
FNDA:0,(anonymous_22)
FNDA:0,cleanupTempFile
FNDA:0,(anonymous_24)
FNDA:0,verifyPrintResult
FNDA:0,(anonymous_26)
FNDA:0,(anonymous_27)
FNDA:0,(anonymous_28)
FNDA:0,(anonymous_29)
FNDA:0,(anonymous_30)
FNDA:0,(anonymous_31)
FNDA:0,(anonymous_32)
FNDA:0,(anonymous_33)
FNDA:0,(anonymous_34)
FNDA:0,(anonymous_35)
FNDA:0,(anonymous_36)
FNDA:0,(anonymous_37)
FNDA:0,(anonymous_38)
FNDA:0,(anonymous_39)
FNDA:0,printHtmlDirect
FNDA:0,printPdfFile
FNDA:0,(anonymous_42)
FNDA:0,(anonymous_43)
FNDA:0,(anonymous_44)
FNDA:0,(anonymous_45)
FNDA:0,generateLabelHtml
FNDA:0,escapeHtml
FNDA:0,(anonymous_48)
FNDA:0,formatNumber
FNDA:0,centerText
DA:1,0
DA:2,0
DA:3,0
DA:4,0
DA:5,0
DA:6,0
DA:7,0
DA:8,0
DA:9,0
DA:12,0
DA:13,0
DA:16,0
DA:17,0
DA:18,0
DA:22,0
DA:23,0
DA:24,0
DA:25,0
DA:26,0
DA:27,0
DA:31,0
DA:32,0
DA:33,0
DA:48,0
DA:49,0
DA:59,0
DA:60,0
DA:61,0
DA:66,0
DA:68,0
DA:69,0
DA:71,0
DA:74,0
DA:77,0
DA:78,0
DA:79,0
DA:80,0
DA:83,0
DA:84,0
DA:86,0
DA:87,0
DA:88,0
DA:91,0
DA:92,0
DA:93,0
DA:97,0
DA:98,0
DA:100,0
DA:108,0
DA:111,0
DA:112,0
DA:114,0
DA:124,0
DA:126,0
DA:127,0
DA:129,0
DA:140,0
DA:143,0
DA:144,0
DA:145,0
DA:146,0
DA:148,0
DA:151,0
DA:152,0
DA:153,0
DA:155,0
DA:156,0
DA:157,0
DA:158,0
DA:159,0
DA:161,0
DA:162,0
DA:163,0
DA:164,0
DA:166,0
DA:167,0
DA:169,0
DA:170,0
DA:171,0
DA:174,0
DA:187,0
DA:188,0
DA:189,0
DA:190,0
DA:191,0
DA:193,0
DA:194,0
DA:196,0
DA:199,0
DA:200,0
DA:201,0
DA:203,0
DA:204,0
DA:205,0
DA:206,0
DA:207,0
DA:208,0
DA:211,0
DA:212,0
DA:213,0
DA:214,0
DA:215,0
DA:218,0
DA:219,0
DA:220,0
DA:221,0
DA:224,0
DA:226,0
DA:229,0
DA:231,0
DA:234,0
DA:237,0
DA:238,0
DA:239,0
DA:240,0
DA:241,0
DA:244,0
DA:247,0
DA:248,0
DA:249,0
DA:250,0
DA:251,0
DA:254,0
DA:255,0
DA:256,0
DA:259,0
DA:262,0
DA:264,0
DA:271,0
DA:274,0
DA:275,0
DA:276,0
DA:278,0
DA:288,0
DA:289,0
DA:291,0
DA:293,0
DA:294,0
DA:295,0
DA:297,0
DA:299,0
DA:300,0
DA:301,0
DA:304,0
DA:308,0
DA:309,0
DA:311,0
DA:312,0
DA:313,0
DA:314,0
DA:315,0
DA:317,0
DA:319,0
DA:320,0
DA:322,0
DA:325,0
DA:326,0
DA:333,0
DA:337,0
DA:339,0
DA:340,0
DA:341,0
DA:342,0
DA:343,0
DA:346,0
DA:349,0
DA:351,0
DA:352,0
DA:353,0
DA:354,0
DA:355,0
DA:358,0
DA:361,0
DA:363,0
DA:364,0
DA:365,0
DA:366,0
DA:368,0
DA:380,0
DA:382,0
DA:384,0
DA:385,0
DA:386,0
DA:387,0
DA:388,0
DA:391,0
DA:394,0
DA:396,0
DA:397,0
DA:398,0
DA:399,0
DA:401,0
DA:409,0
DA:410,0
DA:418,0
DA:420,0
DA:421,0
DA:422,0
DA:425,0
DA:426,0
DA:427,0
DA:431,0
DA:433,0
DA:434,0
DA:435,0
DA:439,0
DA:440,0
DA:441,0
DA:445,0
DA:448,0
DA:457,0
DA:460,0
DA:461,0
DA:462,0
DA:463,0
DA:465,0
DA:468,0
DA:469,0
DA:470,0
DA:471,0
DA:473,0
DA:474,0
DA:475,0
DA:476,0
DA:477,0
DA:482,0
DA:483,0
DA:484,0
DA:487,0
DA:488,0
DA:489,0
DA:491,0
DA:492,0
DA:493,0
DA:494,0
DA:495,0
DA:497,0
DA:504,0
DA:505,0
DA:508,0
DA:509,0
DA:515,0
DA:516,0
DA:517,0
DA:518,0
DA:519,0
DA:521,0
DA:527,0
DA:532,0
DA:533,0
DA:534,0
DA:535,0
DA:537,0
DA:542,0
DA:543,0
DA:544,0
DA:545,0
DA:547,0
DA:552,0
DA:553,0
DA:557,0
DA:558,0
DA:560,0
DA:561,0
DA:564,0
DA:565,0
DA:572,0
DA:573,0
DA:575,0
DA:576,0
DA:583,0
DA:586,0
DA:588,0
DA:589,0
DA:597,0
DA:606,0
DA:607,0
DA:608,0
DA:616,0
DA:625,0
DA:626,0
DA:629,0
DA:630,0
DA:633,0
DA:635,0
DA:636,0
DA:644,0
DA:653,0
DA:662,0
DA:670,0
DA:672,0
DA:680,0
DA:689,0
DA:691,0
DA:698,0
DA:708,0
DA:709,0
DA:711,0
DA:712,0
DA:713,0
DA:714,0
DA:716,0
DA:717,0
DA:721,0
DA:722,0
DA:723,0
DA:729,0
DA:730,0
DA:731,0
DA:732,0
DA:733,0
DA:735,0
DA:736,0
DA:738,0
DA:749,0
DA:750,0
DA:752,0
DA:754,0
DA:755,0
DA:756,0
DA:759,0
DA:760,0
DA:763,0
DA:764,0
DA:765,0
DA:770,0
DA:771,0
DA:773,0
DA:774,0
DA:776,0
DA:777,0
DA:780,0
DA:781,0
DA:782,0
DA:784,0
DA:785,0
DA:789,0
DA:790,0
DA:791,0
DA:795,0
DA:801,0
DA:802,0
DA:804,0
DA:806,0
DA:815,0
DA:818,0
DA:819,0
DA:820,0
DA:828,0
DA:829,0
DA:831,0
DA:836,0
DA:838,0
DA:839,0
DA:840,0
DA:842,0
DA:850,0
DA:852,0
DA:855,0
DA:858,0
DA:861,0
DA:862,0
DA:863,0
DA:869,0
DA:870,0
DA:871,0
DA:874,0
DA:875,0
DA:877,0
DA:880,0
DA:881,0
DA:882,0
DA:883,0
DA:885,0
DA:886,0
DA:889,0
DA:891,0
DA:895,0
DA:896,0
DA:897,0
DA:899,0
DA:903,0
DA:904,0
DA:905,0
DA:906,0
DA:908,0
DA:909,0
DA:913,0
DA:914,0
DA:918,0
DA:927,0
DA:928,0
DA:929,0
DA:930,0
DA:931,0
DA:932,0
DA:933,0
DA:934,0
DA:936,0
DA:947,0
DA:986,0
DA:987,0
DA:991,0
DA:995,0
DA:996,0
DA:999,0
LF:406
LH:0
BRDA:17,0,0,0
BRDA:17,0,1,0
BRDA:26,1,0,0
BRDA:26,1,1,0
BRDA:60,2,0,0
BRDA:60,2,1,0
BRDA:66,3,0,0
BRDA:66,3,1,0
BRDA:69,4,0,0
BRDA:69,4,1,0
BRDA:78,5,0,0
BRDA:78,5,1,0
BRDA:84,6,0,0
BRDA:84,6,1,0
BRDA:87,7,0,0
BRDA:87,7,1,0
BRDA:87,8,0,0
BRDA:87,8,1,0
BRDA:87,8,2,0
BRDA:92,9,0,0
BRDA:92,9,1,0
BRDA:92,10,0,0
BRDA:92,10,1,0
BRDA:97,11,0,0
BRDA:97,11,1,0
BRDA:104,12,0,0
BRDA:104,12,1,0
BRDA:108,13,0,0
BRDA:108,13,1,0
BRDA:111,14,0,0
BRDA:111,14,1,0
BRDA:112,15,0,0
BRDA:112,15,1,0
BRDA:116,16,0,0
BRDA:116,16,1,0
BRDA:119,17,0,0
BRDA:119,17,1,0
BRDA:126,18,0,0
BRDA:126,18,1,0
BRDA:143,19,0,0
BRDA:143,19,1,0
BRDA:145,20,0,0
BRDA:145,20,1,0
BRDA:152,21,0,0
BRDA:152,21,1,0
BRDA:156,22,0,0
BRDA:156,22,1,0
BRDA:158,23,0,0
BRDA:158,23,1,0
BRDA:158,24,0,0
BRDA:158,24,1,0
BRDA:158,24,2,0
BRDA:162,25,0,0
BRDA:162,25,1,0
BRDA:164,26,0,0
BRDA:164,26,1,0
BRDA:164,26,2,0
BRDA:164,26,3,0
BRDA:167,27,0,0
BRDA:167,27,1,0
BRDA:169,28,0,0
BRDA:169,28,1,0
BRDA:186,29,0,0
BRDA:187,30,0,0
BRDA:187,30,1,0
BRDA:188,31,0,0
BRDA:188,31,1,0
BRDA:189,32,0,0
BRDA:189,32,1,0
BRDA:190,33,0,0
BRDA:190,33,1,0
BRDA:191,34,0,0
BRDA:191,34,1,0
BRDA:211,35,0,0
BRDA:211,35,1,0
BRDA:212,36,0,0
BRDA:212,36,1,0
BRDA:213,37,0,0
BRDA:213,37,1,0
BRDA:214,38,0,0
BRDA:214,38,1,0
BRDA:218,39,0,0
BRDA:218,39,1,0
BRDA:218,40,0,0
BRDA:218,40,1,0
BRDA:220,41,0,0
BRDA:220,41,1,0
BRDA:231,42,0,0
BRDA:231,42,1,0
BRDA:254,43,0,0
BRDA:254,43,1,0
BRDA:291,44,0,0
BRDA:291,44,1,0
BRDA:312,45,0,0
BRDA:312,45,1,0
BRDA:314,46,0,0
BRDA:314,46,1,0
BRDA:320,47,0,0
BRDA:320,47,1,0
BRDA:340,48,0,0
BRDA:340,48,1,0
BRDA:352,49,0,0
BRDA:352,49,1,0
BRDA:364,50,0,0
BRDA:364,50,1,0
BRDA:385,51,0,0
BRDA:385,51,1,0
BRDA:397,52,0,0
BRDA:397,52,1,0
BRDA:425,53,0,0
BRDA:425,53,1,0
BRDA:433,54,0,0
BRDA:433,54,1,0
BRDA:439,55,0,0
BRDA:439,55,1,0
BRDA:439,56,0,0
BRDA:439,56,1,0
BRDA:460,57,0,0
BRDA:460,57,1,0
BRDA:462,58,0,0
BRDA:462,58,1,0
BRDA:469,59,0,0
BRDA:469,59,1,0
BRDA:474,60,0,0
BRDA:474,60,1,0
BRDA:476,61,0,0
BRDA:476,61,1,0
BRDA:480,62,0,0
BRDA:480,62,1,0
BRDA:484,63,0,0
BRDA:484,63,1,0
BRDA:487,64,0,0
BRDA:487,64,1,0
BRDA:489,65,0,0
BRDA:489,65,1,0
BRDA:493,66,0,0
BRDA:493,66,1,0
BRDA:494,67,0,0
BRDA:494,67,1,0
BRDA:495,68,0,0
BRDA:495,68,1,0
BRDA:500,69,0,0
BRDA:500,69,1,0
BRDA:500,70,0,0
BRDA:500,70,1,0
BRDA:564,71,0,0
BRDA:564,71,1,0
BRDA:564,72,0,0
BRDA:564,72,1,0
BRDA:564,72,2,0
BRDA:573,73,0,0
BRDA:573,73,1,0
BRDA:575,74,0,0
BRDA:575,74,1,0
BRDA:588,75,0,0
BRDA:588,75,1,0
BRDA:593,76,0,0
BRDA:593,76,1,0
BRDA:600,77,0,0
BRDA:600,77,1,0
BRDA:607,78,0,0
BRDA:607,78,1,0
BRDA:635,79,0,0
BRDA:635,79,1,0
BRDA:647,80,0,0
BRDA:647,80,1,0
BRDA:714,81,0,0
BRDA:714,81,1,0
BRDA:714,82,0,0
BRDA:714,82,1,0
BRDA:716,83,0,0
BRDA:716,83,1,0
BRDA:722,84,0,0
BRDA:722,84,1,0
BRDA:725,85,0,0
BRDA:725,85,1,0
BRDA:729,86,0,0
BRDA:729,86,1,0
BRDA:754,87,0,0
BRDA:754,87,1,0
BRDA:756,88,0,0
BRDA:756,88,1,0
BRDA:776,89,0,0
BRDA:776,89,1,0
BRDA:781,90,0,0
BRDA:781,90,1,0
BRDA:782,91,0,0
BRDA:782,91,1,0
BRDA:784,92,0,0
BRDA:784,92,1,0
BRDA:790,93,0,0
BRDA:790,93,1,0
BRDA:791,94,0,0
BRDA:791,94,1,0
BRDA:827,95,0,0
BRDA:828,96,0,0
BRDA:828,96,1,0
BRDA:829,97,0,0
BRDA:829,97,1,0
BRDA:870,98,0,0
BRDA:870,98,1,0
BRDA:874,99,0,0
BRDA:874,99,1,0
BRDA:881,100,0,0
BRDA:881,100,1,0
BRDA:889,101,0,0
BRDA:889,101,1,0
BRDA:891,102,0,0
BRDA:891,102,1,0
BRDA:896,103,0,0
BRDA:896,103,1,0
BRDA:899,104,0,0
BRDA:899,104,1,0
BRDA:904,105,0,0
BRDA:904,105,1,0
BRDA:926,106,0,0
BRDA:927,107,0,0
BRDA:927,107,1,0
BRDA:928,108,0,0
BRDA:928,108,1,0
BRDA:929,109,0,0
BRDA:929,109,1,0
BRDA:933,110,0,0
BRDA:933,110,1,0
BRDA:934,111,0,0
BRDA:934,111,1,0
BRDA:940,112,0,0
BRDA:940,112,1,0
BRDA:941,113,0,0
BRDA:941,113,1,0
BRDA:943,114,0,0
BRDA:943,114,1,0
BRDA:965,115,0,0
BRDA:965,115,1,0
BRDA:987,116,0,0
BRDA:987,116,1,0
BRDA:991,117,0,0
BRDA:991,117,1,0
BRF:238
BRH:0
end_of_record
TN:
SF:src\routes\products.js
FN:16,(anonymous_0)
FN:23,(anonymous_1)
FN:31,(anonymous_2)
FN:42,(anonymous_3)
FN:91,(anonymous_4)
FN:102,(anonymous_5)
FN:103,(anonymous_6)
FN:136,(anonymous_7)
FN:151,(anonymous_8)
FN:166,(anonymous_9)
FN:193,(anonymous_10)
FN:199,(anonymous_11)
FN:207,(anonymous_12)
FN:229,(anonymous_13)
FN:259,(anonymous_14)
FN:275,(anonymous_15)
FN:292,(anonymous_16)
FN:302,(anonymous_17)
FN:445,(anonymous_18)
FN:446,(anonymous_19)
FN:457,(anonymous_20)
FN:458,(anonymous_21)
FN:560,(anonymous_22)
FN:673,(anonymous_23)
FNF:24
FNH:0
FNDA:0,(anonymous_0)
FNDA:0,(anonymous_1)
FNDA:0,(anonymous_2)
FNDA:0,(anonymous_3)
FNDA:0,(anonymous_4)
FNDA:0,(anonymous_5)
FNDA:0,(anonymous_6)
FNDA:0,(anonymous_7)
FNDA:0,(anonymous_8)
FNDA:0,(anonymous_9)
FNDA:0,(anonymous_10)
FNDA:0,(anonymous_11)
FNDA:0,(anonymous_12)
FNDA:0,(anonymous_13)
FNDA:0,(anonymous_14)
FNDA:0,(anonymous_15)
FNDA:0,(anonymous_16)
FNDA:0,(anonymous_17)
FNDA:0,(anonymous_18)
FNDA:0,(anonymous_19)
FNDA:0,(anonymous_20)
FNDA:0,(anonymous_21)
FNDA:0,(anonymous_22)
FNDA:0,(anonymous_23)
DA:1,0
DA:2,0
DA:3,0
DA:4,0
DA:5,0
DA:6,0
DA:7,0
DA:8,0
DA:9,0
DA:10,0
DA:12,0
DA:15,0
DA:17,0
DA:18,0
DA:19,0
DA:21,0
DA:24,0
DA:25,0
DA:29,0
DA:32,0
DA:33,0
DA:34,0
DA:35,0
DA:36,0
DA:38,0
DA:42,0
DA:43,0
DA:44,0
DA:45,0
DA:47,0
DA:48,0
DA:55,0
DA:57,0
DA:58,0
DA:59,0
DA:62,0
DA:63,0
DA:64,0
DA:67,0
DA:72,0
DA:75,0
DA:83,0
DA:85,0
DA:86,0
DA:91,0
DA:92,0
DA:93,0
DA:96,0
DA:97,0
DA:98,0
DA:99,0
DA:101,0
DA:102,0
DA:103,0
DA:104,0
DA:105,0
DA:111,0
DA:135,0
DA:136,0
DA:139,0
DA:140,0
DA:143,0
DA:145,0
DA:146,0
DA:151,0
DA:152,0
DA:153,0
DA:154,0
DA:155,0
DA:156,0
DA:158,0
DA:159,0
DA:161,0
DA:166,0
DA:167,0
DA:168,0
DA:169,0
DA:170,0
DA:175,0
DA:176,0
DA:178,0
DA:179,0
DA:188,0
DA:193,0
DA:194,0
DA:195,0
DA:196,0
DA:199,0
DA:200,0
DA:202,0
DA:207,0
DA:208,0
DA:209,0
DA:210,0
DA:213,0
DA:214,0
DA:215,0
DA:218,0
DA:219,0
DA:220,0
DA:222,0
DA:224,0
DA:229,0
DA:230,0
DA:231,0
DA:232,0
DA:234,0
DA:235,0
DA:236,0
DA:237,0
DA:243,0
DA:244,0
DA:252,0
DA:254,0
DA:259,0
DA:260,0
DA:261,0
DA:263,0
DA:264,0
DA:268,0
DA:275,0
DA:285,0
DA:287,0
DA:288,0
DA:292,0
DA:293,0
DA:294,0
DA:295,0
DA:296,0
DA:298,0
DA:302,0
DA:303,0
DA:304,0
DA:307,0
DA:308,0
DA:311,0
DA:312,0
DA:318,0
DA:319,0
DA:326,0
DA:328,0
DA:329,0
DA:331,0
DA:332,0
DA:333,0
DA:334,0
DA:337,0
DA:338,0
DA:344,0
DA:345,0
DA:347,0
DA:356,0
DA:363,0
DA:365,0
DA:371,0
DA:374,0
DA:375,0
DA:381,0
DA:385,0
DA:386,0
DA:401,0
DA:407,0
DA:408,0
DA:424,0
DA:428,0
DA:430,0
DA:431,0
DA:432,0
DA:437,0
DA:440,0
DA:441,0
DA:442,0
DA:443,0
DA:444,0
DA:445,0
DA:446,0
DA:447,0
DA:448,0
DA:454,0
DA:455,0
DA:457,0
DA:458,0
DA:462,0
DA:463,0
DA:464,0
DA:466,0
DA:467,0
DA:468,0
DA:469,0
DA:471,0
DA:475,0
DA:476,0
DA:477,0
DA:478,0
DA:480,0
DA:484,0
DA:485,0
DA:486,0
DA:487,0
DA:488,0
DA:493,0
DA:505,0
DA:506,0
DA:510,0
DA:511,0
DA:514,0
DA:515,0
DA:521,0
DA:523,0
DA:528,0
DA:529,0
DA:537,0
DA:539,0
DA:542,0
DA:543,0
DA:544,0
DA:545,0
DA:552,0
DA:553,0
DA:560,0
DA:561,0
DA:562,0
DA:565,0
DA:568,0
DA:569,0
DA:573,0
DA:574,0
DA:587,0
DA:588,0
DA:589,0
DA:590,0
DA:595,0
DA:596,0
DA:597,0
DA:598,0
DA:599,0
DA:604,0
DA:614,0
DA:615,0
DA:616,0
DA:617,0
DA:621,0
DA:626,0
DA:629,0
DA:630,0
DA:631,0
DA:636,0
DA:637,0
DA:638,0
DA:639,0
DA:642,0
DA:648,0
DA:651,0
DA:656,0
DA:657,0
DA:665,0
DA:667,0
DA:669,0
DA:673,0
DA:674,0
DA:675,0
DA:676,0
DA:679,0
DA:680,0
DA:687,0
DA:689,0
DA:691,0
DA:695,0
LF:268
LH:0
BRDA:18,0,0,0
BRDA:18,0,1,0
BRDA:35,1,0,0
BRDA:35,1,1,0
BRDA:35,2,0,0
BRDA:35,2,1,0
BRDA:47,3,0,0
BRDA:47,3,1,0
BRDA:55,4,0,0
BRDA:55,4,1,0
BRDA:58,5,0,0
BRDA:58,5,1,0
BRDA:63,6,0,0
BRDA:63,6,1,0
BRDA:72,7,0,0
BRDA:72,7,1,0
BRDA:97,8,0,0
BRDA:97,8,1,0
BRDA:99,9,0,0
BRDA:99,9,1,0
BRDA:99,10,0,0
BRDA:99,10,1,0
BRDA:104,11,0,0
BRDA:104,11,1,0
BRDA:139,12,0,0
BRDA:139,12,1,0
BRDA:155,13,0,0
BRDA:155,13,1,0
BRDA:175,14,0,0
BRDA:175,14,1,0
BRDA:181,15,0,0
BRDA:181,15,1,0
BRDA:195,16,0,0
BRDA:195,16,1,0
BRDA:195,17,0,0
BRDA:195,17,1,0
BRDA:210,18,0,0
BRDA:210,18,1,0
BRDA:213,19,0,0
BRDA:213,19,1,0
BRDA:214,20,0,0
BRDA:214,20,1,0
BRDA:214,21,0,0
BRDA:214,21,1,0
BRDA:219,22,0,0
BRDA:219,22,1,0
BRDA:236,23,0,0
BRDA:236,23,1,0
BRDA:243,24,0,0
BRDA:243,24,1,0
BRDA:263,25,0,0
BRDA:263,25,1,0
BRDA:263,26,0,0
BRDA:263,26,1,0
BRDA:295,27,0,0
BRDA:295,27,1,0
BRDA:307,28,0,0
BRDA:307,28,1,0
BRDA:308,29,0,0
BRDA:308,29,1,0
BRDA:311,30,0,0
BRDA:311,30,1,0
BRDA:318,31,0,0
BRDA:318,31,1,0
BRDA:326,32,0,0
BRDA:326,32,1,0
BRDA:329,33,0,0
BRDA:329,33,1,0
BRDA:332,34,0,0
BRDA:332,34,1,0
BRDA:337,35,0,0
BRDA:337,35,1,0
BRDA:363,36,0,0
BRDA:363,36,1,0
BRDA:385,37,0,0
BRDA:385,37,1,0
BRDA:404,38,0,0
BRDA:404,38,1,0
BRDA:407,39,0,0
BRDA:407,39,1,0
BRDA:409,40,0,0
BRDA:409,40,1,0
BRDA:428,41,0,0
BRDA:428,41,1,0
BRDA:441,42,0,0
BRDA:441,42,1,0
BRDA:443,43,0,0
BRDA:443,43,1,0
BRDA:443,44,0,0
BRDA:443,44,1,0
BRDA:447,45,0,0
BRDA:447,45,1,0
BRDA:462,46,0,0
BRDA:462,46,1,0
BRDA:464,47,0,0
BRDA:464,47,1,0
BRDA:464,48,0,0
BRDA:464,48,1,0
BRDA:468,49,0,0
BRDA:468,49,1,0
BRDA:477,50,0,0
BRDA:477,50,1,0
BRDA:485,51,0,0
BRDA:485,51,1,0
BRDA:487,52,0,0
BRDA:487,52,1,0
BRDA:487,53,0,0
BRDA:487,53,1,0
BRDA:498,54,0,0
BRDA:498,54,1,0
BRDA:505,55,0,0
BRDA:505,55,1,0
BRDA:518,56,0,0
BRDA:518,56,1,0
BRDA:519,57,0,0
BRDA:519,57,1,0
BRDA:528,58,0,0
BRDA:528,58,1,0
BRDA:542,59,0,0
BRDA:542,59,1,0
BRDA:546,60,0,0
BRDA:546,60,1,0
BRDA:565,61,0,0
BRDA:565,61,1,0
BRDA:568,62,0,0
BRDA:568,62,1,0
BRDA:573,63,0,0
BRDA:573,63,1,0
BRDA:587,64,0,0
BRDA:587,64,1,0
BRDA:589,65,0,0
BRDA:589,65,1,0
BRDA:596,66,0,0
BRDA:596,66,1,0
BRDA:598,67,0,0
BRDA:598,67,1,0
BRDA:598,68,0,0
BRDA:598,68,1,0
BRDA:606,69,0,0
BRDA:606,69,1,0
BRDA:610,70,0,0
BRDA:610,70,1,0
BRDA:614,71,0,0
BRDA:614,71,1,0
BRDA:616,72,0,0
BRDA:616,72,1,0
BRDA:617,73,0,0
BRDA:617,73,1,0
BRDA:626,74,0,0
BRDA:626,74,1,0
BRDA:629,75,0,0
BRDA:629,75,1,0
BRDA:629,76,0,0
BRDA:629,76,1,0
BRDA:636,77,0,0
BRDA:636,77,1,0
BRDA:646,78,0,0
BRDA:646,78,1,0
BRDA:656,79,0,0
BRDA:656,79,1,0
BRDA:676,80,0,0
BRDA:676,80,1,0
BRDA:679,81,0,0
BRDA:679,81,1,0
BRF:164
BRH:0
end_of_record
TN:
SF:src\routes\products.v2.js
FNF:0
FNH:0
DA:6,0
DA:7,0
DA:8,0
DA:9,0
DA:10,0
DA:12,0
DA:19,0
DA:31,0
DA:42,0
DA:54,0
DA:66,0
DA:79,0
DA:92,0
DA:100,0
LF:14
LH:0
BRF:0
BRH:0
end_of_record
TN:
SF:src\routes\receipts.js
FN:10,(anonymous_0)
FN:36,(anonymous_1)
FN:62,(anonymous_2)
FN:84,(anonymous_3)
FN:110,(anonymous_4)
FN:146,(anonymous_5)
FN:185,(anonymous_6)
FN:209,(anonymous_7)
FN:221,(anonymous_8)
FN:240,(anonymous_9)
FN:256,(anonymous_10)
FN:351,(anonymous_11)
FN:365,(anonymous_12)
FN:381,(anonymous_13)
FN:408,(anonymous_14)
FN:427,(anonymous_15)
FN:489,(anonymous_16)
FN:571,(anonymous_17)
FN:619,(anonymous_18)
FN:644,(anonymous_19)
FN:651,(anonymous_20)
FN:662,(anonymous_21)
FN:687,(anonymous_22)
FN:720,(anonymous_23)
FN:737,(anonymous_24)
FN:781,(anonymous_25)
FN:801,(anonymous_26)
FNF:27
FNH:0
FNDA:0,(anonymous_0)
FNDA:0,(anonymous_1)
FNDA:0,(anonymous_2)
FNDA:0,(anonymous_3)
FNDA:0,(anonymous_4)
FNDA:0,(anonymous_5)
FNDA:0,(anonymous_6)
FNDA:0,(anonymous_7)
FNDA:0,(anonymous_8)
FNDA:0,(anonymous_9)
FNDA:0,(anonymous_10)
FNDA:0,(anonymous_11)
FNDA:0,(anonymous_12)
FNDA:0,(anonymous_13)
FNDA:0,(anonymous_14)
FNDA:0,(anonymous_15)
FNDA:0,(anonymous_16)
FNDA:0,(anonymous_17)
FNDA:0,(anonymous_18)
FNDA:0,(anonymous_19)
FNDA:0,(anonymous_20)
FNDA:0,(anonymous_21)
FNDA:0,(anonymous_22)
FNDA:0,(anonymous_23)
FNDA:0,(anonymous_24)
FNDA:0,(anonymous_25)
FNDA:0,(anonymous_26)
DA:1,0
DA:2,0
DA:3,0
DA:4,0
DA:5,0
DA:6,0
DA:8,0
DA:10,0
DA:11,0
DA:12,0
DA:13,0
DA:14,0
DA:17,0
DA:18,0
DA:24,0
DA:29,0
DA:31,0
DA:36,0
DA:37,0
DA:38,0
DA:41,0
DA:42,0
DA:48,0
DA:49,0
DA:55,0
DA:57,0
DA:62,0
DA:63,0
DA:64,0
DA:69,0
DA:70,0
DA:73,0
DA:79,0
DA:84,0
DA:85,0
DA:86,0
DA:91,0
DA:92,0
DA:100,0
DA:101,0
DA:109,0
DA:110,0
DA:111,0
DA:112,0
DA:115,0
DA:116,0
DA:118,0
DA:121,0
DA:122,0
DA:128,0
DA:138,0
DA:140,0
DA:146,0
DA:147,0
DA:148,0
DA:153,0
DA:154,0
DA:161,0
DA:162,0
DA:165,0
DA:166,0
DA:171,0
DA:172,0
DA:174,0
DA:177,0
DA:179,0
DA:181,0
DA:185,0
DA:186,0
DA:187,0
DA:189,0
DA:194,0
DA:195,0
DA:198,0
DA:202,0
DA:204,0
DA:209,0
DA:210,0
DA:211,0
DA:214,0
DA:216,0
DA:221,0
DA:222,0
DA:223,0
DA:229,0
DA:238,0
DA:240,0
DA:248,0
DA:250,0
DA:251,0
DA:256,0
DA:257,0
DA:258,0
DA:259,0
DA:260,0
DA:261,0
DA:264,0
DA:271,0
DA:272,0
DA:273,0
DA:277,0
DA:279,0
DA:280,0
DA:282,0
DA:283,0
DA:284,0
DA:285,0
DA:289,0
DA:290,0
DA:292,0
DA:298,0
DA:299,0
DA:304,0
DA:311,0
DA:313,0
DA:315,0
DA:320,0
DA:321,0
DA:322,0
DA:323,0
DA:324,0
DA:329,0
DA:334,0
DA:335,0
DA:336,0
DA:338,0
DA:341,0
DA:343,0
DA:345,0
DA:346,0
DA:351,0
DA:352,0
DA:353,0
DA:354,0
DA:355,0
DA:356,0
DA:359,0
DA:360,0
DA:361,0
DA:364,0
DA:365,0
DA:368,0
DA:369,0
DA:370,0
DA:373,0
DA:374,0
DA:376,0
DA:381,0
DA:382,0
DA:383,0
DA:384,0
DA:385,0
DA:386,0
DA:389,0
DA:390,0
DA:391,0
DA:394,0
DA:396,0
DA:397,0
DA:399,0
DA:400,0
DA:402,0
DA:404,0
DA:408,0
DA:410,0
DA:411,0
DA:412,0
DA:415,0
DA:416,0
DA:418,0
DA:427,0
DA:428,0
DA:429,0
DA:431,0
DA:432,0
DA:435,0
DA:436,0
DA:438,0
DA:439,0
DA:441,0
DA:442,0
DA:444,0
DA:445,0
DA:449,0
DA:462,0
DA:463,0
DA:464,0
DA:467,0
DA:468,0
DA:471,0
DA:476,0
DA:485,0
DA:489,0
DA:490,0
DA:491,0
DA:492,0
DA:495,0
DA:496,0
DA:497,0
DA:498,0
DA:499,0
DA:501,0
DA:502,0
DA:509,0
DA:522,0
DA:523,0
DA:525,0
DA:527,0
DA:530,0
DA:534,0
DA:535,0
DA:536,0
DA:537,0
DA:538,0
DA:540,0
DA:545,0
DA:548,0
DA:549,0
DA:550,0
DA:552,0
DA:554,0
DA:555,0
DA:556,0
DA:557,0
DA:559,0
DA:562,0
DA:563,0
DA:564,0
DA:565,0
DA:566,0
DA:567,0
DA:568,0
DA:571,0
DA:572,0
DA:576,0
DA:577,0
DA:578,0
DA:579,0
DA:582,0
DA:585,0
DA:595,0
DA:598,0
DA:602,0
DA:603,0
DA:608,0
DA:609,0
DA:610,0
DA:611,0
DA:613,0
DA:614,0
DA:616,0
DA:619,0
DA:620,0
DA:621,0
DA:622,0
DA:625,0
DA:627,0
DA:630,0
DA:637,0
DA:640,0
DA:643,0
DA:645,0
DA:646,0
DA:648,0
DA:652,0
DA:658,0
DA:659,0
DA:660,0
DA:662,0
DA:667,0
DA:668,0
DA:669,0
DA:672,0
DA:676,0
DA:678,0
DA:680,0
DA:681,0
DA:682,0
DA:683,0
DA:687,0
DA:688,0
DA:689,0
DA:690,0
DA:691,0
DA:694,0
DA:695,0
DA:696,0
DA:697,0
DA:699,0
DA:700,0
DA:706,0
DA:707,0
DA:709,0
DA:710,0
DA:713,0
DA:714,0
DA:716,0
DA:720,0
DA:721,0
DA:722,0
DA:723,0
DA:724,0
DA:726,0
DA:727,0
DA:728,0
DA:730,0
DA:732,0
DA:737,0
DA:738,0
DA:739,0
DA:740,0
DA:741,0
DA:742,0
DA:746,0
DA:747,0
DA:748,0
DA:749,0
DA:751,0
DA:752,0
DA:759,0
DA:760,0
DA:761,0
DA:763,0
DA:764,0
DA:765,0
DA:766,0
DA:770,0
DA:771,0
DA:772,0
DA:774,0
DA:776,0
DA:781,0
DA:782,0
DA:783,0
DA:784,0
DA:787,0
DA:788,0
DA:791,0
DA:792,0
DA:794,0
DA:796,0
DA:801,0
DA:802,0
DA:803,0
DA:804,0
DA:805,0
DA:806,0
DA:809,0
DA:818,0
DA:819,0
DA:820,0
DA:821,0
DA:824,0
DA:825,0
DA:826,0
DA:830,0
DA:831,0
DA:832,0
DA:836,0
DA:837,0
DA:840,0
DA:841,0
DA:846,0
DA:853,0
DA:855,0
DA:856,0
DA:860,0
LF:367
LH:0
BRDA:14,0,0,0
BRDA:14,0,1,0
BRDA:14,1,0,0
BRDA:14,1,1,0
BRDA:17,2,0,0
BRDA:17,2,1,0
BRDA:17,3,0,0
BRDA:17,3,1,0
BRDA:41,4,0,0
BRDA:41,4,1,0
BRDA:48,5,0,0
BRDA:48,5,1,0
BRDA:69,6,0,0
BRDA:69,6,1,0
BRDA:91,7,0,0
BRDA:91,7,1,0
BRDA:100,8,0,0
BRDA:100,8,1,0
BRDA:104,9,0,0
BRDA:104,9,1,0
BRDA:111,10,0,0
BRDA:111,10,1,0
BRDA:115,11,0,0
BRDA:115,11,1,0
BRDA:121,12,0,0
BRDA:121,12,1,0
BRDA:153,13,0,0
BRDA:153,13,1,0
BRDA:161,14,0,0
BRDA:161,14,1,0
BRDA:165,15,0,0
BRDA:165,15,1,0
BRDA:171,16,0,0
BRDA:171,16,1,0
BRDA:194,17,0,0
BRDA:194,17,1,0
BRDA:194,18,0,0
BRDA:194,18,1,0
BRDA:194,18,2,0
BRDA:259,19,0,0
BRDA:259,19,1,0
BRDA:271,20,0,0
BRDA:271,20,1,0
BRDA:283,21,0,0
BRDA:283,21,1,0
BRDA:290,22,0,0
BRDA:290,22,1,0
BRDA:298,23,0,0
BRDA:298,23,1,0
BRDA:321,24,0,0
BRDA:321,24,1,0
BRDA:354,25,0,0
BRDA:354,25,1,0
BRDA:355,26,0,0
BRDA:355,26,1,0
BRDA:360,27,0,0
BRDA:360,27,1,0
BRDA:360,28,0,0
BRDA:360,28,1,0
BRDA:368,29,0,0
BRDA:368,29,1,0
BRDA:384,30,0,0
BRDA:384,30,1,0
BRDA:385,31,0,0
BRDA:385,31,1,0
BRDA:390,32,0,0
BRDA:390,32,1,0
BRDA:390,33,0,0
BRDA:390,33,1,0
BRDA:396,34,0,0
BRDA:396,34,1,0
BRDA:399,35,0,0
BRDA:399,35,1,0
BRDA:400,36,0,0
BRDA:400,36,1,0
BRDA:410,37,0,0
BRDA:410,37,1,0
BRDA:431,38,0,0
BRDA:431,38,1,0
BRDA:431,39,0,0
BRDA:431,39,1,0
BRDA:431,39,2,0
BRDA:442,40,0,0
BRDA:442,40,1,0
BRDA:452,41,0,0
BRDA:452,41,1,0
BRDA:455,42,0,0
BRDA:455,42,1,0
BRDA:457,43,0,0
BRDA:457,43,1,0
BRDA:463,44,0,0
BRDA:463,44,1,0
BRDA:495,45,0,0
BRDA:495,45,1,0
BRDA:495,46,0,0
BRDA:495,46,1,0
BRDA:498,47,0,0
BRDA:498,47,1,0
BRDA:501,48,0,0
BRDA:501,48,1,0
BRDA:513,49,0,0
BRDA:513,49,1,0
BRDA:514,50,0,0
BRDA:514,50,1,0
BRDA:515,51,0,0
BRDA:515,51,1,0
BRDA:517,52,0,0
BRDA:517,52,1,0
BRDA:518,53,0,0
BRDA:518,53,1,0
BRDA:522,54,0,0
BRDA:522,54,1,0
BRDA:527,55,0,0
BRDA:527,55,1,0
BRDA:535,56,0,0
BRDA:535,56,1,0
BRDA:538,57,0,0
BRDA:538,57,1,0
BRDA:548,58,0,0
BRDA:548,58,1,0
BRDA:548,59,0,0
BRDA:548,59,1,0
BRDA:548,59,2,0
BRDA:548,59,3,0
BRDA:555,60,0,0
BRDA:555,60,1,0
BRDA:559,61,0,0
BRDA:559,61,1,0
BRDA:577,62,0,0
BRDA:577,62,1,0
BRDA:578,63,0,0
BRDA:578,63,1,0
BRDA:579,64,0,0
BRDA:579,64,1,0
BRDA:608,65,0,0
BRDA:608,65,1,0
BRDA:608,66,0,0
BRDA:608,66,1,0
BRDA:614,67,0,0
BRDA:614,67,1,0
BRDA:616,68,0,0
BRDA:616,68,1,0
BRDA:625,69,0,0
BRDA:625,69,1,0
BRDA:645,70,0,0
BRDA:645,70,1,0
BRDA:658,71,0,0
BRDA:658,71,1,0
BRDA:659,72,0,0
BRDA:659,72,1,0
BRDA:661,73,0,0
BRDA:661,73,1,0
BRDA:690,74,0,0
BRDA:690,74,1,0
BRDA:691,75,0,0
BRDA:691,75,1,0
BRDA:696,76,0,0
BRDA:696,76,1,0
BRDA:699,77,0,0
BRDA:699,77,1,0
BRDA:723,78,0,0
BRDA:723,78,1,0
BRDA:724,79,0,0
BRDA:724,79,1,0
BRDA:740,80,0,0
BRDA:740,80,1,0
BRDA:741,81,0,0
BRDA:741,81,1,0
BRDA:748,82,0,0
BRDA:748,82,1,0
BRDA:751,83,0,0
BRDA:751,83,1,0
BRDA:764,84,0,0
BRDA:764,84,1,0
BRDA:784,85,0,0
BRDA:784,85,1,0
BRDA:787,86,0,0
BRDA:787,86,1,0
BRDA:787,87,0,0
BRDA:787,87,1,0
BRDA:804,88,0,0
BRDA:804,88,1,0
BRDA:818,89,0,0
BRDA:818,89,1,0
BRDA:819,90,0,0
BRDA:819,90,1,0
BRDA:824,91,0,0
BRDA:824,91,1,0
BRDA:830,92,0,0
BRDA:830,92,1,0
BRDA:840,93,0,0
BRDA:840,93,1,0
BRF:192
BRH:0
end_of_record
TN:
SF:src\routes\stats.js
FN:9,(anonymous_0)
FN:68,(anonymous_1)
FN:103,(anonymous_2)
FN:145,(anonymous_3)
FN:164,(anonymous_4)
FN:190,(anonymous_5)
FN:224,(anonymous_6)
FN:228,(anonymous_7)
FN:229,(anonymous_8)
FN:230,(anonymous_9)
FN:234,(anonymous_10)
FN:235,(anonymous_11)
FN:252,(anonymous_12)
FN:257,(anonymous_13)
FN:300,(anonymous_14)
FN:316,(anonymous_15)
FN:330,(anonymous_16)
FNF:17
FNH:0
FNDA:0,(anonymous_0)
FNDA:0,(anonymous_1)
FNDA:0,(anonymous_2)
FNDA:0,(anonymous_3)
FNDA:0,(anonymous_4)
FNDA:0,(anonymous_5)
FNDA:0,(anonymous_6)
FNDA:0,(anonymous_7)
FNDA:0,(anonymous_8)
FNDA:0,(anonymous_9)
FNDA:0,(anonymous_10)
FNDA:0,(anonymous_11)
FNDA:0,(anonymous_12)
FNDA:0,(anonymous_13)
FNDA:0,(anonymous_14)
FNDA:0,(anonymous_15)
FNDA:0,(anonymous_16)
DA:1,0
DA:2,0
DA:3,0
DA:4,0
DA:5,0
DA:7,0
DA:9,0
DA:10,0
DA:12,0
DA:13,0
DA:14,0
DA:17,0
DA:18,0
DA:19,0
DA:21,0
DA:22,0
DA:24,0
DA:25,0
DA:35,0
DA:49,0
DA:50,0
DA:51,0
DA:52,0
DA:55,0
DA:64,0
DA:68,0
DA:69,0
DA:70,0
DA:72,0
DA:74,0
DA:75,0
DA:76,0
DA:79,0
DA:80,0
DA:81,0
DA:83,0
DA:84,0
DA:86,0
DA:103,0
DA:104,0
DA:105,0
DA:106,0
DA:112,0
DA:115,0
DA:117,0
DA:118,0
DA:119,0
DA:122,0
DA:123,0
DA:124,0
DA:125,0
DA:127,0
DA:145,0
DA:146,0
DA:147,0
DA:148,0
DA:149,0
DA:150,0
DA:151,0
DA:157,0
DA:160,0
DA:164,0
DA:165,0
DA:166,0
DA:168,0
DA:183,0
DA:185,0
DA:190,0
DA:191,0
DA:192,0
DA:195,0
DA:196,0
DA:197,0
DA:200,0
DA:201,0
DA:202,0
DA:204,0
DA:205,0
DA:206,0
DA:207,0
DA:210,0
DA:211,0
DA:214,0
DA:224,0
DA:225,0
DA:226,0
DA:228,0
DA:229,0
DA:230,0
DA:233,0
DA:234,0
DA:235,0
DA:236,0
DA:237,0
DA:238,0
DA:239,0
DA:240,0
DA:242,0
DA:251,0
DA:252,0
DA:256,0
DA:257,0
DA:258,0
DA:260,0
DA:263,0
DA:265,0
DA:268,0
DA:269,0
DA:270,0
DA:271,0
DA:274,0
DA:275,0
DA:276,0
DA:277,0
DA:279,0
DA:283,0
DA:286,0
DA:288,0
DA:289,0
DA:290,0
DA:291,0
DA:299,0
DA:300,0
DA:301,0
DA:305,0
DA:306,0
DA:307,0
DA:308,0
DA:309,0
DA:311,0
DA:312,0
DA:313,0
DA:314,0
DA:316,0
DA:319,0
DA:320,0
DA:322,0
DA:330,0
DA:334,0
DA:336,0
DA:337,0
DA:344,0
DA:345,0
DA:352,0
DA:353,0
DA:360,0
DA:375,0
DA:376,0
DA:380,0
LF:149
LH:0
BRDA:50,0,0,0
BRDA:50,0,1,0
BRDA:56,1,0,0
BRDA:56,1,1,0
BRDA:57,2,0,0
BRDA:57,2,1,0
BRDA:58,3,0,0
BRDA:58,3,1,0
BRDA:59,4,0,0
BRDA:59,4,1,0
BRDA:70,5,0,0
BRDA:72,6,0,0
BRDA:72,6,1,0
BRDA:108,7,0,0
BRDA:108,7,1,0
BRDA:115,8,0,0
BRDA:115,8,1,0
BRDA:153,9,0,0
BRDA:153,9,1,0
BRDA:166,10,0,0
BRDA:166,10,1,0
BRDA:192,11,0,0
BRDA:204,12,0,0
BRDA:204,12,1,0
BRDA:206,13,0,0
BRDA:206,13,1,0
BRDA:226,14,0,0
BRDA:226,14,1,0
BRDA:228,15,0,0
BRDA:228,15,1,0
BRDA:229,16,0,0
BRDA:229,16,1,0
BRDA:230,17,0,0
BRDA:230,17,1,0
BRDA:237,18,0,0
BRDA:237,18,1,0
BRDA:263,19,0,0
BRDA:263,19,1,0
BRDA:274,20,0,0
BRDA:274,20,1,0
BRDA:286,21,0,0
BRDA:286,21,1,0
BRDA:293,22,0,0
BRDA:293,22,1,0
BRDA:294,23,0,0
BRDA:294,23,1,0
BRDA:299,24,0,0
BRDA:299,24,1,0
BRDA:324,25,0,0
BRDA:324,25,1,0
BRDA:325,26,0,0
BRDA:325,26,1,0
BRDA:336,27,0,0
BRDA:336,27,1,0
BRDA:340,28,0,0
BRDA:340,28,1,0
BRDA:344,29,0,0
BRDA:344,29,1,0
BRDA:348,30,0,0
BRDA:348,30,1,0
BRDA:352,31,0,0
BRDA:352,31,1,0
BRDA:356,32,0,0
BRDA:356,32,1,0
BRF:64
BRH:0
end_of_record
TN:
SF:src\routes\telegram.js
FN:9,(anonymous_0)
FNF:1
FNH:0
FNDA:0,(anonymous_0)
DA:1,0
DA:2,0
DA:3,0
DA:9,0
DA:10,0
DA:11,0
DA:13,0
DA:14,0
DA:17,0
DA:19,0
DA:20,0
DA:22,0
DA:25,0
DA:26,0
DA:30,0
LF:15
LH:0
BRDA:13,0,0,0
BRDA:13,0,1,0
BRDA:13,1,0,0
BRDA:13,1,1,0
BRDA:19,2,0,0
BRDA:19,2,1,0
BRF:6
BRH:0
end_of_record
TN:
SF:src\routes\users.js
FN:12,(anonymous_0)
FN:19,(anonymous_1)
FN:27,(anonymous_2)
FN:39,(anonymous_3)
FN:48,(anonymous_4)
FN:63,(anonymous_5)
FN:83,(anonymous_6)
FN:122,(anonymous_7)
FN:147,(anonymous_8)
FN:161,(anonymous_9)
FNF:10
FNH:0
FNDA:0,(anonymous_0)
FNDA:0,(anonymous_1)
FNDA:0,(anonymous_2)
FNDA:0,(anonymous_3)
FNDA:0,(anonymous_4)
FNDA:0,(anonymous_5)
FNDA:0,(anonymous_6)
FNDA:0,(anonymous_7)
FNDA:0,(anonymous_8)
FNDA:0,(anonymous_9)
DA:1,0
DA:2,0
DA:3,0
DA:4,0
DA:5,0
DA:6,0
DA:8,0
DA:11,0
DA:13,0
DA:14,0
DA:15,0
DA:17,0
DA:20,0
DA:21,0
DA:25,0
DA:28,0
DA:29,0
DA:30,0
DA:31,0
DA:32,0
DA:34,0
DA:39,0
DA:40,0
DA:41,0
DA:42,0
DA:44,0
DA:48,0
DA:49,0
DA:52,0
DA:56,0
DA:57,0
DA:59,0
DA:63,0
DA:64,0
DA:65,0
DA:67,0
DA:70,0
DA:71,0
DA:74,0
DA:75,0
DA:77,0
DA:79,0
DA:83,0
DA:84,0
DA:85,0
DA:87,0
DA:88,0
DA:91,0
DA:92,0
DA:93,0
DA:94,0
DA:95,0
DA:97,0
DA:98,0
DA:99,0
DA:103,0
DA:104,0
DA:105,0
DA:106,0
DA:107,0
DA:109,0
DA:110,0
DA:112,0
DA:114,0
DA:115,0
DA:116,0
DA:118,0
DA:122,0
DA:123,0
DA:124,0
DA:125,0
DA:128,0
DA:129,0
DA:130,0
DA:131,0
DA:132,0
DA:134,0
DA:135,0
DA:136,0
DA:140,0
DA:142,0
DA:147,0
DA:148,0
DA:149,0
DA:150,0
DA:152,0
DA:153,0
DA:154,0
DA:156,0
DA:161,0
DA:162,0
DA:163,0
DA:164,0
DA:166,0
DA:167,0
DA:168,0
DA:171,0
DA:172,0
DA:173,0
DA:175,0
DA:177,0
DA:181,0
LF:102
LH:0
BRDA:14,0,0,0
BRDA:14,0,1,0
BRDA:31,1,0,0
BRDA:31,1,1,0
BRDA:31,2,0,0
BRDA:31,2,1,0
BRDA:52,3,0,0
BRDA:52,3,1,0
BRDA:70,4,0,0
BRDA:70,4,1,0
BRDA:88,5,0,0
BRDA:88,5,1,0
BRDA:91,6,0,0
BRDA:91,6,1,0
BRDA:91,7,0,0
BRDA:91,7,1,0
BRDA:91,7,2,0
BRDA:92,8,0,0
BRDA:92,8,1,0
BRDA:94,9,0,0
BRDA:94,9,1,0
BRDA:94,10,0,0
BRDA:94,10,1,0
BRDA:98,11,0,0
BRDA:98,11,1,0
BRDA:106,12,0,0
BRDA:106,12,1,0
BRDA:109,13,0,0
BRDA:109,13,1,0
BRDA:125,14,0,0
BRDA:125,14,1,0
BRDA:128,15,0,0
BRDA:128,15,1,0
BRDA:129,16,0,0
BRDA:129,16,1,0
BRDA:131,17,0,0
BRDA:131,17,1,0
BRDA:131,18,0,0
BRDA:131,18,1,0
BRDA:135,19,0,0
BRDA:135,19,1,0
BRDA:149,20,0,0
BRDA:149,20,1,0
BRDA:152,21,0,0
BRDA:152,21,1,0
BRDA:164,22,0,0
BRDA:164,22,1,0
BRDA:166,23,0,0
BRDA:166,23,1,0
BRDA:167,24,0,0
BRDA:167,24,1,0
BRDA:167,25,0,0
BRDA:167,25,1,0
BRDA:172,26,0,0
BRDA:172,26,1,0
BRF:55
BRH:0
end_of_record
TN:
SF:src\routes\warehouses.js
FN:8,(anonymous_0)
FN:12,(anonymous_1)
FN:23,(anonymous_2)
FN:33,(anonymous_3)
FN:43,(anonymous_4)
FNF:5
FNH:0
FNDA:0,(anonymous_0)
FNDA:0,(anonymous_1)
FNDA:0,(anonymous_2)
FNDA:0,(anonymous_3)
FNDA:0,(anonymous_4)
DA:1,0
DA:2,0
DA:3,0
DA:4,0
DA:6,0
DA:8,0
DA:9,0
DA:10,0
DA:11,0
DA:13,0
DA:14,0
DA:17,0
DA:19,0
DA:23,0
DA:24,0
DA:25,0
DA:26,0
DA:27,0
DA:29,0
DA:33,0
DA:34,0
DA:35,0
DA:36,0
DA:37,0
DA:39,0
DA:43,0
DA:44,0
DA:45,0
DA:46,0
DA:47,0
DA:49,0
DA:53,0
LF:32
LH:0
BRDA:36,0,0,0
BRDA:36,0,1,0
BRDA:46,1,0,0
BRDA:46,1,1,0
BRF:4
BRH:0
end_of_record
TN:
SF:src\services\product.service.js
FN:16,(anonymous_0)
FN:64,(anonymous_1)
FN:79,(anonymous_2)
FN:121,(anonymous_3)
FN:165,(anonymous_4)
FN:193,(anonymous_5)
FN:201,(anonymous_6)
FN:203,(anonymous_7)
FN:237,(anonymous_8)
FN:253,(anonymous_9)
FN:265,(anonymous_10)
FN:275,(anonymous_11)
FN:287,(anonymous_12)
FN:301,(anonymous_13)
FNF:14
FNH:13
FNDA:3,(anonymous_0)
FNDA:2,(anonymous_1)
FNDA:4,(anonymous_2)
FNDA:2,(anonymous_3)
FNDA:2,(anonymous_4)
FNDA:2,(anonymous_5)
FNDA:2,(anonymous_6)
FNDA:1,(anonymous_7)
FNDA:3,(anonymous_8)
FNDA:2,(anonymous_9)
FNDA:0,(anonymous_10)
FNDA:4,(anonymous_11)
FNDA:4,(anonymous_12)
FNDA:2,(anonymous_13)
DA:6,1
DA:7,1
DA:8,1
DA:9,1
DA:10,1
DA:17,3
DA:18,3
DA:19,3
DA:22,3
DA:23,1
DA:30,3
DA:31,0
DA:32,0
DA:33,0
DA:35,0
DA:39,3
DA:40,0
DA:44,3
DA:45,3
DA:54,3
DA:56,0
DA:57,0
DA:65,2
DA:69,2
DA:70,1
DA:73,1
DA:80,4
DA:82,4
DA:85,4
DA:88,3
DA:91,2
DA:94,1
DA:100,1
DA:103,1
DA:105,1
DA:110,1
DA:112,3
DA:113,0
DA:114,0
DA:122,2
DA:123,2
DA:124,2
DA:125,1
DA:129,1
DA:130,0
DA:134,1
DA:135,1
DA:139,1
DA:140,0
DA:144,1
DA:145,1
DA:147,1
DA:149,1
DA:154,1
DA:156,1
DA:157,0
DA:158,0
DA:166,2
DA:167,2
DA:168,2
DA:169,1
DA:175,1
DA:177,1
DA:182,1
DA:184,1
DA:185,0
DA:186,0
DA:194,2
DA:195,2
DA:197,2
DA:198,1
DA:199,1
DA:200,1
DA:201,2
DA:202,1
DA:203,1
DA:205,1
DA:206,1
DA:212,2
DA:236,2
DA:237,3
DA:239,2
DA:240,2
DA:243,2
DA:245,0
DA:246,0
DA:254,2
DA:255,2
DA:256,0
DA:259,2
DA:260,2
DA:266,0
DA:267,0
DA:268,0
DA:271,0
DA:272,0
DA:276,4
DA:277,4
DA:278,0
DA:281,4
DA:282,4
DA:283,1
DA:288,4
DA:291,4
DA:292,1
DA:295,4
DA:296,4
DA:297,1
DA:302,2
DA:303,2
DA:304,1
DA:306,1
DA:310,1
LF:113
LH:89
BRDA:16,0,0,1
BRDA:18,1,0,2
BRDA:18,2,0,2
BRDA:22,3,0,1
BRDA:22,3,1,2
BRDA:30,4,0,0
BRDA:30,4,1,3
BRDA:32,5,0,0
BRDA:32,5,1,0
BRDA:39,6,0,0
BRDA:39,6,1,3
BRDA:39,7,0,3
BRDA:39,7,1,3
BRDA:69,8,0,1
BRDA:69,8,1,1
BRDA:112,9,0,3
BRDA:112,9,1,0
BRDA:124,10,0,1
BRDA:124,10,1,1
BRDA:129,11,0,0
BRDA:129,11,1,1
BRDA:129,12,0,1
BRDA:129,12,1,0
BRDA:134,13,0,1
BRDA:134,13,1,0
BRDA:134,14,0,1
BRDA:134,14,1,1
BRDA:139,15,0,0
BRDA:139,15,1,1
BRDA:139,16,0,1
BRDA:139,16,1,0
BRDA:156,17,0,1
BRDA:156,17,1,0
BRDA:168,18,0,1
BRDA:168,18,1,1
BRDA:184,19,0,1
BRDA:184,19,1,0
BRDA:193,20,0,1
BRDA:197,21,0,1
BRDA:197,21,1,1
BRDA:199,22,0,1
BRDA:199,22,1,0
BRDA:199,23,0,1
BRDA:199,23,1,1
BRDA:205,24,0,1
BRDA:205,24,1,0
BRDA:239,25,0,4
BRDA:239,25,1,2
BRDA:253,26,0,2
BRDA:255,27,0,0
BRDA:255,27,1,2
BRDA:267,28,0,0
BRDA:267,28,1,0
BRDA:272,29,0,0
BRDA:272,29,1,0
BRDA:275,30,0,4
BRDA:277,31,0,0
BRDA:277,31,1,4
BRDA:282,32,0,1
BRDA:282,32,1,3
BRDA:287,33,0,3
BRDA:291,34,0,1
BRDA:291,34,1,3
BRDA:296,35,0,1
BRDA:296,35,1,3
BRDA:303,36,0,1
BRDA:303,36,1,1
BRF:67
BRH:47
end_of_record
TN:
SF:src\utils\asyncHandler.js
FN:6,(anonymous_0)
FN:6,(anonymous_1)
FNF:2
FNH:0
FNDA:0,(anonymous_0)
FNDA:0,(anonymous_1)
DA:6,0
DA:7,0
DA:10,0
LF:3
LH:0
BRF:0
BRH:0
end_of_record
TN:
SF:src\utils\errors.js
FN:7,(anonymous_0)
FN:17,(anonymous_1)
FN:24,(anonymous_2)
FN:30,(anonymous_3)
FN:36,(anonymous_4)
FN:42,(anonymous_5)
FN:48,(anonymous_6)
FNF:7
FNH:3
FNDA:6,(anonymous_0)
FNDA:0,(anonymous_1)
FNDA:0,(anonymous_2)
FNDA:0,(anonymous_3)
FNDA:4,(anonymous_4)
FNDA:2,(anonymous_5)
FNDA:0,(anonymous_6)
DA:8,6
DA:9,6
DA:10,6
DA:11,6
DA:12,6
DA:18,0
DA:19,0
DA:25,0
DA:31,0
DA:37,4
DA:43,2
DA:49,0
DA:53,1
LF:13
LH:8
BRDA:7,0,0,0
BRDA:17,1,0,0
BRDA:24,2,0,0
BRDA:30,3,0,0
BRDA:36,4,0,0
BRDA:48,5,0,0
BRF:6
BRH:0
end_of_record
TN:
SF:src\utils\logger.js
FN:22,(anonymous_0)
FNF:1
FNH:1
FNDA:3,(anonymous_0)
DA:6,1
DA:7,1
DA:8,1
DA:11,1
DA:19,1
DA:23,3
DA:24,3
DA:25,3
DA:27,3
DA:32,1
DA:45,1
DA:46,0
DA:55,0
DA:64,1
LF:14
LH:12
BRDA:24,0,0,3
BRDA:24,0,1,0
BRDA:33,1,0,0
BRDA:33,1,1,1
BRDA:45,2,0,0
BRDA:45,2,1,1
BRF:6
BRH:3
end_of_record
TN:
SF:src\utils\uzLatToCyr.js
FN:11,uzLatToCyr
FN:17,(anonymous_1)
FN:18,(anonymous_2)
FN:21,(anonymous_3)
FN:22,(anonymous_4)
FN:23,(anonymous_5)
FN:24,(anonymous_6)
FN:25,(anonymous_7)
FN:26,(anonymous_8)
FN:27,(anonymous_9)
FN:30,(anonymous_10)
FN:31,(anonymous_11)
FN:32,(anonymous_12)
FN:33,(anonymous_13)
FN:34,(anonymous_14)
FN:35,(anonymous_15)
FN:36,(anonymous_16)
FN:37,(anonymous_17)
FN:38,(anonymous_18)
FN:39,(anonymous_19)
FN:40,(anonymous_20)
FN:41,(anonymous_21)
FN:42,(anonymous_22)
FN:43,(anonymous_23)
FN:44,(anonymous_24)
FN:45,(anonymous_25)
FN:46,(anonymous_26)
FN:47,(anonymous_27)
FN:48,(anonymous_28)
FN:49,(anonymous_29)
FN:50,(anonymous_30)
FN:51,(anonymous_31)
FN:52,(anonymous_32)
FN:53,(anonymous_33)
FNF:34
FNH:0
FNDA:0,uzLatToCyr
FNDA:0,(anonymous_1)
FNDA:0,(anonymous_2)
FNDA:0,(anonymous_3)
FNDA:0,(anonymous_4)
FNDA:0,(anonymous_5)
FNDA:0,(anonymous_6)
FNDA:0,(anonymous_7)
FNDA:0,(anonymous_8)
FNDA:0,(anonymous_9)
FNDA:0,(anonymous_10)
FNDA:0,(anonymous_11)
FNDA:0,(anonymous_12)
FNDA:0,(anonymous_13)
FNDA:0,(anonymous_14)
FNDA:0,(anonymous_15)
FNDA:0,(anonymous_16)
FNDA:0,(anonymous_17)
FNDA:0,(anonymous_18)
FNDA:0,(anonymous_19)
FNDA:0,(anonymous_20)
FNDA:0,(anonymous_21)
FNDA:0,(anonymous_22)
FNDA:0,(anonymous_23)
FNDA:0,(anonymous_24)
FNDA:0,(anonymous_25)
FNDA:0,(anonymous_26)
FNDA:0,(anonymous_27)
FNDA:0,(anonymous_28)
FNDA:0,(anonymous_29)
FNDA:0,(anonymous_30)
FNDA:0,(anonymous_31)
FNDA:0,(anonymous_32)
FNDA:0,(anonymous_33)
DA:12,0
DA:14,0
DA:17,0
DA:18,0
DA:21,0
DA:22,0
DA:23,0
DA:24,0
DA:25,0
DA:26,0
DA:27,0
DA:30,0
DA:31,0
DA:32,0
DA:33,0
DA:34,0
DA:35,0
DA:36,0
DA:37,0
DA:38,0
DA:39,0
DA:40,0
DA:41,0
DA:42,0
DA:43,0
DA:44,0
DA:45,0
DA:46,0
DA:47,0
DA:48,0
DA:49,0
DA:50,0
DA:51,0
DA:52,0
DA:53,0
DA:56,0
DA:58,0
DA:100,0
LF:38
LH:0
BRDA:12,0,0,0
BRDA:12,0,1,0
BRDA:17,1,0,0
BRDA:17,1,1,0
BRDA:18,2,0,0
BRDA:18,2,1,0
BRDA:21,3,0,0
BRDA:21,3,1,0
BRDA:22,4,0,0
BRDA:22,4,1,0
BRDA:23,5,0,0
BRDA:23,5,1,0
BRDA:24,6,0,0
BRDA:24,6,1,0
BRDA:25,7,0,0
BRDA:25,7,1,0
BRDA:26,8,0,0
BRDA:26,8,1,0
BRDA:27,9,0,0
BRDA:27,9,1,0
BRDA:30,10,0,0
BRDA:30,10,1,0
BRDA:31,11,0,0
BRDA:31,11,1,0
BRDA:32,12,0,0
BRDA:32,12,1,0
BRDA:33,13,0,0
BRDA:33,13,1,0
BRDA:34,14,0,0
BRDA:34,14,1,0
BRDA:35,15,0,0
BRDA:35,15,1,0
BRDA:36,16,0,0
BRDA:36,16,1,0
BRDA:37,17,0,0
BRDA:37,17,1,0
BRDA:38,18,0,0
BRDA:38,18,1,0
BRDA:39,19,0,0
BRDA:39,19,1,0
BRDA:40,20,0,0
BRDA:40,20,1,0
BRDA:41,21,0,0
BRDA:41,21,1,0
BRDA:42,22,0,0
BRDA:42,22,1,0
BRDA:43,23,0,0
BRDA:43,23,1,0
BRDA:44,24,0,0
BRDA:44,24,1,0
BRDA:45,25,0,0
BRDA:45,25,1,0
BRDA:46,26,0,0
BRDA:46,26,1,0
BRDA:47,27,0,0
BRDA:47,27,1,0
BRDA:48,28,0,0
BRDA:48,28,1,0
BRDA:49,29,0,0
BRDA:49,29,1,0
BRDA:50,30,0,0
BRDA:50,30,1,0
BRDA:51,31,0,0
BRDA:51,31,1,0
BRDA:52,32,0,0
BRDA:52,32,1,0
BRDA:53,33,0,0
BRDA:53,33,1,0
BRF:68
BRH:0
end_of_record
TN:
SF:src\validators\product.validator.js
FNF:0
FNH:0
DA:5,0
DA:7,0
DA:129,0
LF:3
LH:0
BRF:0
BRH:0
end_of_record
